  Cleaning UnrealAssetsEditor and UnrealHeaderTool binaries...
  Creating makefile for UnrealAssetsEditor (no existing makefile)
  Houdini Engine : Looking for Houdini Engine 18.0.287 in C:/Program Files/Side Effects Software/Houdini Engine 18.0.287
  Houdini Engine : Looking for Houdini 18.0.287 in C:/Program Files/Side Effects Software/Houdini 18.0.287
  Houdini Engine: Found Houdini in C:/Program Files/Side Effects Software/Houdini 18.0.287
  Parsing headers for UnrealAssetsEditor
    Running UnrealHeaderTool "D:\Unreal\UnrealAssets\UnrealAssets.uproject" "D:\Unreal\UnrealAssets\Intermediate\Build\Win64\UnrealAssetsEditor\Development\UnrealAssetsEditor.uhtmanifest" -LogCmds="loginit warning, logexit warning, logdatabase error" -Unattended -WarningsAsErrors -installed
  Reflection code generated for UnrealAssetsEditor in 4.80876 seconds
D:\Unreal\UnrealAssets\Source\UnrealAssets\DialogueNPCCharacter.cpp(1): error : Expected DialogueNPCCharacter.h to be first header included.
  Using Visual Studio 2019 14.23.28105 toolchain (C:\Program Files (x86)\Microsoft Visual Studio\2019\Community\VC\Tools\MSVC\14.23.28105) and Windows 10.0.18362.0 SDK (C:\Program Files (x86)\Windows Kits\10).
  Building 23 actions with 12 processes...
    [1/23] Default.rc2
    [2/23] SharedPCH.Engine.cpp
    [3/23] DialogueLinesStruct.cpp
    [4/23] FlyingPawn.cpp
    [5/23] DialogueStruct.cpp
    [6/23] TryGameMode.cpp
    [7/23] AnimalController.gen.cpp
    [8/23] DialogueStruct.gen.cpp
    [9/23] DialogueNPCCharacter.cpp
D:\Unreal\UnrealAssets\Source\UnrealAssets\DialogueNPCCharacter.cpp(14): warning C4996: 'USceneComponent::AttachTo': This function is deprecated, please use AttachToComponent instead. Please update your code to the new API before upgrading to the next release, otherwise your project will no longer compile.
    C:\Program Files\Epic Games\UE_4.23\Engine\Source\Runtime\Engine\Classes\Components/SceneComponent.h(658): note: see declaration of 'USceneComponent::AttachTo'
D:\Unreal\UnrealAssets\Source\UnrealAssets\DialogueNPCCharacter.cpp(18): warning C4996: 'USceneComponent::AttachTo': This function is deprecated, please use AttachToComponent instead. Please update your code to the new API before upgrading to the next release, otherwise your project will no longer compile.
    C:\Program Files\Epic Games\UE_4.23\Engine\Source\Runtime\Engine\Classes\Components/SceneComponent.h(658): note: see declaration of 'USceneComponent::AttachTo'
    [10/23] DialogueNPCCharacter.gen.cpp
    [11/23] AnimalController.cpp
    [12/23] UnrealAssets.init.gen.cpp
    [13/23] FlyingPawn.gen.cpp
    [14/23] TryGameMode.gen.cpp
    [15/23] UnrealAssetsGameMode.gen.cpp
    [16/23] DialogueLinesStruct.gen.cpp
    [17/23] UnrealAssetsGameMode.cpp
    [18/23] DialogUI.cpp
    [19/23] DialogUI.gen.cpp
    [20/23] UnrealAssets.cpp
    [21/23] UE4Editor-UnrealAssets.lib
       Creating library D:\Unreal\UnrealAssets\Intermediate\Build\Win64\UE4Editor\Development\UnrealAssets\UE4Editor-UnrealAssets.lib and object D:\Unreal\UnrealAssets\Intermediate\Build\Win64\UE4Editor\Development\UnrealAssets\UE4Editor-UnrealAssets.exp
    [22/23] UE4Editor-UnrealAssets.dll
       Creating library D:\Unreal\UnrealAssets\Intermediate\Build\Win64\UE4Editor\Development\UnrealAssets\UE4Editor-UnrealAssets.suppressed.lib and object D:\Unreal\UnrealAssets\Intermediate\Build\Win64\UE4Editor\Development\UnrealAssets\UE4Editor-UnrealAssets.suppressed.exp
    [23/23] UnrealAssetsEditor.target
  Total time in Parallel executor: 26.76 seconds
  Total execution time: 33.26 seconds
C:\Program Files (x86)\Microsoft Visual Studio\2019\Community\MSBuild\Microsoft\VC\v160\Microsoft.MakeFile.Targets(49,5): error MSB3073: The command ""C:\Program Files\Epic Games\UE_4.23\Engine\Build\BatchFiles\Rebuild.bat" UnrealAssetsEditor Win64 Development -Project="D:\Unreal\UnrealAssets\UnrealAssets.uproject" -WaitMutex -FromMsBuild" exited with code -1.
