Log file open, 12/30/19 13:28:48
LogWindows: Failed to load 'aqProf.dll' (GetLastError=126)
LogWindows: File 'aqProf.dll' does not exist
LogWindows: Failed to load 'VtuneApi.dll' (GetLastError=126)
LogWindows: File 'VtuneApi.dll' does not exist
LogWindows: Failed to load 'VtuneApi32e.dll' (GetLastError=126)
LogWindows: File 'VtuneApi32e.dll' does not exist
LogConsoleResponse: Display: Failed to find resolution value strings in scalability ini. Falling back to default.
LogInit: Display: Running engine for game: UnrealAssets
LogPlatformFile: Not using cached read wrapper
LogTaskGraph: Started task graph with 5 named threads and 23 total threads with 3 sets of task threads.
LogStats: Stats thread started at 0.099519
LogD3D11RHI: Loaded GFSDK_Aftermath_Lib.x64.dll
LogICUInternationalization: ICU TimeZone Detection - Raw Offset: +1:00, Platform Override: ''
LogPluginManager: Mounting plugin Paper2D
LogPluginManager: Mounting plugin AISupport
LogPluginManager: Mounting plugin LightPropagationVolume
LogPluginManager: Mounting plugin ActorLayerUtilities
LogPluginManager: Mounting plugin AnimationSharing
LogPluginManager: Mounting plugin CLionSourceCodeAccess
LogPluginManager: Mounting plugin CodeLiteSourceCodeAccess
LogPluginManager: Mounting plugin GitSourceControl
LogPluginManager: Mounting plugin KDevelopSourceCodeAccess
LogPluginManager: Mounting plugin NullSourceCodeAccess
LogPluginManager: Mounting plugin PerforceSourceControl
LogPluginManager: Mounting plugin SubversionSourceControl
LogPluginManager: Mounting plugin UObjectPlugin
LogPluginManager: Mounting plugin VisualStudioCodeSourceCodeAccess
LogPluginManager: Mounting plugin VisualStudioSourceCodeAccess
LogPluginManager: Mounting plugin XCodeSourceCodeAccess
LogPluginManager: Mounting plugin AssetManagerEditor
LogPluginManager: Mounting plugin CryptoKeys
LogPluginManager: Mounting plugin CurveEditorTools
LogPluginManager: Mounting plugin DataValidation
LogPluginManager: Mounting plugin FacialAnimation
LogPluginManager: Mounting plugin GameplayTagsEditor
LogPluginManager: Mounting plugin MacGraphicsSwitching
LogPluginManager: Mounting plugin MaterialAnalyzer
LogPluginManager: Mounting plugin MobileLauncherProfileWizard
LogPluginManager: Mounting plugin PluginBrowser
LogPluginManager: Mounting plugin SpeedTreeImporter
LogPluginManager: Mounting plugin DatasmithContent
LogPluginManager: Mounting plugin VariantManagerContent
LogPluginManager: Mounting plugin AlembicImporter
LogPluginManager: Mounting plugin AutomationUtils
LogPluginManager: Mounting plugin BackChannel
LogPluginManager: Mounting plugin CharacterAI
LogPluginManager: Mounting plugin GeometryCache
LogPluginManager: Mounting plugin HTML5Networking
LogPluginManager: Mounting plugin PlatformCrypto
LogPluginManager: Mounting plugin ProxyLODPlugin
LogPluginManager: Mounting plugin SkeletalReduction
LogPluginManager: Mounting plugin MagicLeap
LogPluginManager: Mounting plugin MagicLeapMedia
LogPluginManager: Mounting plugin AndroidMedia
LogPluginManager: Mounting plugin AvfMedia
LogPluginManager: Mounting plugin ImgMedia
LogPluginManager: Mounting plugin MediaCompositing
LogPluginManager: Mounting plugin MediaPlayerEditor
LogPluginManager: Mounting plugin WebMMedia
LogPluginManager: Mounting plugin WmfMedia
LogPluginManager: Mounting plugin TcpMessaging
LogPluginManager: Mounting plugin UdpMessaging
LogPluginManager: Mounting plugin ActorSequence
LogPluginManager: Mounting plugin LevelSequenceEditor
LogPluginManager: Mounting plugin MatineeToLevelSequence
LogPluginManager: Mounting plugin NetcodeUnitTest
LogPluginManager: Mounting plugin NUTUnrealEngine4
LogPluginManager: Mounting plugin OnlineSubsystemGooglePlay
LogPluginManager: Mounting plugin OnlineSubsystemIOS
LogPluginManager: Mounting plugin OnlineSubsystem
LogPluginManager: Mounting plugin OnlineSubsystemNull
LogPluginManager: Mounting plugin OnlineSubsystemUtils
LogPluginManager: Mounting plugin LauncherChunkInstaller
LogPluginManager: Mounting plugin AndroidDeviceProfileSelector
LogPluginManager: Mounting plugin AndroidMoviePlayer
LogPluginManager: Mounting plugin AndroidPermission
LogPluginManager: Mounting plugin AppleImageUtils
LogPluginManager: Mounting plugin AppleMoviePlayer
LogPluginManager: Mounting plugin ArchVisCharacter
LogPluginManager: Mounting plugin AudioCapture
LogPluginManager: Mounting plugin CableComponent
LogPluginManager: Mounting plugin CustomMeshComponent
LogPluginManager: Mounting plugin EditableMesh
LogPluginManager: Mounting plugin ExampleDeviceProfileSelector
LogPluginManager: Mounting plugin GoogleCloudMessaging
LogPluginManager: Mounting plugin IOSDeviceProfileSelector
LogPluginManager: Mounting plugin LinuxDeviceProfileSelector
LogPluginManager: Mounting plugin LocationServicesBPLibrary
LogPluginManager: Mounting plugin MobilePatchingUtils
LogPluginManager: Mounting plugin OculusVR
LogPluginManager: Mounting plugin PhysXVehicles
LogPluginManager: Mounting plugin ProceduralMeshComponent
LogPluginManager: Mounting plugin RuntimePhysXCooking
LogPluginManager: Mounting plugin SignificanceManager
LogPluginManager: Mounting plugin SteamVR
LogPluginManager: Mounting plugin WebMMoviePlayer
LogPluginManager: Mounting plugin WindowsMoviePlayer
LogPluginManager: Mounting plugin ScreenshotTools
LogInit: Using libcurl 7.55.1-DEV
LogInit:  - built for x86_64-pc-win32
LogInit:  - supports SSL with OpenSSL/1.1.1
LogInit:  - supports HTTP deflate (compression) using libz 1.2.8
LogInit:  - other features:
LogInit:      CURL_VERSION_SSL
LogInit:      CURL_VERSION_LIBZ
LogInit:      CURL_VERSION_IPV6
LogInit:      CURL_VERSION_ASYNCHDNS
LogInit:      CURL_VERSION_LARGEFILE
LogInit:      CURL_VERSION_IDN
LogInit:  CurlRequestOptions (configurable via config and command line):
LogInit:  - bVerifyPeer = true  - Libcurl will verify peer certificate
LogInit:  - bUseHttpProxy = false  - Libcurl will NOT use HTTP proxy
LogInit:  - bDontReuseConnections = false  - Libcurl will reuse connections
LogInit:  - MaxHostConnections = 16  - Libcurl will limit the number of connections to a host
LogInit:  - LocalHostAddr = Default
LogInit:  - BufferSize = 65536
LogOnline: OSS: Creating online subsystem instance for: NULL
LogInit: WinSock: version 1.1 (2.2), MaxSocks=32767, MaxUdp=65467
LogInit: Build: ++UE4+Release-4.23-CL-9631420
LogInit: Engine Version: 4.23.1-9631420+++UE4+Release-4.23
LogInit: Compatible Engine Version: 4.23.0-8386587+++UE4+Release-4.23
LogInit: Net CL: 8386587
LogInit: OS: Windows 10 (Release 1903) (), CPU: Intel(R) Core(TM) i7-6700HQ CPU @ 2.60GHz, GPU: Intel(R) HD Graphics 530
LogInit: Compiled (64-bit): Oct 18 2019 02:07:44
LogInit: Compiled with Visual C++: 19.16.27030.01
LogInit: Build Configuration: Development
LogInit: Branch Name: ++UE4+Release-4.23
LogInit: Command Line: 
LogInit: Base Directory: C:/Program Files/Epic Games/UE_4.23/Engine/Binaries/Win64/
LogInit: Installed Engine Build: 1
LogDevObjectVersion: Number of dev versions registered: 23
LogDevObjectVersion:   Dev-Blueprints (B0D832E4-1F89-4F0D-ACCF-7EB736FD4AA2): 10
LogDevObjectVersion:   Dev-Build (E1C64328-A22C-4D53-A36C-8E866417BD8C): 0
LogDevObjectVersion:   Dev-Core (375EC13C-06E4-48FB-B500-84F0262A717E): 3
LogDevObjectVersion:   Dev-Editor (E4B068ED-F494-42E9-A231-DA0B2E46BB41): 34
LogDevObjectVersion:   Dev-Framework (CFFC743F-43B0-4480-9391-14DF171D2073): 35
LogDevObjectVersion:   Dev-Mobile (B02B49B5-BB20-44E9-A304-32B752E40360): 2
LogDevObjectVersion:   Dev-Networking (A4E4105C-59A1-49B5-A7C5-40C4547EDFEE): 0
LogDevObjectVersion:   Dev-Online (39C831C9-5AE6-47DC-9A44-9C173E1C8E7C): 0
LogDevObjectVersion:   Dev-Physics (78F01B33-EBEA-4F98-B9B4-84EACCB95AA2): 0
LogDevObjectVersion:   Dev-Platform (6631380F-2D4D-43E0-8009-CF276956A95A): 0
LogDevObjectVersion:   Dev-Rendering (12F88B9F-8875-4AFC-A67C-D90C383ABD29): 31
LogDevObjectVersion:   Dev-Sequencer (7B5AE74C-D270-4C10-A958-57980B212A5A): 11
LogDevObjectVersion:   Dev-VR (D7296918-1DD6-4BDD-9DE2-64A83CC13884): 2
LogDevObjectVersion:   Dev-LoadTimes (C2A15278-BFE7-4AFE-6C17-90FF531DF755): 1
LogDevObjectVersion:   Private-Geometry (6EACA3D4-40EC-4CC1-B786-8BED09428FC5): 3
LogDevObjectVersion:   Dev-AnimPhys (29E575DD-E0A3-4627-9D10-D276232CDCEA): 17
LogDevObjectVersion:   Dev-Anim (AF43A65D-7FD3-4947-9873-3E8ED9C1BB05): 2
LogDevObjectVersion:   Dev-ReflectionCapture (6B266CEC-1EC7-4B8F-A30B-E4D90942FC07): 1
LogDevObjectVersion:   Dev-Automation (0DF73D61-A23F-47EA-B727-89E90C41499A): 1
LogDevObjectVersion:   FortniteMain (601D1886-AC64-4F84-AA16-D3DE0DEAC7D6): 27
LogDevObjectVersion:   Dev-Enterprise (9DFFBCD6-494F-0158-E221-12823C92A888): 6
LogDevObjectVersion:   Dev-Niagara (F2AED0AC-9AFE-416F-8664-AA7FFA26D6FC): 1
LogDevObjectVersion:   Dev-Destruction (174F1F0B-B4C6-45A5-B13F-2EE8D0FB917D): 9
LogInit: Presizing for max 16777216 objects, including 0 objects not considered by GC, pre-allocating 0 bytes for permanent pool.
LogInit: Object subsystem initialized
LogConfig: Setting CVar [[con.DebugEarlyDefault:1]]
LogConfig: Setting CVar [[r.setres:1280x720]]
[2019.12.30-12.28.48:987][  0]LogConfig: Setting CVar [[r.VSync:0]]
[2019.12.30-12.28.48:987][  0]LogConfig: Setting CVar [[r.RHICmdBypass:0]]
[2019.12.30-12.28.48:987][  0]LogConfig: Applying CVar settings from Section [/Script/Engine.RendererSettings] File [D:/GitHub/Unreal_CPP/UnrealCPP/Saved/Config/Windows/Engine.ini]
[2019.12.30-12.28.48:987][  0]LogConfig: Setting CVar [[r.GPUCrashDebugging:0]]
[2019.12.30-12.28.48:987][  0]LogConfig: Setting CVar [[r.GenerateMeshDistanceFields:0]]
[2019.12.30-12.28.48:987][  0]LogConfig: Setting CVar [[r.DistanceFieldBuild.Compress:1]]
[2019.12.30-12.28.48:987][  0]LogConfig: Applying CVar settings from Section [/Script/Engine.RendererOverrideSettings] File [D:/GitHub/Unreal_CPP/UnrealCPP/Saved/Config/Windows/Engine.ini]
[2019.12.30-12.28.48:987][  0]LogConfig: Applying CVar settings from Section [/Script/Engine.StreamingSettings] File [D:/GitHub/Unreal_CPP/UnrealCPP/Saved/Config/Windows/Engine.ini]
[2019.12.30-12.28.48:987][  0]LogConfig: Setting CVar [[s.MinBulkDataSizeForAsyncLoading:131072]]
[2019.12.30-12.28.48:987][  0]LogConfig: Setting CVar [[s.AsyncLoadingThreadEnabled:0]]
[2019.12.30-12.28.48:987][  0]LogConfig: Setting CVar [[s.EventDrivenLoaderEnabled:1]]
[2019.12.30-12.28.48:987][  0]LogConfig: Setting CVar [[s.WarnIfTimeLimitExceeded:0]]
[2019.12.30-12.28.48:987][  0]LogConfig: Setting CVar [[s.TimeLimitExceededMultiplier:1.5]]
[2019.12.30-12.28.48:987][  0]LogConfig: Setting CVar [[s.TimeLimitExceededMinTime:0.005]]
[2019.12.30-12.28.48:987][  0]LogConfig: Setting CVar [[s.UseBackgroundLevelStreaming:1]]
[2019.12.30-12.28.48:987][  0]LogConfig: Setting CVar [[s.PriorityAsyncLoadingExtraTime:15.0]]
[2019.12.30-12.28.48:987][  0]LogConfig: Setting CVar [[s.LevelStreamingActorsUpdateTimeLimit:5.0]]
[2019.12.30-12.28.48:987][  0]LogConfig: Setting CVar [[s.PriorityLevelStreamingActorsUpdateExtraTime:5.0]]
[2019.12.30-12.28.48:987][  0]LogConfig: Setting CVar [[s.LevelStreamingComponentsRegistrationGranularity:10]]
[2019.12.30-12.28.48:987][  0]LogConfig: Setting CVar [[s.UnregisterComponentsTimeLimit:1.0]]
[2019.12.30-12.28.48:987][  0]LogConfig: Setting CVar [[s.LevelStreamingComponentsUnregistrationGranularity:5]]
[2019.12.30-12.28.48:987][  0]LogConfig: Applying CVar settings from Section [/Script/Engine.GarbageCollectionSettings] File [D:/GitHub/Unreal_CPP/UnrealCPP/Saved/Config/Windows/Engine.ini]
[2019.12.30-12.28.48:987][  0]LogConfig: Setting CVar [[gc.MaxObjectsNotConsideredByGC:1]]
[2019.12.30-12.28.48:987][  0]LogConfig: Setting CVar [[gc.SizeOfPermanentObjectPool:0]]
[2019.12.30-12.28.48:987][  0]LogConfig: Setting CVar [[gc.FlushStreamingOnGC:0]]
[2019.12.30-12.28.48:987][  0]LogConfig: Setting CVar [[gc.NumRetriesBeforeForcingGC:10]]
[2019.12.30-12.28.48:987][  0]LogConfig: Setting CVar [[gc.AllowParallelGC:1]]
[2019.12.30-12.28.48:987][  0]LogConfig: Setting CVar [[gc.TimeBetweenPurgingPendingKillObjects:61.1]]
[2019.12.30-12.28.48:987][  0]LogConfig: Setting CVar [[gc.MaxObjectsInEditor:16777216]]
[2019.12.30-12.28.48:987][  0]LogConfig: Setting CVar [[gc.IncrementalBeginDestroyEnabled:1]]
[2019.12.30-12.28.48:988][  0]LogConfig: Setting CVar [[gc.CreateGCClusters:1]]
[2019.12.30-12.28.48:988][  0]LogConfig: Setting CVar [[gc.MinGCClusterSize:5]]
[2019.12.30-12.28.48:988][  0]LogConfig: Setting CVar [[gc.ActorClusteringEnabled:0]]
[2019.12.30-12.28.48:988][  0]LogConfig: Setting CVar [[gc.BlueprintClusteringEnabled:0]]
[2019.12.30-12.28.48:988][  0]LogConfig: Setting CVar [[gc.UseDisregardForGCOnDedicatedServers:0]]
[2019.12.30-12.28.48:988][  0]LogConfig: Applying CVar settings from Section [/Script/Engine.NetworkSettings] File [D:/GitHub/Unreal_CPP/UnrealCPP/Saved/Config/Windows/Engine.ini]
[2019.12.30-12.28.48:988][  0]LogConfig: Applying CVar settings from Section [/Script/UnrealEd.CookerSettings] File [D:/GitHub/Unreal_CPP/UnrealCPP/Saved/Config/Windows/Engine.ini]
[2019.12.30-12.28.48:990][  0]LogConfig: Applying CVar settings from Section [ViewDistanceQuality@3] File [D:/GitHub/Unreal_CPP/UnrealCPP/Saved/Config/Windows/Scalability.ini]
[2019.12.30-12.28.48:990][  0]LogConfig: Setting CVar [[r.SkeletalMeshLODBias:0]]
[2019.12.30-12.28.48:990][  0]LogConfig: Setting CVar [[r.ViewDistanceScale:1.0]]
[2019.12.30-12.28.48:990][  0]LogConfig: Applying CVar settings from Section [AntiAliasingQuality@3] File [D:/GitHub/Unreal_CPP/UnrealCPP/Saved/Config/Windows/Scalability.ini]
[2019.12.30-12.28.48:990][  0]LogConfig: Setting CVar [[r.PostProcessAAQuality:4]]
[2019.12.30-12.28.48:990][  0]LogConfig: Applying CVar settings from Section [ShadowQuality@3] File [D:/GitHub/Unreal_CPP/UnrealCPP/Saved/Config/Windows/Scalability.ini]
[2019.12.30-12.28.48:990][  0]LogConfig: Setting CVar [[r.LightFunctionQuality:1]]
[2019.12.30-12.28.48:990][  0]LogConfig: Setting CVar [[r.ShadowQuality:5]]
[2019.12.30-12.28.48:990][  0]LogConfig: Setting CVar [[r.Shadow.CSM.MaxCascades:10]]
[2019.12.30-12.28.48:990][  0]LogConfig: Setting CVar [[r.Shadow.MaxResolution:2048]]
[2019.12.30-12.28.48:990][  0]LogConfig: Setting CVar [[r.Shadow.MaxCSMResolution:2048]]
[2019.12.30-12.28.48:990][  0]LogConfig: Setting CVar [[r.Shadow.RadiusThreshold:0.01]]
[2019.12.30-12.28.48:990][  0]LogConfig: Setting CVar [[r.Shadow.DistanceScale:1.0]]
[2019.12.30-12.28.48:990][  0]LogConfig: Setting CVar [[r.Shadow.CSM.TransitionScale:1.0]]
[2019.12.30-12.28.48:990][  0]LogConfig: Setting CVar [[r.Shadow.PreShadowResolutionFactor:1.0]]
[2019.12.30-12.28.48:990][  0]LogConfig: Setting CVar [[r.DistanceFieldShadowing:1]]
[2019.12.30-12.28.48:990][  0]LogConfig: Setting CVar [[r.DistanceFieldAO:1]]
[2019.12.30-12.28.48:990][  0]LogConfig: Setting CVar [[r.AOQuality:2]]
[2019.12.30-12.28.48:990][  0]LogConfig: Setting CVar [[r.VolumetricFog:1]]
[2019.12.30-12.28.48:990][  0]LogConfig: Setting CVar [[r.VolumetricFog.GridPixelSize:8]]
[2019.12.30-12.28.48:990][  0]LogConfig: Setting CVar [[r.VolumetricFog.GridSizeZ:128]]
[2019.12.30-12.28.48:990][  0]LogConfig: Setting CVar [[r.VolumetricFog.HistoryMissSupersampleCount:4]]
[2019.12.30-12.28.48:990][  0]LogConfig: Setting CVar [[r.LightMaxDrawDistanceScale:1]]
[2019.12.30-12.28.48:990][  0]LogConfig: Setting CVar [[r.CapsuleShadows:1]]
[2019.12.30-12.28.48:990][  0]LogConfig: Applying CVar settings from Section [PostProcessQuality@3] File [D:/GitHub/Unreal_CPP/UnrealCPP/Saved/Config/Windows/Scalability.ini]
[2019.12.30-12.28.48:990][  0]LogConfig: Setting CVar [[r.MotionBlurQuality:4]]
[2019.12.30-12.28.48:990][  0]LogConfig: Setting CVar [[r.AmbientOcclusionMipLevelFactor:0.4]]
[2019.12.30-12.28.48:991][  0]LogConfig: Setting CVar [[r.AmbientOcclusionMaxQuality:100]]
[2019.12.30-12.28.48:991][  0]LogConfig: Setting CVar [[r.AmbientOcclusionLevels:-1]]
[2019.12.30-12.28.48:991][  0]LogConfig: Setting CVar [[r.AmbientOcclusionRadiusScale:1.0]]
[2019.12.30-12.28.48:991][  0]LogConfig: Setting CVar [[r.DepthOfFieldQuality:2]]
[2019.12.30-12.28.48:991][  0]LogConfig: Setting CVar [[r.RenderTargetPoolMin:400]]
[2019.12.30-12.28.48:991][  0]LogConfig: Setting CVar [[r.LensFlareQuality:2]]
[2019.12.30-12.28.48:991][  0]LogConfig: Setting CVar [[r.SceneColorFringeQuality:1]]
[2019.12.30-12.28.48:991][  0]LogConfig: Setting CVar [[r.EyeAdaptationQuality:2]]
[2019.12.30-12.28.48:991][  0]LogConfig: Setting CVar [[r.BloomQuality:5]]
[2019.12.30-12.28.48:991][  0]LogConfig: Setting CVar [[r.FastBlurThreshold:100]]
[2019.12.30-12.28.48:991][  0]LogConfig: Setting CVar [[r.Upscale.Quality:3]]
[2019.12.30-12.28.48:991][  0]LogConfig: Setting CVar [[r.Tonemapper.GrainQuantization:1]]
[2019.12.30-12.28.48:991][  0]LogConfig: Setting CVar [[r.LightShaftQuality:1]]
[2019.12.30-12.28.48:991][  0]LogConfig: Setting CVar [[r.Filter.SizeScale:1]]
[2019.12.30-12.28.48:991][  0]LogConfig: Setting CVar [[r.Tonemapper.Quality:5]]
[2019.12.30-12.28.48:991][  0]LogConfig: Setting CVar [[r.DOF.Gather.AccumulatorQuality:1        ; higher gathering accumulator quality]]
[2019.12.30-12.28.48:991][  0]LogConfig: Setting CVar [[r.DOF.Gather.PostfilterMethod:1          ; Median3x3 postfilering method]]
[2019.12.30-12.28.48:991][  0]LogConfig: Setting CVar [[r.DOF.Gather.EnableBokehSettings:0       ; no bokeh simulation when gathering]]
[2019.12.30-12.28.48:991][  0]LogConfig: Setting CVar [[r.DOF.Gather.RingCount:4                 ; medium number of samples when gathering]]
[2019.12.30-12.28.48:991][  0]LogConfig: Setting CVar [[r.DOF.Scatter.ForegroundCompositing:1    ; additive foreground scattering]]
[2019.12.30-12.28.48:991][  0]LogConfig: Setting CVar [[r.DOF.Scatter.BackgroundCompositing:2    ; additive background scattering]]
[2019.12.30-12.28.48:991][  0]LogConfig: Setting CVar [[r.DOF.Scatter.EnableBokehSettings:1      ; bokeh simulation when scattering]]
[2019.12.30-12.28.48:991][  0]LogConfig: Setting CVar [[r.DOF.Scatter.MaxSpriteRatio:0.1         ; only a maximum of 10% of scattered bokeh]]
[2019.12.30-12.28.48:991][  0]LogConfig: Setting CVar [[r.DOF.Recombine.Quality:1                ; cheap slight out of focus]]
[2019.12.30-12.28.48:991][  0]LogConfig: Setting CVar [[r.DOF.Recombine.EnableBokehSettings:0    ; no bokeh simulation on slight out of focus]]
[2019.12.30-12.28.48:991][  0]LogConfig: Setting CVar [[r.DOF.TemporalAAQuality:1                ; more stable temporal accumulation]]
[2019.12.30-12.28.48:991][  0]LogConfig: Setting CVar [[r.DOF.Kernel.MaxForegroundRadius:0.025]]
[2019.12.30-12.28.48:991][  0]LogConfig: Setting CVar [[r.DOF.Kernel.MaxBackgroundRadius:0.025]]
[2019.12.30-12.28.48:991][  0]LogConfig: Applying CVar settings from Section [TextureQuality@3] File [D:/GitHub/Unreal_CPP/UnrealCPP/Saved/Config/Windows/Scalability.ini]
[2019.12.30-12.28.48:991][  0]LogConfig: Setting CVar [[r.Streaming.MipBias:0]]
[2019.12.30-12.28.48:991][  0]LogConfig: Setting CVar [[r.Streaming.AmortizeCPUToGPUCopy:0]]
[2019.12.30-12.28.48:991][  0]LogConfig: Setting CVar [[r.Streaming.MaxNumTexturesToStreamPerFrame:0]]
[2019.12.30-12.28.48:991][  0]LogConfig: Setting CVar [[r.Streaming.Boost:1]]
[2019.12.30-12.28.48:991][  0]LogConfig: Setting CVar [[r.MaxAnisotropy:8]]
[2019.12.30-12.28.48:991][  0]LogConfig: Setting CVar [[r.Streaming.LimitPoolSizeToVRAM:0]]
[2019.12.30-12.28.48:991][  0]LogConfig: Setting CVar [[r.Streaming.PoolSize:1000]]
[2019.12.30-12.28.48:991][  0]LogConfig: Setting CVar [[r.Streaming.MaxEffectiveScreenSize:0]]
[2019.12.30-12.28.48:991][  0]LogConfig: Applying CVar settings from Section [EffectsQuality@3] File [D:/GitHub/Unreal_CPP/UnrealCPP/Saved/Config/Windows/Scalability.ini]
[2019.12.30-12.28.48:991][  0]LogConfig: Setting CVar [[r.TranslucencyLightingVolumeDim:64]]
[2019.12.30-12.28.48:991][  0]LogConfig: Setting CVar [[r.RefractionQuality:2]]
[2019.12.30-12.28.48:991][  0]LogConfig: Setting CVar [[r.SSR.Quality:3]]
[2019.12.30-12.28.48:991][  0]LogConfig: Setting CVar [[r.SceneColorFormat:4]]
[2019.12.30-12.28.48:991][  0]LogConfig: Setting CVar [[r.DetailMode:2]]
[2019.12.30-12.28.48:991][  0]LogConfig: Setting CVar [[r.TranslucencyVolumeBlur:1]]
[2019.12.30-12.28.48:991][  0]LogConfig: Setting CVar [[r.MaterialQualityLevel:1 ; High quality]]
[2019.12.30-12.28.48:991][  0]LogConfig: Setting CVar [[r.SSS.Scale:1]]
[2019.12.30-12.28.48:991][  0]LogConfig: Setting CVar [[r.SSS.SampleSet:2]]
[2019.12.30-12.28.48:991][  0]LogConfig: Setting CVar [[r.SSS.Quality:1]]
[2019.12.30-12.28.48:991][  0]LogConfig: Setting CVar [[r.SSS.HalfRes:1]]
[2019.12.30-12.28.48:991][  0]LogConfig: Setting CVar [[r.EmitterSpawnRateScale:1.0]]
[2019.12.30-12.28.48:991][  0]LogConfig: Setting CVar [[r.ParticleLightQuality:2]]
[2019.12.30-12.28.48:991][  0]LogConfig: Applying CVar settings from Section [FoliageQuality@3] File [D:/GitHub/Unreal_CPP/UnrealCPP/Saved/Config/Windows/Scalability.ini]
[2019.12.30-12.28.48:991][  0]LogConfig: Setting CVar [[foliage.DensityScale:1.0]]
[2019.12.30-12.28.48:991][  0]LogConfig: Setting CVar [[grass.DensityScale:1.0]]
[2019.12.30-12.28.48:991][  0]LogInit: Selected Device Profile: [Windows]
[2019.12.30-12.28.48:992][  0]LogInit: Applying CVar settings loaded from the selected device profile: [Windows]
[2019.12.30-12.28.48:995][  0]LogHAL: Display: Platform has ~ 16 GB [17070579712 / 17179869184 / 16], which maps to Larger [LargestMinGB=32, LargerMinGB=12, DefaultMinGB=8, SmallerMinGB=6, SmallestMinGB=0)
[2019.12.30-12.28.48:995][  0]LogInit: Going up to parent DeviceProfile []
[2019.12.30-12.28.48:995][  0]LogConfig: Applying CVar settings from Section [ViewDistanceQuality@3] File [D:/GitHub/Unreal_CPP/UnrealCPP/Saved/Config/Windows/Scalability.ini]
[2019.12.30-12.28.48:995][  0]LogConfig: Setting CVar [[r.SkeletalMeshLODBias:0]]
[2019.12.30-12.28.48:995][  0]LogConfig: Setting CVar [[r.ViewDistanceScale:1.0]]
[2019.12.30-12.28.48:995][  0]LogConfig: Applying CVar settings from Section [AntiAliasingQuality@3] File [D:/GitHub/Unreal_CPP/UnrealCPP/Saved/Config/Windows/Scalability.ini]
[2019.12.30-12.28.48:995][  0]LogConfig: Setting CVar [[r.PostProcessAAQuality:4]]
[2019.12.30-12.28.48:995][  0]LogConfig: Applying CVar settings from Section [ShadowQuality@3] File [D:/GitHub/Unreal_CPP/UnrealCPP/Saved/Config/Windows/Scalability.ini]
[2019.12.30-12.28.48:995][  0]LogConfig: Setting CVar [[r.LightFunctionQuality:1]]
[2019.12.30-12.28.48:995][  0]LogConfig: Setting CVar [[r.ShadowQuality:5]]
[2019.12.30-12.28.48:995][  0]LogConfig: Setting CVar [[r.Shadow.CSM.MaxCascades:10]]
[2019.12.30-12.28.48:995][  0]LogConfig: Setting CVar [[r.Shadow.MaxResolution:2048]]
[2019.12.30-12.28.48:995][  0]LogConfig: Setting CVar [[r.Shadow.MaxCSMResolution:2048]]
[2019.12.30-12.28.48:995][  0]LogConfig: Setting CVar [[r.Shadow.RadiusThreshold:0.01]]
[2019.12.30-12.28.48:995][  0]LogConfig: Setting CVar [[r.Shadow.DistanceScale:1.0]]
[2019.12.30-12.28.48:995][  0]LogConfig: Setting CVar [[r.Shadow.CSM.TransitionScale:1.0]]
[2019.12.30-12.28.48:995][  0]LogConfig: Setting CVar [[r.Shadow.PreShadowResolutionFactor:1.0]]
[2019.12.30-12.28.48:995][  0]LogConfig: Setting CVar [[r.DistanceFieldShadowing:1]]
[2019.12.30-12.28.48:995][  0]LogConfig: Setting CVar [[r.DistanceFieldAO:1]]
[2019.12.30-12.28.48:995][  0]LogConfig: Setting CVar [[r.AOQuality:2]]
[2019.12.30-12.28.48:995][  0]LogConfig: Setting CVar [[r.VolumetricFog:1]]
[2019.12.30-12.28.48:995][  0]LogConfig: Setting CVar [[r.VolumetricFog.GridPixelSize:8]]
[2019.12.30-12.28.48:995][  0]LogConfig: Setting CVar [[r.VolumetricFog.GridSizeZ:128]]
[2019.12.30-12.28.48:995][  0]LogConfig: Setting CVar [[r.VolumetricFog.HistoryMissSupersampleCount:4]]
[2019.12.30-12.28.48:995][  0]LogConfig: Setting CVar [[r.LightMaxDrawDistanceScale:1]]
[2019.12.30-12.28.48:995][  0]LogConfig: Setting CVar [[r.CapsuleShadows:1]]
[2019.12.30-12.28.48:995][  0]LogConfig: Applying CVar settings from Section [PostProcessQuality@3] File [D:/GitHub/Unreal_CPP/UnrealCPP/Saved/Config/Windows/Scalability.ini]
[2019.12.30-12.28.48:995][  0]LogConfig: Setting CVar [[r.MotionBlurQuality:4]]
[2019.12.30-12.28.48:995][  0]LogConfig: Setting CVar [[r.AmbientOcclusionMipLevelFactor:0.4]]
[2019.12.30-12.28.48:995][  0]LogConfig: Setting CVar [[r.AmbientOcclusionMaxQuality:100]]
[2019.12.30-12.28.48:995][  0]LogConfig: Setting CVar [[r.AmbientOcclusionLevels:-1]]
[2019.12.30-12.28.48:995][  0]LogConfig: Setting CVar [[r.AmbientOcclusionRadiusScale:1.0]]
[2019.12.30-12.28.48:995][  0]LogConfig: Setting CVar [[r.DepthOfFieldQuality:2]]
[2019.12.30-12.28.48:995][  0]LogConfig: Setting CVar [[r.RenderTargetPoolMin:400]]
[2019.12.30-12.28.48:996][  0]LogConfig: Setting CVar [[r.LensFlareQuality:2]]
[2019.12.30-12.28.48:996][  0]LogConfig: Setting CVar [[r.SceneColorFringeQuality:1]]
[2019.12.30-12.28.48:996][  0]LogConfig: Setting CVar [[r.EyeAdaptationQuality:2]]
[2019.12.30-12.28.48:996][  0]LogConfig: Setting CVar [[r.BloomQuality:5]]
[2019.12.30-12.28.48:996][  0]LogConfig: Setting CVar [[r.FastBlurThreshold:100]]
[2019.12.30-12.28.48:996][  0]LogConfig: Setting CVar [[r.Upscale.Quality:3]]
[2019.12.30-12.28.48:996][  0]LogConfig: Setting CVar [[r.Tonemapper.GrainQuantization:1]]
[2019.12.30-12.28.48:996][  0]LogConfig: Setting CVar [[r.LightShaftQuality:1]]
[2019.12.30-12.28.48:996][  0]LogConfig: Setting CVar [[r.Filter.SizeScale:1]]
[2019.12.30-12.28.48:996][  0]LogConfig: Setting CVar [[r.Tonemapper.Quality:5]]
[2019.12.30-12.28.48:996][  0]LogConfig: Setting CVar [[r.DOF.Gather.AccumulatorQuality:1        ; higher gathering accumulator quality]]
[2019.12.30-12.28.48:996][  0]LogConfig: Setting CVar [[r.DOF.Gather.PostfilterMethod:1          ; Median3x3 postfilering method]]
[2019.12.30-12.28.48:996][  0]LogConfig: Setting CVar [[r.DOF.Gather.EnableBokehSettings:0       ; no bokeh simulation when gathering]]
[2019.12.30-12.28.48:996][  0]LogConfig: Setting CVar [[r.DOF.Gather.RingCount:4                 ; medium number of samples when gathering]]
[2019.12.30-12.28.48:996][  0]LogConfig: Setting CVar [[r.DOF.Scatter.ForegroundCompositing:1    ; additive foreground scattering]]
[2019.12.30-12.28.48:996][  0]LogConfig: Setting CVar [[r.DOF.Scatter.BackgroundCompositing:2    ; additive background scattering]]
[2019.12.30-12.28.48:996][  0]LogConfig: Setting CVar [[r.DOF.Scatter.EnableBokehSettings:1      ; bokeh simulation when scattering]]
[2019.12.30-12.28.48:996][  0]LogConfig: Setting CVar [[r.DOF.Scatter.MaxSpriteRatio:0.1         ; only a maximum of 10% of scattered bokeh]]
[2019.12.30-12.28.48:996][  0]LogConfig: Setting CVar [[r.DOF.Recombine.Quality:1                ; cheap slight out of focus]]
[2019.12.30-12.28.48:996][  0]LogConfig: Setting CVar [[r.DOF.Recombine.EnableBokehSettings:0    ; no bokeh simulation on slight out of focus]]
[2019.12.30-12.28.48:996][  0]LogConfig: Setting CVar [[r.DOF.TemporalAAQuality:1                ; more stable temporal accumulation]]
[2019.12.30-12.28.48:996][  0]LogConfig: Setting CVar [[r.DOF.Kernel.MaxForegroundRadius:0.025]]
[2019.12.30-12.28.48:996][  0]LogConfig: Setting CVar [[r.DOF.Kernel.MaxBackgroundRadius:0.025]]
[2019.12.30-12.28.48:996][  0]LogConfig: Applying CVar settings from Section [TextureQuality@3] File [D:/GitHub/Unreal_CPP/UnrealCPP/Saved/Config/Windows/Scalability.ini]
[2019.12.30-12.28.48:996][  0]LogConfig: Setting CVar [[r.Streaming.MipBias:0]]
[2019.12.30-12.28.48:996][  0]LogConfig: Setting CVar [[r.Streaming.AmortizeCPUToGPUCopy:0]]
[2019.12.30-12.28.48:996][  0]LogConfig: Setting CVar [[r.Streaming.MaxNumTexturesToStreamPerFrame:0]]
[2019.12.30-12.28.48:996][  0]LogConfig: Setting CVar [[r.Streaming.Boost:1]]
[2019.12.30-12.28.48:996][  0]LogConfig: Setting CVar [[r.MaxAnisotropy:8]]
[2019.12.30-12.28.48:996][  0]LogConfig: Setting CVar [[r.Streaming.LimitPoolSizeToVRAM:0]]
[2019.12.30-12.28.48:996][  0]LogConfig: Setting CVar [[r.Streaming.PoolSize:1000]]
[2019.12.30-12.28.48:996][  0]LogConfig: Setting CVar [[r.Streaming.MaxEffectiveScreenSize:0]]
[2019.12.30-12.28.48:996][  0]LogConfig: Applying CVar settings from Section [EffectsQuality@3] File [D:/GitHub/Unreal_CPP/UnrealCPP/Saved/Config/Windows/Scalability.ini]
[2019.12.30-12.28.48:996][  0]LogConfig: Setting CVar [[r.TranslucencyLightingVolumeDim:64]]
[2019.12.30-12.28.48:996][  0]LogConfig: Setting CVar [[r.RefractionQuality:2]]
[2019.12.30-12.28.48:996][  0]LogConfig: Setting CVar [[r.SSR.Quality:3]]
[2019.12.30-12.28.48:996][  0]LogConfig: Setting CVar [[r.SceneColorFormat:4]]
[2019.12.30-12.28.48:996][  0]LogConfig: Setting CVar [[r.DetailMode:2]]
[2019.12.30-12.28.48:996][  0]LogConfig: Setting CVar [[r.TranslucencyVolumeBlur:1]]
[2019.12.30-12.28.48:996][  0]LogConfig: Setting CVar [[r.MaterialQualityLevel:1 ; High quality]]
[2019.12.30-12.28.48:996][  0]LogConfig: Setting CVar [[r.SSS.Scale:1]]
[2019.12.30-12.28.48:996][  0]LogConfig: Setting CVar [[r.SSS.SampleSet:2]]
[2019.12.30-12.28.48:996][  0]LogConfig: Setting CVar [[r.SSS.Quality:1]]
[2019.12.30-12.28.48:996][  0]LogConfig: Setting CVar [[r.SSS.HalfRes:1]]
[2019.12.30-12.28.48:996][  0]LogConfig: Setting CVar [[r.EmitterSpawnRateScale:1.0]]
[2019.12.30-12.28.48:996][  0]LogConfig: Setting CVar [[r.ParticleLightQuality:2]]
[2019.12.30-12.28.48:996][  0]LogConfig: Applying CVar settings from Section [FoliageQuality@3] File [D:/GitHub/Unreal_CPP/UnrealCPP/Saved/Config/Windows/Scalability.ini]
[2019.12.30-12.28.48:996][  0]LogConfig: Setting CVar [[foliage.DensityScale:1.0]]
[2019.12.30-12.28.48:996][  0]LogConfig: Setting CVar [[grass.DensityScale:1.0]]
[2019.12.30-12.28.48:996][  0]LogConfig: Applying CVar settings from Section [Startup] File [../../../Engine/Config/ConsoleVariables.ini]
[2019.12.30-12.28.48:997][  0]LogConfig: Setting CVar [[net.UseAdaptiveNetUpdateFrequency:0]]
[2019.12.30-12.28.48:997][  0]LogConfig: Setting CVar [[p.chaos.AllowCreatePhysxBodies:1]]
[2019.12.30-12.28.48:997][  0]LogConfig: Applying CVar settings from Section [ConsoleVariables] File [D:/GitHub/Unreal_CPP/UnrealCPP/Saved/Config/Windows/Engine.ini]
[2019.12.30-12.28.48:997][  0]LogInit: Computer: DESKTOP-6B56LG4
[2019.12.30-12.28.48:997][  0]LogInit: User: Rosie
[2019.12.30-12.28.48:997][  0]LogInit: CPU Page size=4096, Cores=4
[2019.12.30-12.28.48:997][  0]LogInit: High frequency timer resolution =10.000000 MHz
[2019.12.30-12.28.48:997][  0]LogMemory: Memory total: Physical=15.9GB (16GB approx)
[2019.12.30-12.28.48:997][  0]LogMemory: Platform Memory Stats for Windows
[2019.12.30-12.28.48:997][  0]LogMemory: Process Physical Memory: 101.25 MB used, 101.25 MB peak
[2019.12.30-12.28.48:997][  0]LogMemory: Process Virtual Memory: 104.93 MB used, 104.93 MB peak
[2019.12.30-12.28.48:997][  0]LogMemory: Physical Memory: 8530.53 MB used,  7749.25 MB free, 16279.77 MB total
[2019.12.30-12.28.48:997][  0]LogMemory: Virtual Memory: 4673.43 MB used,  134213056.00 MB free, 134217728.00 MB total
[2019.12.30-12.28.49:001][  0]LogWindows: WindowsPlatformFeatures enabled
[2019.12.30-12.28.49:033][  0]LogInit: Using OS detected language (en-GB).
[2019.12.30-12.28.49:033][  0]LogInit: Using OS detected locale (en-GB).
[2019.12.30-12.28.49:034][  0]LogTextLocalizationManager: No specific localization for 'en-GB' exists, so the 'en' localization will be used.
[2019.12.30-12.28.49:237][  0]LogInit: Setting process to per monitor DPI aware
[2019.12.30-12.28.49:275][  0]LogSlate: New Slate User Created.  User Index 0, Is Virtual User: 0
[2019.12.30-12.28.49:275][  0]LogSlate: Slate User Registered.  User Index 0, Is Virtual User: 0
[2019.12.30-12.28.49:524][  0]LogHMD: Failed to initialize OpenVR with code 110
[2019.12.30-12.28.49:524][  0]LogD3D11RHI: D3D11 adapters:
[2019.12.30-12.28.49:601][  0]LogD3D11RHI:    0. 'NVIDIA GeForce GTX 950M' (Feature Level 11_0)
[2019.12.30-12.28.49:601][  0]LogD3D11RHI:       4055/0/8139 MB DedicatedVideo/DedicatedSystem/SharedSystem, Outputs:1, VendorId:0x10de
[2019.12.30-12.28.49:611][  0]LogD3D11RHI:    1. 'Intel(R) HD Graphics 530' (Feature Level 11_0)
[2019.12.30-12.28.49:611][  0]LogD3D11RHI:       128/0/8139 MB DedicatedVideo/DedicatedSystem/SharedSystem, Outputs:0, VendorId:0x8086
[2019.12.30-12.28.49:614][  0]LogD3D11RHI:    2. 'Microsoft Basic Render Driver' (Feature Level 11_0)
[2019.12.30-12.28.49:614][  0]LogD3D11RHI:       0/0/8139 MB DedicatedVideo/DedicatedSystem/SharedSystem, Outputs:0, VendorId:0x1414
[2019.12.30-12.28.49:614][  0]LogD3D11RHI: Chosen D3D11 Adapter: 0
[2019.12.30-12.28.49:672][  0]LogD3D11RHI: Creating new Direct3DDevice
[2019.12.30-12.28.49:672][  0]LogD3D11RHI:     GPU DeviceId: 0x139a (for the marketing name, search the web for "GPU Device Id")
[2019.12.30-12.28.49:672][  0]LogWindows: EnumDisplayDevices:
[2019.12.30-12.28.49:672][  0]LogWindows:    0. 'Intel(R) HD Graphics 530' (P:1 D:1)
[2019.12.30-12.28.49:672][  0]LogWindows:    1. 'Intel(R) HD Graphics 530' (P:0 D:0)
[2019.12.30-12.28.49:673][  0]LogWindows:    2. 'Intel(R) HD Graphics 530' (P:0 D:0)
[2019.12.30-12.28.49:673][  0]LogWindows: DebugString: PrimaryIsNotTheChoosenAdapter PrimaryIsNotTheChoosenAdapter PrimaryIsNotTheChoosenAdapter FoundDriverCount:0 
[2019.12.30-12.28.49:673][  0]LogD3D11RHI:     Adapter Name: NVIDIA GeForce GTX 950M
[2019.12.30-12.28.49:673][  0]LogD3D11RHI:   Driver Version: Unknown (internal:Unknown, unified:Unknown)
[2019.12.30-12.28.49:673][  0]LogD3D11RHI:      Driver Date: Unknown
[2019.12.30-12.28.49:673][  0]LogRHI: Texture pool is 2839 MB (70% of 4055 MB)
[2019.12.30-12.28.49:725][  0]LogD3D11RHI: Async texture creation enabled
[2019.12.30-12.28.49:744][  0]LogD3D11RHI: GPU Timing Frequency: 1000.000000 (Debug: 2 1)
[2019.12.30-12.28.50:136][  0]LogTemp: Display: Module 'AllDesktopTargetPlatform' loaded TargetPlatform 'AllDesktop'
[2019.12.30-12.28.50:148][  0]LogTemp: Display: Module 'MacClientTargetPlatform' loaded TargetPlatform 'MacClient'
[2019.12.30-12.28.50:161][  0]LogTemp: Display: Module 'MacNoEditorTargetPlatform' loaded TargetPlatform 'MacNoEditor'
[2019.12.30-12.28.50:173][  0]LogTemp: Display: Module 'MacServerTargetPlatform' loaded TargetPlatform 'MacServer'
[2019.12.30-12.28.50:185][  0]LogTemp: Display: Module 'MacTargetPlatform' loaded TargetPlatform 'Mac'
[2019.12.30-12.28.50:200][  0]LogTemp: Display: Module 'WindowsClientTargetPlatform' loaded TargetPlatform 'WindowsClient'
[2019.12.30-12.28.50:212][  0]LogTemp: Display: Module 'WindowsNoEditorTargetPlatform' loaded TargetPlatform 'WindowsNoEditor'
[2019.12.30-12.28.50:226][  0]LogTemp: Display: Module 'WindowsServerTargetPlatform' loaded TargetPlatform 'WindowsServer'
[2019.12.30-12.28.50:233][  0]LogTemp: Display: Module 'WindowsTargetPlatform' loaded TargetPlatform 'Windows'
[2019.12.30-12.28.50:279][  0]LogTemp: Display: Module 'AndroidTargetPlatform' loaded TargetPlatform 'Android'
[2019.12.30-12.28.50:279][  0]LogTemp: Display: Module 'AndroidTargetPlatform' loaded TargetPlatform 'Android_ASTC'
[2019.12.30-12.28.50:279][  0]LogTemp: Display: Module 'AndroidTargetPlatform' loaded TargetPlatform 'Android_ATC'
[2019.12.30-12.28.50:279][  0]LogTemp: Display: Module 'AndroidTargetPlatform' loaded TargetPlatform 'Android_DXT'
[2019.12.30-12.28.50:279][  0]LogTemp: Display: Module 'AndroidTargetPlatform' loaded TargetPlatform 'Android_ETC1'
[2019.12.30-12.28.50:279][  0]LogTemp: Display: Module 'AndroidTargetPlatform' loaded TargetPlatform 'Android_ETC1a'
[2019.12.30-12.28.50:279][  0]LogTemp: Display: Module 'AndroidTargetPlatform' loaded TargetPlatform 'Android_ETC2'
[2019.12.30-12.28.50:279][  0]LogTemp: Display: Module 'AndroidTargetPlatform' loaded TargetPlatform 'Android_PVRTC'
[2019.12.30-12.28.50:279][  0]LogTemp: Display: Module 'AndroidTargetPlatform' loaded TargetPlatform 'AndroidClient'
[2019.12.30-12.28.50:279][  0]LogTemp: Display: Module 'AndroidTargetPlatform' loaded TargetPlatform 'Android_ASTCClient'
[2019.12.30-12.28.50:279][  0]LogTemp: Display: Module 'AndroidTargetPlatform' loaded TargetPlatform 'Android_ATCClient'
[2019.12.30-12.28.50:279][  0]LogTemp: Display: Module 'AndroidTargetPlatform' loaded TargetPlatform 'Android_DXTClient'
[2019.12.30-12.28.50:279][  0]LogTemp: Display: Module 'AndroidTargetPlatform' loaded TargetPlatform 'Android_ETC1Client'
[2019.12.30-12.28.50:279][  0]LogTemp: Display: Module 'AndroidTargetPlatform' loaded TargetPlatform 'Android_ETC1aClient'
[2019.12.30-12.28.50:279][  0]LogTemp: Display: Module 'AndroidTargetPlatform' loaded TargetPlatform 'Android_ETC2Client'
[2019.12.30-12.28.50:279][  0]LogTemp: Display: Module 'AndroidTargetPlatform' loaded TargetPlatform 'Android_PVRTCClient'
[2019.12.30-12.28.50:279][  0]LogTemp: Display: Module 'AndroidTargetPlatform' loaded TargetPlatform 'Android_Multi'
[2019.12.30-12.28.50:279][  0]LogTemp: Display: Module 'AndroidTargetPlatform' loaded TargetPlatform 'Android_MultiClient'
[2019.12.30-12.28.50:282][  0]LogTemp: Display: Module 'HTML5TargetPlatform' loaded TargetPlatform 'HTML5'
[2019.12.30-12.28.50:304][  0]LogTemp: Display: Module 'IOSTargetPlatform' loaded TargetPlatform 'IOSClient'
[2019.12.30-12.28.50:304][  0]LogTemp: Display: Module 'IOSTargetPlatform' loaded TargetPlatform 'IOS'
[2019.12.30-12.28.50:324][  0]LogTemp: Display: Module 'TVOSTargetPlatform' loaded TargetPlatform 'TVOSClient'
[2019.12.30-12.28.50:324][  0]LogTemp: Display: Module 'TVOSTargetPlatform' loaded TargetPlatform 'TVOS'
[2019.12.30-12.28.50:333][  0]LogTemp: Display: Module 'LinuxClientTargetPlatform' loaded TargetPlatform 'LinuxClient'
[2019.12.30-12.28.50:343][  0]LogTemp: Display: Module 'LinuxNoEditorTargetPlatform' loaded TargetPlatform 'LinuxNoEditor'
[2019.12.30-12.28.50:353][  0]LogTemp: Display: Module 'LinuxServerTargetPlatform' loaded TargetPlatform 'LinuxServer'
[2019.12.30-12.28.50:365][  0]LogTemp: Display: Module 'LinuxTargetPlatform' loaded TargetPlatform 'Linux'
[2019.12.30-12.28.50:397][  0]LogTemp: Display: Module 'LuminTargetPlatform' loaded TargetPlatform 'Lumin'
[2019.12.30-12.28.50:397][  0]LogTemp: Display: Module 'LuminTargetPlatform' loaded TargetPlatform 'LuminClient'
[2019.12.30-12.28.50:397][  0]LogTargetPlatformManager: Display: Building Assets For Windows
[2019.12.30-12.28.50:410][  0]LogAudioDebug: Display: Lib vorbis DLL was dynamically loaded.
[2019.12.30-12.28.50:491][  0]LogShaderCompilers: Guid format shader working directory is 15 characters bigger than the processId version (D:/GitHub/Unreal_CPP/UnrealCPP/Intermediate/Shaders/WorkingDirectory/14396/).
[2019.12.30-12.28.50:491][  0]LogShaderCompilers: Cleaned the shader compiler working directory 'C:/Users/Rosie/AppData/Local/Temp/UnrealShaderWorkingDir/CB894CEE4CF7EFB9EA173BA0B7937E3D/'.
[2019.12.30-12.28.50:495][  0]LogXGEController: Cannot use XGE Controller as Incredibuild is not installed on this machine.
[2019.12.30-12.28.50:495][  0]LogShaderCompilers: Cannot use XGE Shader Compiler as Incredibuild is not installed on this machine.
[2019.12.30-12.28.50:495][  0]LogShaderCompilers: Display: Using Local Shader Compiler.
[2019.12.30-12.28.51:243][  0]LogDerivedDataCache: Display: Max Cache Size: 512 MB
[2019.12.30-12.28.51:298][  0]LogDerivedDataCache: Loaded boot cache 0.05s 74MB C:/Users/Rosie/AppData/Local/UnrealEngine/4.23/DerivedDataCache/Boot.ddc.
[2019.12.30-12.28.51:298][  0]LogDerivedDataCache: Display: Loaded Boot cache: C:/Users/Rosie/AppData/Local/UnrealEngine/4.23/DerivedDataCache/Boot.ddc
[2019.12.30-12.28.51:298][  0]LogDerivedDataCache: FDerivedDataBackendGraph:  Pak pak cache file D:/GitHub/Unreal_CPP/UnrealCPP/DerivedDataCache/DDC.ddp not found, will not use a pak cache.
[2019.12.30-12.28.51:298][  0]LogDerivedDataCache: Unable to find inner node Pak for hierarchical cache Hierarchy.
[2019.12.30-12.28.51:298][  0]LogDerivedDataCache: FDerivedDataBackendGraph:  CompressedPak pak cache file D:/GitHub/Unreal_CPP/UnrealCPP/DerivedDataCache/Compressed.ddp not found, will not use a pak cache.
[2019.12.30-12.28.51:298][  0]LogDerivedDataCache: Unable to find inner node CompressedPak for hierarchical cache Hierarchy.
[2019.12.30-12.28.51:313][  0]LogDerivedDataCache: Display: Pak cache opened for reading ../../../Engine/DerivedDataCache/Compressed.ddp.
[2019.12.30-12.28.51:313][  0]LogDerivedDataCache: FDerivedDataBackendGraph:  EnterprisePak pak cache file ../../../Enterprise/DerivedDataCache/Compressed.ddp not found, will not use a pak cache.
[2019.12.30-12.28.51:313][  0]LogDerivedDataCache: Unable to find inner node EnterprisePak for hierarchical cache Hierarchy.
[2019.12.30-12.28.51:315][  0]LogDerivedDataCache: Using Local data cache path C:/Users/Rosie/AppData/Local/UnrealEngine/Common/DerivedDataCache: Writable
[2019.12.30-12.28.51:315][  0]LogDerivedDataCache: Shared data cache path not found in *engine.ini, will not use an Shared cache.
[2019.12.30-12.28.51:315][  0]LogDerivedDataCache: Unable to find inner node Shared for hierarchical cache Hierarchy.
[2019.12.30-12.28.51:341][  0]LogMaterial: Verifying Global Shaders for PCD3D_SM5
[2019.12.30-12.28.51:344][  0]LogSlate: Using FreeType 2.6.0
[2019.12.30-12.28.51:344][  0]LogSlate: SlateFontServices - WITH_FREETYPE: 1, WITH_HARFBUZZ: 1
[2019.12.30-12.28.51:414][  0]LogAssetRegistry: FAssetRegistry took 0.0029 seconds to start up
[2019.12.30-12.28.51:785][  0]LogInit: Selected Device Profile: [Windows]
[2019.12.30-12.28.51:962][  0]LogMeshReduction: Using QuadricMeshReduction for automatic static mesh reduction
[2019.12.30-12.28.51:962][  0]LogMeshReduction: Using SimplygonMeshReduction for automatic skeletal mesh reduction
[2019.12.30-12.28.51:962][  0]LogMeshReduction: Using ProxyLODMeshReduction for automatic mesh merging
[2019.12.30-12.28.51:962][  0]LogMeshReduction: No distributed automatic mesh merging module available
[2019.12.30-12.28.51:962][  0]LogMeshMerging: No distributed automatic mesh merging module available
[2019.12.30-12.28.51:973][  0]LogNetVersion: UnrealAssets 1.0.0, NetCL: 8386587, EngineNetVer: 11, GameNetVer: 0 (Checksum: 1517990284)
[2019.12.30-12.28.52:442][  0]LogPackageLocalizationCache: Processed 12 localized package path(s) for 1 prioritized culture(s) in 0.042209 seconds
[2019.12.30-12.28.52:450][  0]LogUObjectArray: 43444 objects as part of root set at end of initial load.
[2019.12.30-12.28.52:450][  0]LogUObjectAllocator: 7548648 out of 0 bytes used by permanent object pool.
[2019.12.30-12.28.52:451][  0]LogUObjectArray: CloseDisregardForGC: 0/0 objects in disregard for GC pool
[2019.12.30-12.28.53:525][  0]LogTcpMessaging: Initializing TcpMessaging bridge
[2019.12.30-12.28.53:529][  0]LogUdpMessaging: Initializing bridge on interface 0.0.0.0:0 to multicast group 230.0.0.1:6666.
[2019.12.30-12.28.53:685][  0]SourceControl: Source control is disabled
[2019.12.30-12.28.54:247][  0]LogAndroidPermission: UAndroidPermissionCallbackProxy::GetInstance
[2019.12.30-12.28.54:384][  0]LogOcInput: OculusInput pre-init called
[2019.12.30-12.28.54:395][  0]LogWindows: Failed to load 'OVRPlugin.dll' (GetLastError=126)
[2019.12.30-12.28.54:395][  0]LogWindows: File 'OVRPlugin.dll' does not exist
[2019.12.30-12.28.54:481][  0]LogEngine: Initializing Engine...
[2019.12.30-12.28.54:482][  0]LogHMD: Failed to initialize OpenVR with code 110
[2019.12.30-12.28.54:484][  0]LogStats: UGameplayTagsManager::InitializeManager -  0.000 s
[2019.12.30-12.28.54:750][  0]LogInit: Initializing FReadOnlyCVARCache
[2019.12.30-12.28.54:769][  0]LogAIModule: Creating AISystem for world Untitled
[2019.12.30-12.28.54:797][  0]LogInit: XAudio2 using 'Speakers (Realtek High Definition Audio)' : 2 channels at 48 kHz using 32 bits per sample (channel mask 0x3)
[2019.12.30-12.28.55:035][  0]LogInit: FAudioDevice initialized.
[2019.12.30-12.28.55:035][  0]LogNetVersion: Set ProjectVersion to 1.0.0.0. Version Checksum will be recalculated on next use.
[2019.12.30-12.28.55:136][  0]LogDerivedDataCache: Saved boot cache 0.10s 74MB C:/Users/Rosie/AppData/Local/UnrealEngine/4.23/DerivedDataCache/Boot.ddc.
[2019.12.30-12.28.55:140][  0]LogInit: Texture streaming: Enabled
[2019.12.30-12.28.55:165][  0]LogEngineSessionManager: EngineSessionManager initialized
[2019.12.30-12.28.55:165][  0]LogEditorSessionSummary: Verbose: Initializing EditorSessionSummaryWriter for editor session tracking
[2019.12.30-12.28.55:166][  0]LogEditorSessionSummary: EditorSessionSummaryWriter initialized
[2019.12.30-12.28.55:231][  0]LogInit: Transaction tracking system initialized
[2019.12.30-12.28.55:277][  0]BlueprintLog: New page: Editor Load
[2019.12.30-12.28.55:381][  0]LocalizationService: Localization service is disabled
[2019.12.30-12.28.55:683][  0]LogFileCache: Scanning file cache for directory 'D:/GitHub/Unreal_CPP/UnrealCPP/Content/' took 0.01s
[2019.12.30-12.28.55:683][  0]LogCook: Display: Max memory allowance for cook 16384mb min free memory 0mb
[2019.12.30-12.28.55:683][  0]LogCook: Display: Mobile HDR setting 1
[2019.12.30-12.28.55:919][  0]Cmd: MAP LOAD FILE="D:/GitHub/Unreal_CPP/UnrealCPP/Content/ThirdPersonCPP/Maps/ThirdPersonExampleMap.umap" TEMPLATE=0 SHOWPROGRESS=1 FEATURELEVEL=3
[2019.12.30-12.28.55:920][  0]LightingResults: New page: Lighting Build
[2019.12.30-12.28.55:924][  0]LogWorld: UWorld::CleanupWorld for Untitled, bSessionEnded=true, bCleanupResources=true
[2019.12.30-12.28.55:924][  0]MapCheck: New page: Map Check
[2019.12.30-12.28.55:924][  0]LightingResults: New page: Lighting Build
[2019.12.30-12.28.55:959][  0]LogUObjectHash: Compacting FUObjectHashTables data took   2.68ms
[2019.12.30-12.28.56:160][  0]LogAIModule: Creating AISystem for world ThirdPersonExampleMap
[2019.12.30-12.28.56:171][  0]LogEditorServer: Finished looking for orphan Actors (0.000 secs)
[2019.12.30-12.28.56:203][  0]LogUObjectHash: Compacting FUObjectHashTables data took   2.48ms
[2019.12.30-12.28.56:204][  0]Cmd: MAP CHECKDEP NOCLEARLOG
[2019.12.30-12.28.56:204][  0]MapCheck: Map check complete: 0 Error(s), 0 Warning(s), took 0.095ms to complete.
[2019.12.30-12.28.56:204][  0]LogFileHelpers: Loading map 'ThirdPersonExampleMap' took 0.285
[2019.12.30-12.28.56:359][  0]LogSlate: Updating window title bar state: overlay mode, drag disabled, window buttons hidden, title bar hidden
[2019.12.30-12.28.56:369][  0]LogSlate: Updating window title bar state: overlay mode, drag disabled, window buttons hidden, title bar hidden
[2019.12.30-12.28.56:381][  0]LogSlate: Updating window title bar state: overlay mode, drag disabled, window buttons hidden, title bar hidden
[2019.12.30-12.28.56:392][  0]LogSlate: Updating window title bar state: overlay mode, drag disabled, window buttons hidden, title bar hidden
[2019.12.30-12.28.56:401][  0]LogCollectionManager: Loaded 0 collections in 0.002721 seconds
[2019.12.30-12.28.56:411][  0]LogFileCache: Scanning file cache for directory 'D:/GitHub/Unreal_CPP/UnrealCPP/Saved/Collections/' took 0.00s
[2019.12.30-12.28.56:411][  0]LogFileCache: Scanning file cache for directory 'D:/GitHub/Unreal_CPP/UnrealCPP/Content/Developers/Rosie/Collections/' took 0.00s
[2019.12.30-12.28.56:411][  0]LogFileCache: Scanning file cache for directory 'D:/GitHub/Unreal_CPP/UnrealCPP/Content/Collections/' took 0.00s
[2019.12.30-12.28.56:411][  0]LogCollectionManager: Rebuilt the GUID cache for 0 collections in 0.000002 seconds
[2019.12.30-12.28.56:423][  0]LogContentBrowser: Native class hierarchy populated in 0.0115 seconds. Added 2871 classes and 682 folders.
[2019.12.30-12.28.56:437][  0]LogContentBrowser: Native class hierarchy updated for 'WidgetCarousel' in 0.0005 seconds. Added 0 classes and 0 folders.
[2019.12.30-12.28.56:497][  0]LogContentBrowser: Native class hierarchy updated for 'AddContentDialog' in 0.0004 seconds. Added 0 classes and 0 folders.
[2019.12.30-12.28.56:504][  0]LogContentBrowser: Native class hierarchy updated for 'SceneOutliner' in 0.0003 seconds. Added 1 classes and 2 folders.
[2019.12.30-12.28.56:534][  0]LogSlate: Took 0.000192 seconds to synchronously load lazily loaded font '../../../Engine/Content/Slate/Fonts/Roboto-Regular.ttf' (155K)
[2019.12.30-12.28.56:538][  0]LogSlate: Took 0.000243 seconds to synchronously load lazily loaded font '../../../Engine/Content/Slate/Fonts/Roboto-Bold.ttf' (160K)
[2019.12.30-12.28.56:547][  0]LogSlate: Took 0.000199 seconds to synchronously load lazily loaded font '../../../Engine/Content/Editor/Slate/Fonts/FontAwesome.ttf' (139K)
[2019.12.30-12.28.56:635][  0]LogRenderer: Reallocating scene render targets to support 1208x572 Format 10 NumSamples 1 (Frame:1).
[2019.12.30-12.28.56:816][  0]LogContentBrowser: Native class hierarchy updated for 'HierarchicalLODOutliner' in 0.0003 seconds. Added 0 classes and 0 folders.
[2019.12.30-12.28.56:816][  0]LogLoad: (Engine Initialization) Total time: 9.24 seconds
[2019.12.30-12.28.56:816][  0]LogLoad: (Engine Initialization) Total Blueprint compile time: 0.00 seconds
[2019.12.30-12.28.56:876][  0]LogContentStreaming: Texture pool size now 1000 MB
[2019.12.30-12.28.56:894][  0]LogSlate: Took 0.000228 seconds to synchronously load lazily loaded font '../../../Engine/Content/Slate/Fonts/Roboto-Light.ttf' (167K)
[2019.12.30-12.28.57:111][  2]LogAssetRegistry: Asset discovery search completed in 5.6980 seconds
[2019.12.30-12.28.57:118][  2]LogCollectionManager: Rebuilt the object cache for 0 collections in 0.000007 seconds (found 0 objects)
[2019.12.30-12.28.57:118][  2]LogCollectionManager: Fixed up redirectors for 0 collections in 0.000081 seconds (updated 0 objects)
[2019.12.30-12.28.57:922][ 46]LogSlate: Took 0.000161 seconds to synchronously load lazily loaded font '../../../Engine/Content/Slate/Fonts/Roboto-Light.ttf' (167K)
[2019.12.30-12.28.59:532][ 97]LogSlate: FSceneViewport::OnFocusLost() reason 0
[2019.12.30-12.28.59:788][111]LogAssetEditorManager: Opening Asset editor for Blueprint /Game/ThirdPersonCPP/Blueprints/FoxCharacter.FoxCharacter
[2019.12.30-12.29.00:123][111]LogContentBrowser: Native class hierarchy updated for 'BlueprintGraph' in 0.0006 seconds. Added 121 classes and 0 folders.
[2019.12.30-12.29.01:228][111]LogSlate: Took 0.000197 seconds to synchronously load lazily loaded font '../../../Engine/Content/Slate/Fonts/Roboto-BoldCondensed.ttf' (158K)
[2019.12.30-12.29.01:299][112]LogSlate: Took 0.000435 seconds to synchronously load lazily loaded font '../../../Engine/Content/Slate/Fonts/Roboto-Italic.ttf' (157K)
[2019.12.30-12.29.03:260][225]LogSlate: Window 'FoxCharacter' being destroyed
[2019.12.30-12.29.03:267][225]LogSlate: Window 'FoxCharacter' being destroyed
[2019.12.30-12.29.03:267][225]LogWorld: UWorld::CleanupWorld for World_5, bSessionEnded=true, bCleanupResources=true
[2019.12.30-12.29.04:310][279]LogAssetEditorManager: Opening Asset editor for Blueprint /Game/ThirdPersonCPP/Blueprints/FoxCharacter.FoxCharacter
[2019.12.30-12.29.47:996][766]BlueprintLog: New page: Compile FoxCharacter
[2019.12.30-12.29.48:240][766]LogUObjectHash: Compacting FUObjectHashTables data took   4.28ms
[2019.12.30-12.29.48:868][787]Cmd: OBJ SAVEPACKAGE PACKAGE="/Game/ThirdPersonCPP/Blueprints/FoxCharacter" FILE="D:/GitHub/Unreal_CPP/UnrealCPP/Content/ThirdPersonCPP/Blueprints/FoxCharacter.uasset" SILENT=true
[2019.12.30-12.29.48:890][787]LogSavePackage: Moving 'D:/GitHub/Unreal_CPP/UnrealCPP/Saved/FoxCharacter5F7BBC514ED0BEE9F4262BBE45AD1764.tmp' to 'D:/GitHub/Unreal_CPP/UnrealCPP/Content/ThirdPersonCPP/Blueprints/FoxCharacter.uasset'
[2019.12.30-12.29.51:732][  1]Candidate modules for hot reload:
[2019.12.30-12.29.51:732][  1]  UnrealAssets
[2019.12.30-12.29.51:732][  1]Launching UnrealBuildTool... [C:/Program Files/Epic Games/UE_4.23/Engine/Binaries/DotNET/UnrealBuildTool.exe  -ModuleWithSuffix=UnrealAssets,7734 Win64 Development -TargetType=Editor -Project="D:/GitHub/Unreal_CPP/UnrealCPP/UnrealAssets.uproject" "D:/GitHub/Unreal_CPP/UnrealCPP/UnrealAssets.uproject"  -IgnoreJunk]
[2019.12.30-12.29.51:734][  1]Warning: Starting HotReload took  0.0s.
[2019.12.30-12.30.19:574][946]CompilerResultsLog: New page: Compilation - 30 Dec 2019 14:30:19
[2019.12.30-12.30.19:575][946]CompilerResultsLog: Using 'git status' to determine working set for adaptive non-unity build (D:\GitHub\Unreal_CPP).
[2019.12.30-12.30.19:575][946]CompilerResultsLog: Parsing headers for UnrealAssetsEditor
[2019.12.30-12.30.19:575][946]CompilerResultsLog:   Running UnrealHeaderTool "D:\GitHub\Unreal_CPP\UnrealCPP\UnrealAssets.uproject" "D:\GitHub\Unreal_CPP\UnrealCPP\Intermediate\Build\Win64\UnrealAssetsEditor\Development\UnrealAssetsEditor.uhtmanifest" -LogCmds="loginit warning, logexit warning, logdatabase error" -Unattended -WarningsAsErrors -installed
[2019.12.30-12.30.19:575][946]CompilerResultsLog: Reflection code generated for UnrealAssetsEditor in 9.2986326 seconds
[2019.12.30-12.30.19:575][946]CompilerResultsLog: Using Visual Studio 2019 14.24.28314 toolchain (C:\Program Files (x86)\Microsoft Visual Studio\2019\Community\VC\Tools\MSVC\14.24.28314) and Windows 10.0.18362.0 SDK (C:\Program Files (x86)\Windows Kits\10).
[2019.12.30-12.30.19:575][946]CompilerResultsLog: Building 4 actions with 8 processes...
[2019.12.30-12.30.19:575][946]CompilerResultsLog:   [1/4] AnimalController.cpp
[2019.12.30-12.30.19:575][946]CompilerResultsLog:   D:\GitHub\Unreal_CPP\UnrealCPP\Source\UnrealAssets\AnimalController.cpp(60): warning C4996: 'USceneComponent::AttachTo': This function is deprecated, please use AttachToComponent instead. Please update your code to the new API before upgrading to the next release, otherwise your project will no longer compile.
[2019.12.30-12.30.19:575][946]CompilerResultsLog:   C:\Program Files\Epic Games\UE_4.23\Engine\Source\Runtime\Engine\Classes\Components/SceneComponent.h(658): note: see declaration of 'USceneComponent::AttachTo'
[2019.12.30-12.30.19:575][946]CompilerResultsLog:   D:\GitHub\Unreal_CPP\UnrealCPP\Source\UnrealAssets\AnimalController.cpp(367): warning C4459: declaration of 'LogLevel' hides global declaration
[2019.12.30-12.30.19:575][946]CompilerResultsLog:   C:\Program Files\Epic Games\UE_4.23\Engine\Source\Runtime\Engine\Public\EngineLogs.h(18): note: see declaration of 'LogLevel'
[2019.12.30-12.30.19:575][946]CompilerResultsLog:   D:\GitHub\Unreal_CPP\UnrealCPP\Source\UnrealAssets\AnimalController.cpp(373): warning C4459: declaration of 'LogLevel' hides global declaration
[2019.12.30-12.30.19:575][946]CompilerResultsLog:   C:\Program Files\Epic Games\UE_4.23\Engine\Source\Runtime\Engine\Public\EngineLogs.h(18): note: see declaration of 'LogLevel'
[2019.12.30-12.30.19:575][946]CompilerResultsLog:   [2/4] UE4Editor-UnrealAssets-7734.lib
[2019.12.30-12.30.19:575][946]CompilerResultsLog:      Creating library D:\GitHub\Unreal_CPP\UnrealCPP\Intermediate\Build\Win64\UE4Editor\Development\UnrealAssets\UE4Editor-UnrealAssets-7734.lib and object D:\GitHub\Unreal_CPP\UnrealCPP\Intermediate\Build\Win64\UE4Editor\Development\UnrealAssets\UE4Editor-UnrealAssets-7734.exp
[2019.12.30-12.30.19:575][946]CompilerResultsLog:   [3/4] UE4Editor-UnrealAssets-7734.dll
[2019.12.30-12.30.19:575][946]CompilerResultsLog:      Creating library D:\GitHub\Unreal_CPP\UnrealCPP\Intermediate\Build\Win64\UE4Editor\Development\UnrealAssets\UE4Editor-UnrealAssets-7734.suppressed.lib and object D:\GitHub\Unreal_CPP\UnrealCPP\Intermediate\Build\Win64\UE4Editor\Development\UnrealAssets\UE4Editor-UnrealAssets-7734.suppressed.exp
[2019.12.30-12.30.19:576][946]CompilerResultsLog:   [4/4] UnrealAssetsEditor.target
[2019.12.30-12.30.19:576][946]CompilerResultsLog: Total time in Parallel executor: 16.58 seconds
[2019.12.30-12.30.19:576][946]CompilerResultsLog: Total execution time: 27.71 seconds
[2019.12.30-12.30.19:576][946]LogMainFrame: MainFrame: Module compiling took 27.855 seconds
[2019.12.30-12.30.19:612][946]LogUObjectHash: Compacting FUObjectHashTables data took   3.42ms
[2019.12.30-12.30.19:631][946]LogClass: ELogOutput HotReload.
[2019.12.30-12.30.19:631][946]LogClass: ELogLevel HotReload.
[2019.12.30-12.30.19:631][946]LogClass: DialogueLines HotReload.
[2019.12.30-12.30.19:631][946]LogClass: Dialogue HotReload.
[2019.12.30-12.30.19:642][946]LogContentBrowser: Native class hierarchy updated for 'UnrealAssets' in 0.0004 seconds. Added 8 classes and 2 folders.
[2019.12.30-12.30.19:646][946]Display: HotReload successful (10 functions remapped  2 scriptstructs remapped)
[2019.12.30-12.30.19:750][946]LogUObjectHash: Compacting FUObjectHashTables data took   2.16ms
[2019.12.30-12.30.19:770][946]LogContentBrowser: Native class hierarchy populated in 0.0100 seconds. Added 2872 classes and 684 folders.
[2019.12.30-12.30.19:770][946]Display: HotReload took 28.1s.
[2019.12.30-12.30.26:705][476]LogTemp: Repeating last play command: Selected Viewport
[2019.12.30-12.30.26:730][476]LogBlueprintUserMessages: Early PlayInEditor Detection: Level '/Game/ThirdPersonCPP/Maps/ThirdPersonExampleMap.ThirdPersonExampleMap:PersistentLevel' has LevelScriptBlueprint '/Game/ThirdPersonCPP/Maps/ThirdPersonExampleMap.ThirdPersonExampleMap:PersistentLevel.ThirdPersonExampleMap' with GeneratedClass '/Game/ThirdPersonCPP/Maps/ThirdPersonExampleMap.ThirdPersonExampleMap_C' with ClassGeneratedBy '/Game/ThirdPersonCPP/Maps/ThirdPersonExampleMap.ThirdPersonExampleMap:PersistentLevel.ThirdPersonExampleMap'
[2019.12.30-12.30.26:730][476]LogPlayLevel: PlayLevel: No blueprints needed recompiling
[2019.12.30-12.30.26:731][476]PIE: New page: PIE session: ThirdPersonExampleMap (30 Dec 2019 14:30:26)
[2019.12.30-12.30.26:732][476]LogOnline: OSS: Creating online subsystem instance for: NULL
[2019.12.30-12.30.26:733][476]LogPlayLevel: Creating play world package: /Game/ThirdPersonCPP/Maps/UEDPIE_0_ThirdPersonExampleMap
[2019.12.30-12.30.26:751][476]LogPlayLevel: PIE: StaticDuplicateObject took: (0.017653s)
[2019.12.30-12.30.26:752][476]LogAIModule: Creating AISystem for world ThirdPersonExampleMap
[2019.12.30-12.30.26:753][476]LogPlayLevel: PIE: World Init took: (0.001883s)
[2019.12.30-12.30.26:753][476]LogPlayLevel: PIE: Created PIE world by copying editor world from /Game/ThirdPersonCPP/Maps/ThirdPersonExampleMap.ThirdPersonExampleMap to /Game/ThirdPersonCPP/Maps/UEDPIE_0_ThirdPersonExampleMap.ThirdPersonExampleMap (0.019903s)
[2019.12.30-12.30.26:829][476]LogUObjectHash: Compacting FUObjectHashTables data took   6.54ms
[2019.12.30-12.30.26:839][476]LogInit: XAudio2 using 'Speakers (Realtek High Definition Audio)' : 2 channels at 48 kHz using 32 bits per sample (channel mask 0x3)
[2019.12.30-12.30.26:915][476]LogInit: FAudioDevice initialized.
[2019.12.30-12.30.26:924][476]LogLoad: Game class is 'TryGameMode'
[2019.12.30-12.30.26:928][476]LogWorld: Bringing World /Game/ThirdPersonCPP/Maps/UEDPIE_0_ThirdPersonExampleMap.ThirdPersonExampleMap up for play (max tick rate 0) at 2019.12.30-13.30.26
[2019.12.30-12.30.26:930][476]LogOutputDevice: Warning: 

Script Stack (0 frames):

[2019.12.30-12.30.26:931][476]LogWindows: Windows GetLastError: The operation completed successfully. (0)
[2019.12.30-12.30.28:828][476]LogWindows: Error: === Critical error: ===
[2019.12.30-12.30.28:829][476]LogWindows: Error: 
[2019.12.30-12.30.28:829][476]LogWindows: Error: Assertion failed: CharacterOwner->GetCapsuleComponent() [File:D:/Build/++UE4/Sync/Engine/Source/Runtime/Engine/Private/Components/CharacterMovementComponent.cpp] [Line: 6120] 
[2019.12.30-12.30.28:829][476]LogWindows: Error: 
[2019.12.30-12.30.28:829][476]LogWindows: Error: 
[2019.12.30-12.30.28:829][476]LogWindows: Error: 
[2019.12.30-12.30.28:829][476]LogWindows: Error: [Callstack] 0x00007fff8d57a839 KERNELBASE.dll!UnknownFunction []
[2019.12.30-12.30.28:829][476]LogWindows: Error: [Callstack] 0x00007fff33b8a367 UE4Editor-Core.dll!UnknownFunction []
[2019.12.30-12.30.28:829][476]LogWindows: Error: [Callstack] 0x00007fff33b8cbc4 UE4Editor-Core.dll!UnknownFunction []
[2019.12.30-12.30.28:829][476]LogWindows: Error: [Callstack] 0x00007fff33981ada UE4Editor-Core.dll!UnknownFunction []
[2019.12.30-12.30.28:829][476]LogWindows: Error: [Callstack] 0x00007fff338d67a3 UE4Editor-Core.dll!UnknownFunction []
[2019.12.30-12.30.28:829][476]LogWindows: Error: [Callstack] 0x00007fff338d6eb0 UE4Editor-Core.dll!UnknownFunction []
[2019.12.30-12.30.28:829][476]LogWindows: Error: [Callstack] 0x00007fff1db35e93 UE4Editor-Engine.dll!UnknownFunction []
[2019.12.30-12.30.28:829][476]LogWindows: Error: [Callstack] 0x00007fff1db4a87c UE4Editor-Engine.dll!UnknownFunction []
[2019.12.30-12.30.28:829][476]LogWindows: Error: [Callstack] 0x00007fff1db705fb UE4Editor-Engine.dll!UnknownFunction []
[2019.12.30-12.30.28:829][476]LogWindows: Error: [Callstack] 0x00007fff1db6ec87 UE4Editor-Engine.dll!UnknownFunction []
[2019.12.30-12.30.28:829][476]LogWindows: Error: [Callstack] 0x00007fff1dccfa99 UE4Editor-Engine.dll!UnknownFunction []
[2019.12.30-12.30.28:829][476]LogWindows: Error: [Callstack] 0x00007fff15166748 UE4Editor-AIModule.dll!UnknownFunction []
[2019.12.30-12.30.28:829][476]LogWindows: Error: [Callstack] 0x00007fff1dcd1141 UE4Editor-Engine.dll!UnknownFunction []
[2019.12.30-12.30.28:829][476]LogWindows: Error: [Callstack] 0x00007fff1e3ccd8b UE4Editor-Engine.dll!UnknownFunction []
[2019.12.30-12.30.28:829][476]LogWindows: Error: [Callstack] 0x00007fff1e3bfc79 UE4Editor-Engine.dll!UnknownFunction []
[2019.12.30-12.30.28:829][476]LogWindows: Error: [Callstack] 0x00007fff1dae6536 UE4Editor-Engine.dll!UnknownFunction []
[2019.12.30-12.30.28:829][476]LogWindows: Error: [Callstack] 0x00007fff1e04cfe6 UE4Editor-Engine.dll!UnknownFunction []
[2019.12.30-12.30.28:829][476]LogWindows: Error: [Callstack] 0x00007fff1e9aee23 UE4Editor-Engine.dll!UnknownFunction []
[2019.12.30-12.30.28:829][476]LogWindows: Error: [Callstack] 0x00007fff1de3ab94 UE4Editor-Engine.dll!UnknownFunction []
[2019.12.30-12.30.28:829][476]LogWindows: Error: [Callstack] 0x00007fff1c7650b3 UE4Editor-UnrealEd.dll!UnknownFunction []
[2019.12.30-12.30.28:829][476]LogWindows: Error: [Callstack] 0x00007fff1c784361 UE4Editor-UnrealEd.dll!UnknownFunction []
[2019.12.30-12.30.28:829][476]LogWindows: Error: [Callstack] 0x00007fff1c79e265 UE4Editor-UnrealEd.dll!UnknownFunction []
[2019.12.30-12.30.28:829][476]LogWindows: Error: [Callstack] 0x00007fff1c25d9b4 UE4Editor-UnrealEd.dll!UnknownFunction []
[2019.12.30-12.30.28:829][476]LogWindows: Error: [Callstack] 0x00007fff1cab5296 UE4Editor-UnrealEd.dll!UnknownFunction []
[2019.12.30-12.30.28:829][476]LogWindows: Error: [Callstack] 0x00007ff725057b0a UE4Editor.exe!UnknownFunction []
[2019.12.30-12.30.28:829][476]LogWindows: Error: [Callstack] 0x00007ff72506a91c UE4Editor.exe!UnknownFunction []
[2019.12.30-12.30.28:829][476]LogWindows: Error: [Callstack] 0x00007ff72506a9fa UE4Editor.exe!UnknownFunction []
[2019.12.30-12.30.28:829][476]LogWindows: Error: [Callstack] 0x00007ff72507b92c UE4Editor.exe!UnknownFunction []
[2019.12.30-12.30.28:829][476]LogWindows: Error: [Callstack] 0x00007ff72507e60e UE4Editor.exe!UnknownFunction []
[2019.12.30-12.30.28:829][476]LogWindows: Error: [Callstack] 0x00007fff8fa47bd4 KERNEL32.DLL!UnknownFunction []
[2019.12.30-12.30.28:829][476]LogWindows: Error: [Callstack] 0x00007fff904cced1 ntdll.dll!UnknownFunction []
[2019.12.30-12.30.28:829][476]LogWindows: Error: 
[2019.12.30-12.30.28:843][476]LogExit: Executing StaticShutdownAfterError
[2019.12.30-12.30.28:846][476]LogWindows: FPlatformMisc::RequestExit(1)
[2019.12.30-12.30.28:858][476]Log file closed, 12/30/19 13:30:28
