Log file open, 12/13/19 20:02:05
LogWindows: Failed to load 'aqProf.dll' (GetLastError=126)
LogWindows: File 'aqProf.dll' does not exist
LogWindows: Failed to load 'VtuneApi.dll' (GetLastError=126)
LogWindows: File 'VtuneApi.dll' does not exist
LogWindows: Failed to load 'VtuneApi32e.dll' (GetLastError=126)
LogWindows: File 'VtuneApi32e.dll' does not exist
LogConsoleResponse: Display: Failed to find resolution value strings in scalability ini. Falling back to default.
LogInit: Display: Running engine for game: UnrealAssets
LogPlatformFile: Not using cached read wrapper
LogTaskGraph: Started task graph with 5 named threads and 35 total threads with 3 sets of task threads.
LogStats: Stats thread started at 0.059999
LogD3D11RHI: Loaded GFSDK_Aftermath_Lib.x64.dll
LogICUInternationalization: ICU TimeZone Detection - Raw Offset: +0:00, Platform Override: ''
LogPluginManager: Mounting plugin Paper2D
LogPluginManager: Mounting plugin AISupport
LogPluginManager: Mounting plugin LightPropagationVolume
LogPluginManager: Mounting plugin ActorLayerUtilities
LogPluginManager: Mounting plugin AnimationSharing
LogPluginManager: Mounting plugin CLionSourceCodeAccess
LogPluginManager: Mounting plugin CodeLiteSourceCodeAccess
LogPluginManager: Mounting plugin GitSourceControl
LogPluginManager: Mounting plugin KDevelopSourceCodeAccess
LogPluginManager: Mounting plugin NullSourceCodeAccess
LogPluginManager: Mounting plugin PerforceSourceControl
LogPluginManager: Mounting plugin SubversionSourceControl
LogPluginManager: Mounting plugin UObjectPlugin
LogPluginManager: Mounting plugin VisualStudioCodeSourceCodeAccess
LogPluginManager: Mounting plugin VisualStudioSourceCodeAccess
LogPluginManager: Mounting plugin XCodeSourceCodeAccess
LogPluginManager: Mounting plugin AssetManagerEditor
LogPluginManager: Mounting plugin CryptoKeys
LogPluginManager: Mounting plugin CurveEditorTools
LogPluginManager: Mounting plugin DataValidation
LogPluginManager: Mounting plugin FacialAnimation
LogPluginManager: Mounting plugin GameplayTagsEditor
LogPluginManager: Mounting plugin MacGraphicsSwitching
LogPluginManager: Mounting plugin MaterialAnalyzer
LogPluginManager: Mounting plugin MobileLauncherProfileWizard
LogPluginManager: Mounting plugin PluginBrowser
LogPluginManager: Mounting plugin SpeedTreeImporter
LogPluginManager: Mounting plugin DatasmithContent
LogPluginManager: Mounting plugin VariantManagerContent
LogPluginManager: Mounting plugin AlembicImporter
LogPluginManager: Mounting plugin AutomationUtils
LogPluginManager: Mounting plugin BackChannel
LogPluginManager: Mounting plugin CharacterAI
LogPluginManager: Mounting plugin GeometryCache
LogPluginManager: Mounting plugin HTML5Networking
LogPluginManager: Mounting plugin PlatformCrypto
LogPluginManager: Mounting plugin ProxyLODPlugin
LogPluginManager: Mounting plugin SkeletalReduction
LogPluginManager: Mounting plugin MagicLeap
LogPluginManager: Mounting plugin MagicLeapMedia
LogPluginManager: Mounting plugin AndroidMedia
LogPluginManager: Mounting plugin AvfMedia
LogPluginManager: Mounting plugin ImgMedia
LogPluginManager: Mounting plugin MediaCompositing
LogPluginManager: Mounting plugin MediaPlayerEditor
LogPluginManager: Mounting plugin WebMMedia
LogPluginManager: Mounting plugin WmfMedia
LogPluginManager: Mounting plugin TcpMessaging
LogPluginManager: Mounting plugin UdpMessaging
LogPluginManager: Mounting plugin ActorSequence
LogPluginManager: Mounting plugin LevelSequenceEditor
LogPluginManager: Mounting plugin MatineeToLevelSequence
LogPluginManager: Mounting plugin NetcodeUnitTest
LogPluginManager: Mounting plugin NUTUnrealEngine4
LogPluginManager: Mounting plugin OnlineSubsystemGooglePlay
LogPluginManager: Mounting plugin OnlineSubsystemIOS
LogPluginManager: Mounting plugin OnlineSubsystem
LogPluginManager: Mounting plugin OnlineSubsystemNull
LogPluginManager: Mounting plugin OnlineSubsystemUtils
LogPluginManager: Mounting plugin LauncherChunkInstaller
LogPluginManager: Mounting plugin AndroidDeviceProfileSelector
LogPluginManager: Mounting plugin AndroidMoviePlayer
LogPluginManager: Mounting plugin AndroidPermission
LogPluginManager: Mounting plugin AppleImageUtils
LogPluginManager: Mounting plugin AppleMoviePlayer
LogPluginManager: Mounting plugin ArchVisCharacter
LogPluginManager: Mounting plugin AudioCapture
LogPluginManager: Mounting plugin CableComponent
LogPluginManager: Mounting plugin CustomMeshComponent
LogPluginManager: Mounting plugin EditableMesh
LogPluginManager: Mounting plugin ExampleDeviceProfileSelector
LogPluginManager: Mounting plugin GoogleCloudMessaging
LogPluginManager: Mounting plugin HoudiniEngine
LogPluginManager: Mounting plugin IOSDeviceProfileSelector
LogPluginManager: Mounting plugin LinuxDeviceProfileSelector
LogPluginManager: Mounting plugin LocationServicesBPLibrary
LogPluginManager: Mounting plugin MobilePatchingUtils
LogPluginManager: Mounting plugin OculusVR
LogPluginManager: Mounting plugin PhysXVehicles
LogPluginManager: Mounting plugin ProceduralMeshComponent
LogPluginManager: Mounting plugin RuntimePhysXCooking
LogPluginManager: Mounting plugin SignificanceManager
LogPluginManager: Mounting plugin SteamVR
LogPluginManager: Mounting plugin WebMMoviePlayer
LogPluginManager: Mounting plugin WindowsMoviePlayer
LogPluginManager: Mounting plugin ScreenshotTools
LogInit: Warning: Incompatible or missing module: UnrealAssets
Running C:/Program Files/Epic Games/UE_4.23/Engine/Binaries/DotNET/UnrealBuildTool.exe Development Win64 -Project="D:/Unreal/UnrealAssets/UnrealAssets.uproject" -TargetType=Editor -Progress -NoHotReloadFromIDE
Creating makefile for UnrealAssetsEditor (no existing makefile)
Houdini Engine : Looking for Houdini Engine 18.0.287 in C:/Program Files/Side Effects Software/Houdini Engine 18.0.287
Houdini Engine : Looking for Houdini 18.0.287 in C:/Program Files/Side Effects Software/Houdini 18.0.287
Houdini Engine: Found Houdini in C:/Program Files/Side Effects Software/Houdini 18.0.287
@progress push 5%
Parsing headers for UnrealAssetsEditor
  Running UnrealHeaderTool "D:\Unreal\UnrealAssets\UnrealAssets.uproject" "D:\Unreal\UnrealAssets\Intermediate\Build\Win64\UnrealAssetsEditor\Development\UnrealAssetsEditor.uhtmanifest" -LogCmds="loginit warning, logexit warning, logdatabase error" -Unattended -WarningsAsErrors -installed
Reflection code generated for UnrealAssetsEditor in 4.9303468 seconds
@progress pop
D:\Unreal\UnrealAssets\Source\UnrealAssets\DialogueNPCCharacter.cpp(1): error: Expected DialogueNPCCharacter.h to be first header included.
Using Visual Studio 2019 14.23.28105 toolchain (C:\Program Files (x86)\Microsoft Visual Studio\2019\Community\VC\Tools\MSVC\14.23.28105) and Windows 10.0.18362.0 SDK (C:\Program Files (x86)\Windows Kits\10).
Building 6 actions with 12 processes...
  @progress 'Compiling C++ source code...' 0%
  @progress 'Compiling C++ source code...' 17%
  [1/6] TryGameMode.cpp
  D:\Unreal\UnrealAssets\Source\UnrealAssets\TryGameMode.cpp(5): fatal error C1083: Cannot open include file: 'UnrealAssetsCharacter.h': No such file or directory
  @progress 'Compiling C++ source code...' 33%
  [2/6] AnimalController.cpp
  D:\Unreal\UnrealAssets\Source\UnrealAssets\AnimalController.cpp(53): error C2653: 'AUnrealAssetsCharacter': is not a class or namespace name
  D:\Unreal\UnrealAssets\Source\UnrealAssets\AnimalController.cpp(57): error C2355: 'this': can only be referenced inside non-static member functions or non-static data member initializers
  D:\Unreal\UnrealAssets\Source\UnrealAssets\AnimalController.cpp(57): error C2672: 'UInputComponent::BindAction': no matching overloaded function found
  D:\Unreal\UnrealAssets\Source\UnrealAssets\AnimalController.cpp(57): error C2780: 'FInputActionBinding &UInputComponent::BindAction(const FName,const EInputEvent,UserClass *,DelegateType::TUObjectMethodDelegate<UserClass>::FMethodPtr,VarTypes...)': expects 5 arguments - 3 provided
  C:\Program Files\Epic Games\UE_4.23\Engine\Source\Runtime\Engine\Classes\Components/InputComponent.h(821): note: see declaration of 'UInputComponent::BindAction'
  D:\Unreal\UnrealAssets\Source\UnrealAssets\AnimalController.cpp(57): error C2780: 'FInputActionBinding &UInputComponent::BindAction(const FName,const EInputEvent,UserClass *,TBaseDelegate<void,FKey>::TUObjectMethodDelegate<UserClass>::FMethodPtr)': expects 4 arguments - 3 provided
  C:\Program Files\Epic Games\UE_4.23\Engine\Source\Runtime\Engine\Classes\Components/InputComponent.h(809): note: see declaration of 'UInputComponent::BindAction'
  D:\Unreal\UnrealAssets\Source\UnrealAssets\AnimalController.cpp(57): error C2780: 'FInputActionBinding &UInputComponent::BindAction(const FName,const EInputEvent,UserClass *,TBaseDelegate<void>::TUObjectMethodDelegate<UserClass>::FMethodPtr)': expects 4 arguments - 3 provided
  C:\Program Files\Epic Games\UE_4.23\Engine\Source\Runtime\Engine\Classes\Components/InputComponent.h(797): note: see declaration of 'UInputComponent::BindAction'
  D:\Unreal\UnrealAssets\Source\UnrealAssets\AnimalController.cpp(58): error C2355: 'this': can only be referenced inside non-static member functions or non-static data member initializers
  D:\Unreal\UnrealAssets\Source\UnrealAssets\AnimalController.cpp(58): error C2672: 'UInputComponent::BindAction': no matching overloaded function found
  D:\Unreal\UnrealAssets\Source\UnrealAssets\AnimalController.cpp(58): error C2780: 'FInputActionBinding &UInputComponent::BindAction(const FName,const EInputEvent,UserClass *,DelegateType::TUObjectMethodDelegate<UserClass>::FMethodPtr,VarTypes...)': expects 5 arguments - 3 provided
  C:\Program Files\Epic Games\UE_4.23\Engine\Source\Runtime\Engine\Classes\Components/InputComponent.h(821): note: see declaration of 'UInputComponent::BindAction'
  D:\Unreal\UnrealAssets\Source\UnrealAssets\AnimalController.cpp(58): error C2780: 'FInputActionBinding &UInputComponent::BindAction(const FName,const EInputEvent,UserClass *,TBaseDelegate<void,FKey>::TUObjectMethodDelegate<UserClass>::FMethodPtr)': expects 4 arguments - 3 provided
  C:\Program Files\Epic Games\UE_4.23\Engine\Source\Runtime\Engine\Classes\Components/InputComponent.h(809): note: see declaration of 'UInputComponent::BindAction'
  D:\Unreal\UnrealAssets\Source\UnrealAssets\AnimalController.cpp(58): error C2780: 'FInputActionBinding &UInputComponent::BindAction(const FName,const EInputEvent,UserClass *,TBaseDelegate<void>::TUObjectMethodDelegate<UserClass>::FMethodPtr)': expects 4 arguments - 3 provided
  C:\Program Files\Epic Games\UE_4.23\Engine\Source\Runtime\Engine\Classes\Components/InputComponent.h(797): note: see declaration of 'UInputComponent::BindAction'
  D:\Unreal\UnrealAssets\Source\UnrealAssets\AnimalController.cpp(60): error C2355: 'this': can only be referenced inside non-static member functions or non-static data member initializers
  D:\Unreal\UnrealAssets\Source\UnrealAssets\AnimalController.cpp(60): error C2653: 'AUnrealAssetsCharacter': is not a class or namespace name
  D:\Unreal\UnrealAssets\Source\UnrealAssets\AnimalController.cpp(60): error C2065: 'MoveForward': undeclared identifier
  D:\Unreal\UnrealAssets\Source\UnrealAssets\AnimalController.cpp(61): error C2355: 'this': can only be referenced inside non-static member functions or non-static data member initializers
  D:\Unreal\UnrealAssets\Source\UnrealAssets\AnimalController.cpp(61): error C2653: 'AUnrealAssetsCharacter': is not a class or namespace name
  D:\Unreal\UnrealAssets\Source\UnrealAssets\AnimalController.cpp(61): error C2065: 'MoveRight': undeclared identifier
  D:\Unreal\UnrealAssets\Source\UnrealAssets\AnimalController.cpp(66): error C2355: 'this': can only be referenced inside non-static member functions or non-static data member initializers
  D:\Unreal\UnrealAssets\Source\UnrealAssets\AnimalController.cpp(66): error C2660: 'UInputComponent::BindAxis': function does not take 2 arguments
  C:\Program Files\Epic Games\UE_4.23\Engine\Source\Runtime\Engine\Classes\Components/InputComponent.h(846): note: see declaration of 'UInputComponent::BindAxis'
  D:\Unreal\UnrealAssets\Source\UnrealAssets\AnimalController.cpp(67): error C2355: 'this': can only be referenced inside non-static member functions or non-static data member initializers
  D:\Unreal\UnrealAssets\Source\UnrealAssets\AnimalController.cpp(67): error C2653: 'AUnrealAssetsCharacter': is not a class or namespace name
  D:\Unreal\UnrealAssets\Source\UnrealAssets\AnimalController.cpp(67): error C2065: 'TurnAtRate': undeclared identifier
  D:\Unreal\UnrealAssets\Source\UnrealAssets\AnimalController.cpp(68): error C2355: 'this': can only be referenced inside non-static member functions or non-static data member initializers
  D:\Unreal\UnrealAssets\Source\UnrealAssets\AnimalController.cpp(68): error C2660: 'UInputComponent::BindAxis': function does not take 2 arguments
  C:\Program Files\Epic Games\UE_4.23\Engine\Source\Runtime\Engine\Classes\Components/InputComponent.h(846): note: see declaration of 'UInputComponent::BindAxis'
  D:\Unreal\UnrealAssets\Source\UnrealAssets\AnimalController.cpp(69): error C2355: 'this': can only be referenced inside non-static member functions or non-static data member initializers
  D:\Unreal\UnrealAssets\Source\UnrealAssets\AnimalController.cpp(69): error C2653: 'AUnrealAssetsCharacter': is not a class or namespace name
  D:\Unreal\UnrealAssets\Source\UnrealAssets\AnimalController.cpp(69): error C2065: 'LookUpAtRate': undeclared identifier
  D:\Unreal\UnrealAssets\Source\UnrealAssets\AnimalController.cpp(72): error C2355: 'this': can only be referenced inside non-static member functions or non-static data member initializers
  D:\Unreal\UnrealAssets\Source\UnrealAssets\AnimalController.cpp(72): error C2653: 'AUnrealAssetsCharacter': is not a class or namespace name
  D:\Unreal\UnrealAssets\Source\UnrealAssets\AnimalController.cpp(72): error C2065: 'TouchStarted': undeclared identifier
  D:\Unreal\UnrealAssets\Source\UnrealAssets\AnimalController.cpp(73): error C2355: 'this': can only be referenced inside non-static member functions or non-static data member initializers
  D:\Unreal\UnrealAssets\Source\UnrealAssets\AnimalController.cpp(73): error C2653: 'AUnrealAssetsCharacter': is not a class or namespace name
  D:\Unreal\UnrealAssets\Source\UnrealAssets\AnimalController.cpp(73): error C2065: 'TouchStopped': undeclared identifier
  D:\Unreal\UnrealAssets\Source\UnrealAssets\AnimalController.cpp(76): error C2355: 'this': can only be referenced inside non-static member functions or non-static data member initializers
  D:\Unreal\UnrealAssets\Source\UnrealAssets\AnimalController.cpp(76): error C2653: 'AUnrealAssetsCharacter': is not a class or namespace name
  D:\Unreal\UnrealAssets\Source\UnrealAssets\AnimalController.cpp(76): error C2065: 'OnResetVR': undeclared identifier
  D:\Unreal\UnrealAssets\Source\UnrealAssets\AnimalController.cpp(80): error C2653: 'AUnrealAssetsCharacter': is not a class or namespace name
  D:\Unreal\UnrealAssets\Source\UnrealAssets\AnimalController.cpp(85): error C2653: 'AUnrealAssetsCharacter': is not a class or namespace name
  D:\Unreal\UnrealAssets\Source\UnrealAssets\AnimalController.cpp(87): error C3861: 'Jump': identifier not found
  D:\Unreal\UnrealAssets\Source\UnrealAssets\AnimalController.cpp(90): error C2653: 'AUnrealAssetsCharacter': is not a class or namespace name
  D:\Unreal\UnrealAssets\Source\UnrealAssets\AnimalController.cpp(92): error C3861: 'StopJumping': identifier not found
  D:\Unreal\UnrealAssets\Source\UnrealAssets\AnimalController.cpp(95): error C2653: 'AUnrealAssetsCharacter': is not a class or namespace name
  D:\Unreal\UnrealAssets\Source\UnrealAssets\AnimalController.cpp(98): error C2065: 'BaseTurnRate': undeclared identifier
  D:\Unreal\UnrealAssets\Source\UnrealAssets\AnimalController.cpp(98): error C3861: 'GetWorld': identifier not found
  D:\Unreal\UnrealAssets\Source\UnrealAssets\AnimalController.cpp(98): error C3861: 'AddControllerYawInput': identifier not found
  D:\Unreal\UnrealAssets\Source\UnrealAssets\AnimalController.cpp(101): error C2653: 'AUnrealAssetsCharacter': is not a class or namespace name
  D:\Unreal\UnrealAssets\Source\UnrealAssets\AnimalController.cpp(104): error C2065: 'BaseLookUpRate': undeclared identifier
  D:\Unreal\UnrealAssets\Source\UnrealAssets\AnimalController.cpp(104): error C3861: 'GetWorld': identifier not found
  D:\Unreal\UnrealAssets\Source\UnrealAssets\AnimalController.cpp(104): error C3861: 'AddControllerPitchInput': identifier not found
  D:\Unreal\UnrealAssets\Source\UnrealAssets\AnimalController.cpp(107): error C2653: 'AUnrealAssetsCharacter': is not a class or namespace name
  D:\Unreal\UnrealAssets\Source\UnrealAssets\AnimalController.cpp(109): error C2065: 'Controller': undeclared identifier
  D:\Unreal\UnrealAssets\Source\UnrealAssets\AnimalController.cpp(112): error C2065: 'Controller': undeclared identifier
  D:\Unreal\UnrealAssets\Source\UnrealAssets\AnimalController.cpp(117): error C3861: 'AddMovementInput': identifier not found
  D:\Unreal\UnrealAssets\Source\UnrealAssets\AnimalController.cpp(121): error C2653: 'AUnrealAssetsCharacter': is not a class or namespace name
  D:\Unreal\UnrealAssets\Source\UnrealAssets\AnimalController.cpp(123): error C2065: 'Controller': undeclared identifier
  D:\Unreal\UnrealAssets\Source\UnrealAssets\AnimalController.cpp(126): error C2065: 'Controller': undeclared identifier
  D:\Unreal\UnrealAssets\Source\UnrealAssets\AnimalController.cpp(132): error C3861: 'AddMovementInput': identifier not found
  @progress 'Compiling C++ source code...' 50%
  [3/6] UnrealAssetsGameMode.cpp
LogInit: Warning: Still incompatible or missing module: UnrealAssets
LogExit: Preparing to exit.
LogModuleManager: Shutting down and abandoning module DesktopPlatform (44)
LogModuleManager: Shutting down and abandoning module PlatformCryptoOpenSSL (42)
LogModuleManager: Shutting down and abandoning module PlatformCrypto (40)
LogModuleManager: Shutting down and abandoning module AnimationModifiers (38)
LogModuleManager: Shutting down and abandoning module PropertyEditor (37)
LogModuleManager: Shutting down and abandoning module AudioEditor (34)
LogModuleManager: Shutting down and abandoning module TextureCompressor (32)
LogModuleManager: Shutting down and abandoning module RenderCore (30)
LogModuleManager: Shutting down and abandoning module Landscape (28)
LogModuleManager: Shutting down and abandoning module SlateRHIRenderer (26)
LogModuleManager: Shutting down and abandoning module OpenGLDrv (24)
LogModuleManager: Shutting down and abandoning module D3D11RHI (22)
LogModuleManager: Shutting down and abandoning module AnimGraphRuntime (20)
LogModuleManager: Shutting down and abandoning module Renderer (18)
LogModuleManager: Shutting down and abandoning module Engine (16)
LogModuleManager: Shutting down and abandoning module CoreUObject (14)
LogModuleManager: Shutting down and abandoning module NetworkFile (12)
LogModuleManager: Shutting down and abandoning module CookedIterativeFile (10)
LogModuleManager: Shutting down and abandoning module StreamingFile (8)
LogModuleManager: Shutting down and abandoning module SandboxFile (6)
LogModuleManager: Shutting down and abandoning module PakFile (4)
LogModuleManager: Shutting down and abandoning module RSA (3)
LogExit: Exiting.
Log file closed, 12/13/19 20:02:16
