"../../../Engine/Content/Animation/DefaultAnimCurveCompressionSettings.uasset" 0
"../../../Engine/Content/ArtTools/RenderToTexture/Enums/RenderToTexture_Enum.uasset" 1
"../../../Engine/Content/ArtTools/RenderToTexture/Enums/RenderToTexture_Flipbook_Enum.uasset" 2
"../../../Engine/Content/ArtTools/RenderToTexture/Enums/RenderToTexture_Imposter_Enum.uasset" 3
"../../../Engine/Content/EditorBlueprintResources/StandardMacros.uasset" 4
"../../../Engine/Content/ArtTools/RenderToTexture/Enums/EIntTypes.uasset" 5
"../../../Engine/Content/ArtTools/RenderToTexture/Macros/RenderToTextureFunctionLibrary.uasset" 6
"../../../Engine/Content/ArtTools/RenderToTexture/Enums/EFloatTypes.uasset" 7
"../../../Engine/Content/ArtTools/RenderToTexture/Macros/RenderToTextureMacros.uasset" 8
"../../../Engine/Content/Functions/Engine_MaterialFunctions01/Opacity/CameraDepthFade.uasset" 9
"../../../Engine/Content/EngineMaterials/T_Default_Material_Grid_M.uasset" 10
"../../../Engine/Content/EngineMaterials/T_Default_Material_Grid_N.uasset" 11
"../../../Engine/Content/EngineMaterials/WorldGridMaterial.uasset" 12
"../../../Engine/Content/ArtTools/RenderToTexture/Meshes/S_1_Unit_Plane.uasset" 13
"../../../Engine/Content/EngineMaterials/DefaultMaterial.uasset" 14
"../../../Engine/Content/BasicShapes/Cone.uasset" 15
"../../../Engine/Content/BasicShapes/Cube.uasset" 16
"../../../Engine/Content/BasicShapes/Cylinder.uasset" 17
"../../../Engine/Content/EngineMaterials/DefaultPhysicalMaterial.uasset" 18
"../../../Engine/Content/BufferVisualization/AmbientOcclusion.uasset" 19
"../../../Engine/Content/BufferVisualization/BaseColor.uasset" 20
"../../../Engine/Content/BufferVisualization/CustomDepth.uasset" 21
"../../../Engine/Content/Functions/Engine_MaterialFunctions02/Utility/VectorLength.uasset" 22
"../../../Engine/Content/BufferVisualization/CustomDepthWorldUnits.uasset" 23
"../../../Engine/Content/Functions/Engine_MaterialFunctions02/Utility/BreakOutFloat2Components.uasset" 24
"../../../Engine/Content/Functions/Engine_MaterialFunctions01/Texturing/ScaleUVsByCenter.uasset" 25
"../../../Engine/Content/Functions/Engine_MaterialFunctions02/ScreenResolution.uasset" 26
"../../../Engine/Content/Functions/Engine_MaterialFunctions02/Texturing/ScreenAlignedUVs.uasset" 27
"../../../Engine/Content/Functions/Engine_MaterialFunctions02/Utility/MakeFloat2.uasset" 28
"../../../Engine/Content/Functions/Engine_MaterialFunctions02/Utility/MakeFloat3.uasset" 29
"../../../Engine/Content/EngineMaterials/MiniFont.uasset" 30
"../../../Engine/Content/BufferVisualization/CustomStencil.uasset" 31
"../../../Engine/Content/BufferVisualization/FinalImage.uasset" 32
"../../../Engine/Content/BufferVisualization/LightingModel.uasset" 33
"../../../Engine/Content/BufferVisualization/MaterialAO.uasset" 34
"../../../Engine/Content/BufferVisualization/Metallic.uasset" 35
"../../../Engine/Content/BufferVisualization/Opacity.uasset" 36
"../../../Engine/Content/BufferVisualization/PostTonemapHDRColor.uasset" 37
"../../../Engine/Content/BufferVisualization/PreTonemapHDRColor.uasset" 38
"../../../Engine/Content/BufferVisualization/Roughness.uasset" 39
"../../../Engine/Content/BufferVisualization/SceneColor.uasset" 40
"../../../Engine/Content/BufferVisualization/SceneDepth.uasset" 41
"../../../Engine/Content/BufferVisualization/SceneDepthWorldUnits.uasset" 42
"../../../Engine/Content/BufferVisualization/SeparateTranslucencyA.uasset" 43
"../../../Engine/Content/BufferVisualization/SeparateTranslucencyRGB.uasset" 44
"../../../Engine/Content/BufferVisualization/Specular.uasset" 45
"../../../Engine/Content/BufferVisualization/SubsurfaceColor.uasset" 46
"../../../Engine/Content/BufferVisualization/Velocity.uasset" 47
"../../../Engine/Content/BufferVisualization/WorldNormal.uasset" 48
"../../../Engine/Content/EditorBlueprintResources/ActorMacros.uasset" 49
"../../../Engine/Content/EditorLandscapeResources/DataLayer.uasset" 50
"../../../Engine/Content/EditorLandscapeResources/DefaultAlphaTexture.uasset" 51
"../../../Engine/Content/EditorLandscapeResources/LandscapeGizmoHeight_Mat.uasset" 52
"../../../Engine/Content/EditorLandscapeResources/LandscapeGizmo_Mat.uasset" 53
"../../../Engine/Content/EditorLandscapeResources/LandscapeGizmo_Mat_Copied.uasset" 54
"../../../Engine/Content/EditorLandscapeResources/SplineEditorMeshMat.uasset" 55
"../../../Engine/Content/EditorLandscapeResources/SplineEditorMesh.uasset" 56
"../../../Engine/Content/EditorMaterials/Cross.uasset" 57
"../../../Engine/Content/EditorMaterials/Cross_Mat.uasset" 58
"../../../Engine/Content/EditorMaterials/GizmoMaterial.uasset" 59
"../../../Engine/Content/Functions/Engine_MaterialFunctions02/ExampleContent/Textures/flipbook.uasset" 60
"../../../Engine/Content/Functions/Engine_MaterialFunctions02/Texturing/FlipBook.uasset" 61
"../../../Engine/Content/Functions/Engine_MaterialFunctions02/Utility/Sign.uasset" 62
"../../../Engine/Content/Functions/Engine_MaterialFunctions02/Utility/Round.uasset" 63
"../../../Engine/Content/EditorResources/T_EditorHelp.uasset" 64
"../../../Engine/Content/EditorMaterials/HelpActorMaterial.uasset" 65
"../../../Engine/Content/EditorMaterials/CompositeARGBLayer.uasset" 66
"../../../Engine/Content/EditorMaterials/TilingAALineIntegral.uasset" 67
"../../../Engine/Content/EditorMaterials/TilingAALineBoxFiltered.uasset" 68
"../../../Engine/Content/Functions/Engine_MaterialFunctions03/Procedurals/ComputeFilterWidth.uasset" 69
"../../../Engine/Content/EditorMaterials/TilingAADots.uasset" 70
"../../../Engine/Content/EngineMaterials/BlendFunc_DefBase.uasset" 71
"../../../Engine/Content/EngineMaterials/BlendFunc_DefBlend.uasset" 72
"../../../Engine/Content/Functions/Engine_MaterialFunctions03/Blends/Blend_Screen.uasset" 73
"../../../Engine/Content/EditorMaterials/TilingAAGrid.uasset" 74
"../../../Engine/Content/EditorMaterials/LevelGridMaterial.uasset" 75
"../../../Engine/Content/EditorMaterials/MakeCompositeARGBLayer.uasset" 76
"../../../Engine/Content/EditorResources/LevelGrid1DStripes.uasset" 77
"../../../Engine/Content/EditorMaterials/TextureGridCascaded1D.uasset" 78
"../../../Engine/Content/EditorMaterials/TextureGridCascaded2D.uasset" 79
"../../../Engine/Content/EditorMaterials/LevelGridMaterial2.uasset" 80
"../../../Engine/Content/EditorMaterials/MAT_Groups_Toggle.uasset" 81
"../../../Engine/Content/EditorMaterials/MAT_Groups_Visibility.uasset" 82
"../../../Engine/Content/EditorMaterials/AntialiasedGridFloor.uasset" 83
"../../../Engine/Content/EditorResources/TilePatine_D.uasset" 84
"../../../Engine/Content/EditorResources/TilePatine_N.uasset" 85
"../../../Engine/Content/EngineMaterials/Grid.uasset" 86
"../../../Engine/Content/EditorMaterials/PersonaFloorMat.uasset" 87
"../../../Engine/Content/EditorMaterials/PhAT_BoneSelectedMaterial.uasset" 88
"../../../Engine/Content/EditorMaterials/PhAT_ElemSelectedMaterial.uasset" 89
"../../../Engine/Content/EditorMaterials/PhAT_NoCollisionMaterial.uasset" 90
"../../../Engine/Content/EditorMaterials/PhAT_UnselectedMaterial.uasset" 91
"../../../Engine/Content/EditorMaterials/PreviewShadowIndicator.uasset" 92
"../../../Engine/Content/EditorMaterials/PreviewShadowIndicatorMaterial.uasset" 93
"../../../Engine/Content/EditorMaterials/TargetIcon.uasset" 94
"../../../Engine/Content/EditorMaterials/Tick.uasset" 95
"../../../Engine/Content/EditorMaterials/Tick_Mat.uasset" 96
"../../../Engine/Content/EditorMaterials/WidgetGridVertexColorMaterial.uasset" 97
"../../../Engine/Content/EditorMaterials/WidgetGridVertexColorMaterial_Ma.uasset" 98
"../../../Engine/Content/EditorMaterials/WidgetMaterial.uasset" 99
"../../../Engine/Content/EditorMaterials/WidgetMaterial_Current.uasset" 100
"../../../Engine/Content/EditorMaterials/WidgetMaterial_X.uasset" 101
"../../../Engine/Content/EditorMaterials/WidgetMaterial_Y.uasset" 102
"../../../Engine/Content/EditorMaterials/WidgetMaterial_Z.uasset" 103
"../../../Engine/Content/EditorMaterials/WidgetVertexColorMaterial.uasset" 104
"../../../Engine/Content/EditorMaterials/MatineeGroups/MAT_ColorTrack.uasset" 105
"../../../Engine/Content/EditorMaterials/MatineeGroups/MAT_Groups_Anim.uasset" 106
"../../../Engine/Content/EditorMaterials/MatineeGroups/MAT_Groups_AudioMaster.uasset" 107
"../../../Engine/Content/EditorMaterials/MatineeGroups/MAT_Groups_Director.uasset" 108
"../../../Engine/Content/EditorMaterials/MatineeGroups/MAT_Groups_Event.uasset" 109
"../../../Engine/Content/EditorMaterials/MatineeGroups/MAT_Groups_Fade.uasset" 110
"../../../Engine/Content/EditorMaterials/MatineeGroups/MAT_Groups_Float.uasset" 111
"../../../Engine/Content/EditorMaterials/MatineeGroups/MAT_Groups_Move.uasset" 112
"../../../Engine/Content/EditorMaterials/MatineeGroups/MAT_Groups_Slomo.uasset" 113
"../../../Engine/Content/EditorMaterials/MatineeGroups/MAT_Groups_Sound.uasset" 114
"../../../Engine/Content/EditorMaterials/MatineeGroups/MAT_Groups_Vector.uasset" 115
"../../../Engine/Content/EditorMaterials/ParticleSystems/PSysThumbnail_NoImage.uasset" 116
"../../../Engine/Content/EditorMaterials/ParticleSystems/PSysThumbnail_OOD.uasset" 117
"../../../Engine/Content/EditorMaterials/Thumbnails/FloorPlaneMaterial.uasset" 118
"../../../Engine/Content/EditorMeshes/EditorCube.uasset" 119
"../../../Engine/Content/EditorMeshes/EditorCylinder.uasset" 120
"../../../Engine/Content/EditorMeshes/EditorPlane.uasset" 121
"../../../Engine/Content/EditorMaterials/Thumbnails/SkySphereMaterial.uasset" 122
"../../../Engine/Content/EditorMeshes/EditorSkySphere.uasset" 123
"../../../Engine/Content/EditorMeshes/EditorSphere.uasset" 124
"../../../Engine/Content/EditorResources/MatineeCam_D.uasset" 125
"../../../Engine/Content/EditorMaterials/MatineeCam_mat.uasset" 126
"../../../Engine/Content/EditorMeshes/MatineeCam_SM.uasset" 127
"../../../Engine/Content/Functions/Engine_MaterialFunctions01/Shading/ConvertFromDiffSpec.uasset" 128
"../../../Engine/Content/EditorMaterials/GridMaterial.uasset" 129
"../../../Engine/Content/EditorMeshes/PhAT_FloorBox.uasset" 130
"../../../Engine/Content/EditorMeshes/PlanarReflectionPlane.uasset" 131
"../../../Engine/Content/EditorMaterials/Camera/CineMat.uasset" 132
"../../../Engine/Content/EditorMaterials/Camera/MI_CineMat_CameraBody.uasset" 133
"../../../Engine/Content/EngineDebugMaterials/M_SimpleOpaque.uasset" 134
"../../../Engine/Content/EditorMaterials/Camera/MI_CineMat_CamViewFinder.uasset" 135
"../../../Engine/Content/EditorMeshes/Camera/SM_CineCam.uasset" 136
"../../../Engine/Content/EditorMaterials/Camera/MI_CineMat_Rig.uasset" 137
"../../../Engine/Content/EditorMeshes/Camera/SM_CraneRig_Arm.uasset" 138
"../../../Engine/Content/EditorMeshes/Camera/SM_CraneRig_Base.uasset" 139
"../../../Engine/Content/EditorMeshes/Camera/SM_CraneRig_Body.uasset" 140
"../../../Engine/Content/EditorMeshes/Camera/SM_CraneRig_Mount.uasset" 141
"../../../Engine/Content/EditorMeshes/Camera/SM_RailRig_Mount.uasset" 142
"../../../Engine/Content/EditorMeshes/Camera/SM_RailRig_Track.uasset" 143
"../../../Engine/Content/EditorMeshes/ColorCalibrator/M_ChromeBall.uasset" 144
"../../../Engine/Content/EditorResources/Bad.uasset" 145
"../../../Engine/Content/EditorResources/BSPVertex.uasset" 146
"../../../Engine/Content/EditorResources/EmptyActor.uasset" 147
"../../../Engine/Content/EditorResources/MatInstActSprite.uasset" 148
"../../../Engine/Content/EditorResources/SceneManager.uasset" 149
"../../../Engine/Content/EditorResources/SmallFont.uasset" 150
"../../../Engine/Content/EditorResources/S_Actor.uasset" 151
"../../../Engine/Content/EditorResources/S_DecalActorIcon.uasset" 152
"../../../Engine/Content/EditorResources/S_Emitter.uasset" 153
"../../../Engine/Content/EditorResources/S_ExpoHeightFog.uasset" 154
"../../../Engine/Content/EditorResources/S_FTest.uasset" 155
"../../../Engine/Content/EditorResources/S_KBSJoint.uasset" 156
"../../../Engine/Content/EditorResources/S_KHinge.uasset" 157
"../../../Engine/Content/EditorResources/S_KPrismatic.uasset" 158
"../../../Engine/Content/EditorResources/S_LevelSequence.uasset" 159
"../../../Engine/Content/EditorResources/S_NavP.uasset" 160
"../../../Engine/Content/EditorResources/S_Note.uasset" 161
"../../../Engine/Content/EditorResources/S_Player.uasset" 162
"../../../Engine/Content/EditorResources/S_PortalActorIcon2.uasset" 163
"../../../Engine/Content/EditorResources/S_RadForce.uasset" 164
"../../../Engine/Content/EditorResources/S_ReflActorIcon.uasset" 165
"../../../Engine/Content/EditorResources/S_Solver.uasset" 166
"../../../Engine/Content/EditorResources/S_Terrain.uasset" 167
"../../../Engine/Content/EditorResources/S_TextRenderActorIcon.uasset" 168
"../../../Engine/Content/EditorResources/S_Thruster.uasset" 169
"../../../Engine/Content/EditorResources/S_Trigger.uasset" 170
"../../../Engine/Content/EditorResources/S_VectorFieldVol.uasset" 171
"../../../Engine/Content/EditorResources/S_WindDirectional.uasset" 172
"../../../Engine/Content/EditorResources/AI/S_NavLink.uasset" 173
"../../../Engine/Content/EditorResources/AudioIcons/S_AudioComponent_AutoActivate.uasset" 174
"../../../Engine/Content/EditorResources/LightIcons/SkyLight.uasset" 175
"../../../Engine/Content/EditorResources/LightIcons/S_LightDirectional.uasset" 176
"../../../Engine/Content/EditorResources/LightIcons/S_LightDirectionalMove.uasset" 177
"../../../Engine/Content/EditorResources/LightIcons/S_LightError.uasset" 178
"../../../Engine/Content/EditorResources/LightIcons/S_LightPoint.uasset" 179
"../../../Engine/Content/EditorResources/LightIcons/S_LightPointMove.uasset" 180
"../../../Engine/Content/EditorResources/LightIcons/S_LightSpot.uasset" 181
"../../../Engine/Content/EditorResources/LightIcons/S_LightSpotMove.uasset" 182
"../../../Engine/Content/EditorResources/SequenceRecorder/Countdown.uasset" 183
"../../../Engine/Content/EditorResources/SequenceRecorder/RecordingIndicator.uasset" 184
"../../../Engine/Content/EditorResources/Spline/T_Loft_Spline.uasset" 185
"../../../Engine/Content/EditorSounds/Notifications/CompileFailed.uasset" 186
"../../../Engine/Content/EditorSounds/Notifications/CompileFailed_Cue.uasset" 187
"../../../Engine/Content/EditorSounds/Notifications/CompileSuccess.uasset" 188
"../../../Engine/Content/EditorSounds/Notifications/CompileStart_Cue.uasset" 189
"../../../Engine/Content/EditorSounds/Notifications/CompileSuccess_Cue.uasset" 190
"../../../Engine/Content/EngineDamageTypes/DmgTypeBP_Environmental.uasset" 191
"../../../Engine/Content/EngineDebugMaterials/HeatmapGradient.uasset" 192
"../../../Engine/Content/EngineDebugMaterials/BoneWeightMaterial.uasset" 193
"../../../Engine/Content/EngineDebugMaterials/ClothMaterial.uasset" 194
"../../../Engine/Content/EngineDebugMaterials/ClothMaterial_WF.uasset" 195
"../../../Engine/Content/EngineDebugMaterials/DebugEditorMaterial.uasset" 196
"../../../Engine/Content/EngineDebugMaterials/DebugMeshMaterial.uasset" 197
"../../../Engine/Content/EngineDebugMaterials/GeomMaterial.uasset" 198
"../../../Engine/Content/EngineDebugMaterials/LevelColorationLitMaterial.uasset" 199
"../../../Engine/Content/EngineDebugMaterials/LevelColorationUnlitMaterial.uasset" 200
"../../../Engine/Content/EngineMaterials/DefaultWhiteGrid.uasset" 201
"../../../Engine/Content/EngineDebugMaterials/MAT_LevelColorationLitLightmapUV.uasset" 202
"../../../Engine/Content/EngineDebugMaterials/M_SimpleTranslucent.uasset" 203
"../../../Engine/Content/Functions/Engine_MaterialFunctions02/Utility/CameraDirectionVector.uasset" 204
"../../../Engine/Content/EngineDebugMaterials/VolumeToRender.uasset" 205
"../../../Engine/Content/EngineDebugMaterials/M_VolumeRenderSphereTracePP.uasset" 206
"../../../Engine/Content/EngineDebugMaterials/ShadedLevelColorationLitMaterial.uasset" 207
"../../../Engine/Content/EngineDebugMaterials/ShadedLevelColorationUnlitMateri.uasset" 208
"../../../Engine/Content/EngineDebugMaterials/VertexColorMaterial.uasset" 209
"../../../Engine/Content/EngineDebugMaterials/VertexColorViewMode_AlphaAsColor.uasset" 210
"../../../Engine/Content/EngineDebugMaterials/VertexColorViewMode_BlueOnly.uasset" 211
"../../../Engine/Content/EngineDebugMaterials/VertexColorViewMode_ColorOnly.uasset" 212
"../../../Engine/Content/EngineDebugMaterials/VertexColorViewMode_GreenOnly.uasset" 213
"../../../Engine/Content/EngineDebugMaterials/VertexColorViewMode_RedOnly.uasset" 214
"../../../Engine/Content/EngineDebugMaterials/WireframeMaterial.uasset" 215
"../../../Engine/Content/EngineFonts/Faces/RobotoBold.uasset" 216
"../../../Engine/Content/EngineFonts/Faces/RobotoBoldItalic.uasset" 217
"../../../Engine/Content/EngineFonts/Faces/RobotoItalic.uasset" 218
"../../../Engine/Content/EngineFonts/Faces/RobotoLight.uasset" 219
"../../../Engine/Content/EngineFonts/Faces/RobotoRegular.uasset" 220
"../../../Engine/Content/EngineFonts/Roboto.uasset" 221
"../../../Engine/Content/EngineFonts/Faces/RobotoTiny.uasset" 222
"../../../Engine/Content/EngineFonts/RobotoTiny.uasset" 223
"../../../Engine/Content/EngineFonts/SmallFont.uasset" 224
"../../../Engine/Content/EngineFonts/TinyFont.uasset" 225
"../../../Engine/Content/EngineMaterials/BaseFlattenDiffuseMap.uasset" 226
"../../../Engine/Content/EngineMaterials/BaseFlattenEmissiveMap.uasset" 227
"../../../Engine/Content/EngineMaterials/BaseFlattenGrayscaleMap.uasset" 228
"../../../Engine/Content/EngineMaterials/BaseFlattenNormalMap.uasset" 229
"../../../Engine/Content/EngineMaterials/BaseFlattenMaterial.uasset" 230
"../../../Engine/Content/EngineResources/WhiteSquareTexture.uasset" 231
"../../../Engine/Content/EngineMaterials/BlinkingCaret.uasset" 232
"../../../Engine/Content/EngineMaterials/BlueNoise.uasset" 233
"../../../Engine/Content/EngineMaterials/DefaultBloomKernel.uasset" 234
"../../../Engine/Content/EngineMaterials/DefaultBokeh.uasset" 235
"../../../Engine/Content/EngineMaterials/DefaultDiffuse.uasset" 236
"../../../Engine/Content/EngineMaterials/DefaultDeferredDecalMaterial.uasset" 237
"../../../Engine/Content/EngineMaterials/DefaultLightFunctionMaterial.uasset" 238
"../../../Engine/Content/EngineMaterials/DefaultPostProcessMaterial.uasset" 239
"../../../Engine/Content/EngineFonts/RobotoDistanceField.uasset" 240
"../../../Engine/Content/EngineMaterials/DefaultTextMaterialOpaque.uasset" 241
"../../../Engine/Content/EngineMaterials/DefaultVirtualTextureMaterial.uasset" 242
"../../../Engine/Content/EngineMaterials/EditorBrushMaterial.uasset" 243
"../../../Engine/Content/EngineMaterials/DefaultWhiteGrid_Low.uasset" 244
"../../../Engine/Content/EngineMaterials/EmissiveMeshMaterial.uasset" 245
"../../../Engine/Content/EngineMaterials/Grid_N.uasset" 246
"../../../Engine/Content/EngineMaterials/HighResolutionScreenshotMaskFunction.uasset" 247
"../../../Engine/Content/EngineMaterials/HighResScreenshot.uasset" 248
"../../../Engine/Content/EngineMaterials/HighResScreenshotCaptureRegion.uasset" 249
"../../../Engine/Content/EngineMaterials/HighResScreenshotMask.uasset" 250
"../../../Engine/Content/EngineMaterials/LandscapeHolePhysicalMaterial.uasset" 251
"../../../Engine/Content/EngineMaterials/InvalidLightmapSettings.uasset" 252
"../../../Engine/Content/EngineMaterials/M_InvalidLightmapSettings.uasset" 253
"../../../Engine/Content/EngineMaterials/PaperDiffuse.uasset" 254
"../../../Engine/Content/EngineMaterials/PaperNormal.uasset" 255
"../../../Engine/Content/Functions/Engine_MaterialFunctions02/WorldPositionOffset/CameraOffset.uasset" 256
"../../../Engine/Content/EngineMaterials/PhAT_JointLimitMaterial.uasset" 257
"../../../Engine/Content/EngineMaterials/PhysMat_Rubber.uasset" 258
"../../../Engine/Content/EngineMaterials/PreintegratedSkinBRDF.uasset" 259
"../../../Engine/Content/EngineMaterials/RemoveSurfaceMaterial.uasset" 260
"../../../Engine/Content/EngineMaterials/WeightMapPlaceholderTexture.uasset" 261
"../../../Engine/Content/EngineMaterials/Widget3DPassThrough.uasset" 262
"../../../Engine/Content/EngineMaterials/Widget3DPassThrough_Masked.uasset" 263
"../../../Engine/Content/EngineMaterials/Widget3DPassThrough_Opaque.uasset" 264
"../../../Engine/Content/EngineMaterials/Widget3DPassThrough_Masked_OneSided.uasset" 265
"../../../Engine/Content/EngineMaterials/Widget3DPassThrough_Opaque_OneSided.uasset" 266
"../../../Engine/Content/EngineMaterials/Widget3DPassThrough_Translucent.uasset" 267
"../../../Engine/Content/EngineMaterials/Widget3DPassThrough_Translucent_OneSided.uasset" 268
"../../../Engine/Content/EngineMeshes/Cylinder.uasset" 269
"../../../Engine/Content/EngineMeshes/Sphere.uasset" 270
"../../../Engine/Content/EngineResources/Black.uasset" 271
"../../../Engine/Content/EngineResources/DefaultTexture.uasset" 272
"../../../Engine/Content/EngineResources/DefaultTextureCube.uasset" 273
"../../../Engine/Content/EngineResources/DefaultVolumeTexture2D.uasset" 274
"../../../Engine/Content/EngineResources/DefaultVolumeTexture.uasset" 275
"../../../Engine/Content/EngineResources/GradientTexture0.uasset" 276
"../../../Engine/Content/EngineResources/StreamingPauseIcon.uasset" 277
"../../../Engine/Content/EngineResources/M_StreamingPause.uasset" 278
"../../../Engine/Content/EngineSounds/Master.uasset" 279
"../../../Engine/Content/Functions/Engine_MaterialFunctions01/Shading/PowerToRoughness.uasset" 280
"../../../Engine/Content/Maps/Entry_BuiltData.uasset" 281
"../../../Engine/Content/Maps/Templates/Thumbnails/Default.uasset" 282
"../../../Engine/Content/Maps/Templates/Thumbnails/VR-Basic.uasset" 283
"../../../Engine/Content/MapTemplates/SM_Template_Map_Floor.uasset" 284
"../../../Engine/Content/MapTemplates/Sky/DaylightAmbientCubemap.uasset" 285
"../../../Engine/Content/MobileResources/T_MobileControls_texture.uasset" 286
"../../../Engine/Content/MobileResources/T_MobileMenu2.uasset" 287
"../../../Engine/Content/MobileResources/HUD/AnalogHat.uasset" 288
"../../../Engine/Content/MobileResources/HUD/VirtualJoystick_Background.uasset" 289
"../../../Engine/Content/MobileResources/HUD/VirtualJoystick_Thumb.uasset" 290
"../../../Engine/Content/MobileResources/HUD/DefaultVirtualJoysticks.uasset" 291
"../../../Engine/Content/MobileResources/HUD/LeftVirtualJoystickOnly.uasset" 292
"../../../Engine/Content/MobileResources/HUD/MobileHUDButton1_off.uasset" 293
"../../../Engine/Content/MobileResources/HUD/MobileHUDButton1_on.uasset" 294
"../../../Engine/Content/MobileResources/HUD/MobileHUDButton2_off.uasset" 295
"../../../Engine/Content/MobileResources/HUD/MobileHUDButton2_on.uasset" 296
"../../../Engine/Content/MobileResources/HUD/MobileHUDButton3.uasset" 297
"../../../Engine/Content/MobileResources/HUD/MobileHUDButtonFire.uasset" 298
"../../../Engine/Content/MobileResources/HUD/MobileHUDDirectionPad.uasset" 299
"../../../Engine/Content/MobileResources/HUD/MobileHUDDirectionPad2.uasset" 300
"../../../Engine/Content/MobileResources/HUD/MobileHUDDirectionPad3.uasset" 301
"../../../Engine/Content/MobileResources/HUD/MobileHUDDirectionStick.uasset" 302
"../../../Engine/Content/MobileResources/HUD/T_Castle_ThumbstickInner.uasset" 303
"../../../Engine/Content/MobileResources/HUD/T_Castle_ThumbstickOutter.uasset" 304
"../../../Engine/Content/Tutorial/ContentIntroCurve.uasset" 305
"../../../Engine/Content/Tutorial/Basics/LevelEditorAttract.uasset" 306
"../../../Engine/Content/Tutorial/Basics/TutorialAssets/icon_tab_Levels_40x.uasset" 307
"../../../Engine/Content/Tutorial/Basics/LevelEditorOverview.uasset" 308
"../../../Engine/Content/Tutorial/BlueprintTutorials/TutorialAssets/Blueprint_64x.uasset" 309
"../../../Engine/Content/Tutorial/BlueprintTutorials/BlueprintEditorTutorial.uasset" 310
"../../../Engine/Content/Tutorial/BlueprintTutorials/TutorialAssets/Tutorial_BP_MacroLib.uasset" 311
"../../../Engine/Content/VREditor/LaserPointer/VR_LaserPower_01.uasset" 312
"../../../Engine/Content/VREditor/TransformGizmo/TransformGizmoMaterial.uasset" 313
"../../../Engine/Content/VREditor/TransformGizmo/TranslucentTransformGizmoMaterial.uasset" 314
"../../../Engine/Content/VREditor/TransformGizmo/BoundingBoxCorner.uasset" 315
"../../../Engine/Content/VREditor/TransformGizmo/BoundingBoxEdge.uasset" 316
"../../../Engine/Content/VREditor/TransformGizmo/PlaneTranslationHandle.uasset" 317
"../../../Engine/Content/VREditor/TransformGizmo/Main.uasset" 318
"../../../Engine/Content/VREditor/TransformGizmo/Xray.uasset" 319
"../../../Engine/Content/VREditor/TransformGizmo/SM_Sequencer_Key.uasset" 320
"../../../Engine/Content/VREditor/TransformGizmo/SM_Sequencer_Node.uasset" 321
"D:/GitHub/Unreal_CPP/UnrealCPP/Content/MyMaps/Materials/TerrainTextures/GroundGravel_D.uasset" 322
"D:/GitHub/Unreal_CPP/UnrealCPP/Content/MyMaps/Materials/TerrainTextures/GroundGravel_N.uasset" 323
"D:/GitHub/Unreal_CPP/UnrealCPP/Content/MyMaps/Materials/TerrainTextures/MossGround_D.uasset" 324
"D:/GitHub/Unreal_CPP/UnrealCPP/Content/MyMaps/Materials/TerrainTextures/MossGround_N.uasset" 325
"D:/GitHub/Unreal_CPP/UnrealCPP/Content/MyMaps/Materials/TerrainTextures/RockCliffs_D.uasset" 326
"D:/GitHub/Unreal_CPP/UnrealCPP/Content/MyMaps/Materials/TerrainTextures/RockCliffs_N.uasset" 327
"D:/GitHub/Unreal_CPP/UnrealCPP/Content/MyMaps/Materials/TerreainMaterial.uasset" 328
"D:/GitHub/Unreal_CPP/UnrealCPP/Content/MenuAssets/ButtonTemplate.uasset" 329
"../../../Engine/Content/Functions/Engine_MaterialFunctions01/Texturing/FlattenNormal.uasset" 330
"../../../Engine/Content/Functions/Engine_MaterialFunctions02/Math/AddComponents.uasset" 331
"../../../Engine/Content/Functions/Engine_MaterialFunctions02/Math/MakeVectorsOrthogonal.uasset" 332
"../../../Engine/Content/Functions/Engine_MaterialFunctions02/Math/TimeWithSpeedVariable.uasset" 333
"../../../Engine/Content/Functions/Engine_MaterialFunctions02/Utility/BreakOutFloat3Components.uasset" 334
"../../../Engine/Content/Functions/Engine_MaterialFunctions02/Math/Transform3x3Matrix.uasset" 335
"../../../Engine/Content/Functions/Engine_MaterialFunctions02/SmoothThreshold.uasset" 336
"../../../Engine/Content/Functions/Engine_MaterialFunctions02/Utility/BlendAngleCorrectedNormals.uasset" 337
"../../../Engine/Content/Functions/Engine_MaterialFunctions02/Utility/LinearSine.uasset" 338
"../../../Engine/Content/EngineMaterials/DefaultNormal.uasset" 339
"../../../Engine/Content/Functions/Engine_MaterialFunctions02/ExampleContent/Textures/LowResBlurredNoise.uasset" 340
"../../../Engine/Content/Functions/Engine_MaterialFunctions02/Texturing/FlowMaps_Simple.uasset" 341
"D:/GitHub/Unreal_CPP/UnrealCPP/Content/ParagonProps/Monolith/Dawn/Materials/PM_ShallowWater.uasset" 342
"D:/GitHub/Unreal_CPP/UnrealCPP/Content/ParagonProps/Monolith/Dawn/Textures/Oxidation_D.uasset" 343
"D:/GitHub/Unreal_CPP/UnrealCPP/Content/ParagonProps/Monolith/Dawn/Textures/RT_Caustics_Tex2.uasset" 344
"D:/GitHub/Unreal_CPP/UnrealCPP/Content/ParagonProps/Monolith/Dawn/Textures/T_CloudScape_08_Details.uasset" 345
"D:/GitHub/Unreal_CPP/UnrealCPP/Content/ParagonProps/Monolith/Dawn/Textures/T_MarbleMix_D.uasset" 346
"D:/GitHub/Unreal_CPP/UnrealCPP/Content/ParagonProps/Monolith/Dawn/Textures/T_TilingNoise03.uasset" 347
"D:/GitHub/Unreal_CPP/UnrealCPP/Content/ParagonProps/Monolith/Dawn/Textures/T_Turbulence_AdditiveWarp_Linear.uasset" 348
"D:/GitHub/Unreal_CPP/UnrealCPP/Content/ParagonProps/Monolith/Dawn/Textures/T_WaveDisplaced_H.uasset" 349
"D:/GitHub/Unreal_CPP/UnrealCPP/Content/ParagonProps/Monolith/Dawn/Textures/T_WaveDisplaced_N.uasset" 350
"D:/GitHub/Unreal_CPP/UnrealCPP/Content/ParagonProps/Monolith/Dawn/Materials/M_WaterFloor_Master.uasset" 351
"../../Plugins/2D/Paper2D/Content/PlaceholderTextures/DummySpriteTexture.uasset" 352
"../../Plugins/2D/Paper2D/Content/DummySprite.uasset" 353
"../../Plugins/2D/Paper2D/Content/DefaultPaperTerrainMaterial.uasset" 354
"../../Plugins/2D/Paper2D/Content/DefaultSpriteMaterial.uasset" 355
"../../Plugins/2D/Paper2D/Content/MaskedUnlitSpriteMaterial.uasset" 356
"../../Plugins/2D/Paper2D/Content/OpaqueUnlitSpriteMaterial.uasset" 357
"../../Plugins/Enterprise/DatasmithContent/Content/Blueprints/FBXImporter/ArrayOfActor.uasset" 358
"../../Plugins/Enterprise/DatasmithContent/Content/Blueprints/FBXImporter/ArrayOfSwitch.uasset" 359
"../../Plugins/Enterprise/DatasmithContent/Content/Blueprints/FBXImporter/BP_SceneNode.uasset" 360
"../../Plugins/Enterprise/DatasmithContent/Content/Blueprints/FBXImporter/BP_Switch.uasset" 361
"../../Plugins/Enterprise/DatasmithContent/Content/Blueprints/FBXImporter/BP_SceneRoot.uasset" 362
"../../Plugins/Enterprise/DatasmithContent/Content/Blueprints/FBXImporter/FBXImporterUtils.uasset" 363
"../../Plugins/Enterprise/DatasmithContent/Content/Blueprints/FBXImporter/Animation/DeltaGenAnimationTrackType.uasset" 364
"../../Plugins/Enterprise/DatasmithContent/Content/Blueprints/FBXImporter/Animation/VREDAnimationTrackComponent.uasset" 365
"../../Plugins/Enterprise/DatasmithContent/Content/Blueprints/FBXImporter/Animation/VREDAnimationTrackType.uasset" 366
"../../Plugins/Enterprise/DatasmithContent/Content/Blueprints/FBXImporter/Animation/VREDAnimCurveComponent.uasset" 367
"../../Plugins/Enterprise/DatasmithContent/Content/Blueprints/FBXImporter/Animation/VREDAnimCurveType.uasset" 368
"../../Plugins/Enterprise/DatasmithContent/Content/Blueprints/FBXImporter/Variants/VariantSwitchType.uasset" 369
"../../Plugins/Enterprise/DatasmithContent/Content/Blueprints/FBXImporter/Variants/VREDVariantSwitchType.uasset" 370
"../../Plugins/Enterprise/DatasmithContent/Content/Blueprints/FBXImporter/Variants/VREDVariantType.uasset" 371
"../../Plugins/Runtime/Oculus/OculusVR/Content/OculusMR_RenderTarget.uasset" 372
"../../../Engine/Content/Functions/Engine_MaterialFunctions02/Utility/BreakOutFloat4Components.uasset" 373
"../../Plugins/Runtime/Oculus/OculusVR/Content/Materials/OculusMR_ChromaKey.uasset" 374
"../../Plugins/Runtime/Oculus/OculusVR/Content/Materials/OculusMR_ChromaKey_Lit.uasset" 375
"../../Plugins/Runtime/Oculus/OculusVR/Content/Materials/OculusMR_OpaqueColoredMaterial.uasset" 376
"../../Plugins/Runtime/Oculus/OculusVR/Content/Materials/OculusMR_WhiteMaterial.uasset" 377
"D:/GitHub/Unreal_CPP/UnrealCPP/Content/AdvancedVillagePack/Blueprints/Misc/BP_Interface_OnDayOnNight.uasset" 378
"D:/GitHub/Unreal_CPP/UnrealCPP/Content/AdvancedVillagePack/Blueprints/Misc/BP_Misc_DayNight_Cycle.uasset" 379
"D:/GitHub/Unreal_CPP/UnrealCPP/Content/AnimalVarietyPack/Fox/Meshes/SK_Fox_Skeleton.uasset" 380
"D:/GitHub/Unreal_CPP/UnrealCPP/Content/AnimalVarietyPack/Fox/Animations/ANIM_Fox_JumpBite.uasset" 381
"D:/GitHub/Unreal_CPP/UnrealCPP/Content/AnimalVarietyPack/Fox/Animations/ANIM_Fox_IdleLookAround.uasset" 382
"D:/GitHub/Unreal_CPP/UnrealCPP/Content/AnimalVarietyPack/Fox/Animations/ANIM_Fox_Run.uasset" 383
"D:/GitHub/Unreal_CPP/UnrealCPP/Content/AnimalVarietyPack/Fox/Animations/ANIM_Fox_Walk.uasset" 384
"D:/GitHub/Unreal_CPP/UnrealCPP/Content/ThirdPersonCPP/Blueprints/FoxAnim/Fox_Blend.uasset" 385
"D:/GitHub/Unreal_CPP/UnrealCPP/Content/ThirdPersonCPP/Blueprints/FoxAnim/ABP_Fox.uasset" 386
"D:/GitHub/Unreal_CPP/UnrealCPP/Content/AnimalVarietyPack/Fox/Textures/T_Fox_BaseColor.uasset" 387
"D:/GitHub/Unreal_CPP/UnrealCPP/Content/AnimalVarietyPack/Fox/Textures/T_Fox_Nml.uasset" 388
"D:/GitHub/Unreal_CPP/UnrealCPP/Content/AnimalVarietyPack/Fox/Textures/T_Fox_OcclusionRoughnessMetallic.uasset" 389
"D:/GitHub/Unreal_CPP/UnrealCPP/Content/AnimalVarietyPack/Fox/Textures/T_Fox_Specular.uasset" 390
"D:/GitHub/Unreal_CPP/UnrealCPP/Content/AnimalVarietyPack/Fox/Materials/M_Fox.uasset" 391
"D:/GitHub/Unreal_CPP/UnrealCPP/Content/AnimalVarietyPack/Fox/Materials/M_FoxFur.uasset" 392
"D:/GitHub/Unreal_CPP/UnrealCPP/Content/Materials/PossessedMaterial.uasset" 393
"D:/GitHub/Unreal_CPP/UnrealCPP/Content/AnimalVarietyPack/Fox/Meshes/SK_Fox_PhysicsAsset.uasset" 394
"D:/GitHub/Unreal_CPP/UnrealCPP/Content/AnimalVarietyPack/Fox/Meshes/SK_Fox.uasset" 395
"D:/GitHub/Unreal_CPP/UnrealCPP/Content/ThirdPersonCPP/Blueprints/UI/DialogueViewport.uasset" 396
"D:/GitHub/Unreal_CPP/UnrealCPP/Content/ThirdPersonCPP/Blueprints/FoxCharacter.uasset" 397
"D:/GitHub/Unreal_CPP/UnrealCPP/Content/AdvancedVillagePack/Animations/Butterfly_Anim_Var01_Skeleton.uasset" 398
"D:/GitHub/Unreal_CPP/UnrealCPP/Content/AdvancedVillagePack/Animations/Butterfly_Anim_Var01_Anim.uasset" 399
"D:/GitHub/Unreal_CPP/UnrealCPP/Content/AdvancedVillagePack/Animations/Butterfly_Anim_Var02_Anim.uasset" 400
"D:/GitHub/Unreal_CPP/UnrealCPP/Content/AdvancedVillagePack/Animations/Butterfly_Anim_Var03_Anim.uasset" 401
"D:/GitHub/Unreal_CPP/UnrealCPP/Content/AdvancedVillagePack/Animations/Butterfly_Anim_Var04_Anim.uasset" 402
"D:/GitHub/Unreal_CPP/UnrealCPP/Content/AdvancedVillagePack/Animations/Butterfly_Anim_Var05_Anim.uasset" 403
"D:/GitHub/Unreal_CPP/UnrealCPP/Content/AdvancedVillagePack/Textures/Effects/T_Butterflies_D.uasset" 404
"D:/GitHub/Unreal_CPP/UnrealCPP/Content/AdvancedVillagePack/Textures/Effects/T_Butterflies_O.uasset" 405
"D:/GitHub/Unreal_CPP/UnrealCPP/Content/AdvancedVillagePack/Materials/M_Simple_Cutout.uasset" 406
"D:/GitHub/Unreal_CPP/UnrealCPP/Content/AdvancedVillagePack/Materials/M_Inst_Butterflies.uasset" 407
"D:/GitHub/Unreal_CPP/UnrealCPP/Content/AdvancedVillagePack/Animations/Butterfly_Anim_Var01.uasset" 408
"D:/GitHub/Unreal_CPP/UnrealCPP/Content/AdvancedVillagePack/Meshes/ButterflyBody.uasset" 409
"D:/GitHub/Unreal_CPP/UnrealCPP/Content/AdvancedVillagePack/Meshes/ButterflyWing.uasset" 410
"D:/GitHub/Unreal_CPP/UnrealCPP/Content/AdvancedVillagePack/Blueprints/BP_Butterfly.uasset" 411
"D:/GitHub/Unreal_CPP/UnrealCPP/Content/AdvancedVillagePack/Textures/T_Pack_11_Leafs_DO.uasset" 412
"D:/GitHub/Unreal_CPP/UnrealCPP/Content/AdvancedVillagePack/Materials/M_Pfx_Additive.uasset" 413
"D:/GitHub/Unreal_CPP/UnrealCPP/Content/AdvancedVillagePack/Textures/Effects/T_Pfx_FlamesAtlas.uasset" 414
"D:/GitHub/Unreal_CPP/UnrealCPP/Content/AdvancedVillagePack/Materials/M_Inst_Pfx_Flames.uasset" 415
"D:/GitHub/Unreal_CPP/UnrealCPP/Content/AdvancedVillagePack/Textures/Effects/T_Pfx_Spark.uasset" 416
"D:/GitHub/Unreal_CPP/UnrealCPP/Content/AdvancedVillagePack/Materials/M_Inst_Pfx_Sparks.uasset" 417
"D:/GitHub/Unreal_CPP/UnrealCPP/Content/AdvancedVillagePack/Effects/Pfx_FireCamp.uasset" 418
"D:/GitHub/Unreal_CPP/UnrealCPP/Content/AdvancedVillagePack/Effects/Pfx_LightInsectsCampFire.uasset" 419
"D:/GitHub/Unreal_CPP/UnrealCPP/Content/AdvancedVillagePack/Materials/M_Pfx_TranslucentLit.uasset" 420
"D:/GitHub/Unreal_CPP/UnrealCPP/Content/AdvancedVillagePack/Textures/Effects/T_Pfx_Smoke.uasset" 421
"D:/GitHub/Unreal_CPP/UnrealCPP/Content/AdvancedVillagePack/Materials/M_Inst_Pfx_SmokeChimney.uasset" 422
"D:/GitHub/Unreal_CPP/UnrealCPP/Content/AdvancedVillagePack/Effects/Pfx_SmokeFireCamp.uasset" 423
"D:/GitHub/Unreal_CPP/UnrealCPP/Content/AdvancedVillagePack/Textures/T_Detail_N.uasset" 424
"D:/GitHub/Unreal_CPP/UnrealCPP/Content/AdvancedVillagePack/Textures/T_Pack_01_D.uasset" 425
"D:/GitHub/Unreal_CPP/UnrealCPP/Content/AdvancedVillagePack/Textures/T_Pack_01_N.uasset" 426
"D:/GitHub/Unreal_CPP/UnrealCPP/Content/AdvancedVillagePack/Textures/T_Pack_01_RM.uasset" 427
"D:/GitHub/Unreal_CPP/UnrealCPP/Content/AdvancedVillagePack/Textures/T_Pack_03_E.uasset" 428
"D:/GitHub/Unreal_CPP/UnrealCPP/Content/AdvancedVillagePack/Materials/M_Uber.uasset" 429
"D:/GitHub/Unreal_CPP/UnrealCPP/Content/AdvancedVillagePack/Textures/T_Pack_02_D.uasset" 430
"D:/GitHub/Unreal_CPP/UnrealCPP/Content/AdvancedVillagePack/Textures/T_Pack_02_N.uasset" 431
"D:/GitHub/Unreal_CPP/UnrealCPP/Content/AdvancedVillagePack/Textures/T_Pack_02_RM.uasset" 432
"D:/GitHub/Unreal_CPP/UnrealCPP/Content/AdvancedVillagePack/Materials/M_Inst_Pack_02.uasset" 433
"D:/GitHub/Unreal_CPP/UnrealCPP/Content/AdvancedVillagePack/Meshes/SM_Fish.uasset" 434
"D:/GitHub/Unreal_CPP/UnrealCPP/Content/AdvancedVillagePack/Textures/T_Pack_06_D.uasset" 435
"D:/GitHub/Unreal_CPP/UnrealCPP/Content/AdvancedVillagePack/Textures/T_Pack_06_N.uasset" 436
"D:/GitHub/Unreal_CPP/UnrealCPP/Content/AdvancedVillagePack/Textures/T_Pack_06_RM.uasset" 437
"D:/GitHub/Unreal_CPP/UnrealCPP/Content/AdvancedVillagePack/Materials/M_Inst_Pack_06.uasset" 438
"D:/GitHub/Unreal_CPP/UnrealCPP/Content/AdvancedVillagePack/Meshes/SM_Log_Var01.uasset" 439
"D:/GitHub/Unreal_CPP/UnrealCPP/Content/AdvancedVillagePack/Meshes/SM_Log_Var02.uasset" 440
"D:/GitHub/Unreal_CPP/UnrealCPP/Content/AdvancedVillagePack/Meshes/SM_Log_Var03.uasset" 441
"D:/GitHub/Unreal_CPP/UnrealCPP/Content/AdvancedVillagePack/Meshes/SM_Spike.uasset" 442
"D:/GitHub/Unreal_CPP/UnrealCPP/Content/AdvancedVillagePack/Textures/T_Pack_08_D.uasset" 443
"D:/GitHub/Unreal_CPP/UnrealCPP/Content/AdvancedVillagePack/Textures/T_Pack_08_N.uasset" 444
"D:/GitHub/Unreal_CPP/UnrealCPP/Content/AdvancedVillagePack/Textures/T_Pack_08_RM.uasset" 445
"D:/GitHub/Unreal_CPP/UnrealCPP/Content/AdvancedVillagePack/Materials/M_Inst_Pack_08.uasset" 446
"D:/GitHub/Unreal_CPP/UnrealCPP/Content/AdvancedVillagePack/Meshes/SM_Stone_Small_Var01.uasset" 447
"D:/GitHub/Unreal_CPP/UnrealCPP/Content/AdvancedVillagePack/Meshes/SM_Stone_Small_Var02.uasset" 448
"D:/GitHub/Unreal_CPP/UnrealCPP/Content/AdvancedVillagePack/Meshes/SM_Stone_Small_Var03.uasset" 449
"D:/GitHub/Unreal_CPP/UnrealCPP/Content/AdvancedVillagePack/Meshes/SM_Stone_Small_Var04.uasset" 450
"D:/GitHub/Unreal_CPP/UnrealCPP/Content/AdvancedVillagePack/Meshes/SM_Stone_Small_Var05.uasset" 451
"D:/GitHub/Unreal_CPP/UnrealCPP/Content/AdvancedVillagePack/Blueprints/BP_CampFire_OnDayOnNight.uasset" 452
"D:/GitHub/Unreal_CPP/UnrealCPP/Content/AdvancedVillagePack/Effects/Pfx_FireTorch.uasset" 453
"D:/GitHub/Unreal_CPP/UnrealCPP/Content/AdvancedVillagePack/Effects/Pfx_SmokeChimney.uasset" 454
"D:/GitHub/Unreal_CPP/UnrealCPP/Content/AdvancedVillagePack/Textures/T_Pack_04_D.uasset" 455
"D:/GitHub/Unreal_CPP/UnrealCPP/Content/AdvancedVillagePack/Textures/T_Pack_04_E.uasset" 456
"D:/GitHub/Unreal_CPP/UnrealCPP/Content/AdvancedVillagePack/Textures/T_Pack_04_N.uasset" 457
"D:/GitHub/Unreal_CPP/UnrealCPP/Content/AdvancedVillagePack/Textures/T_Pack_04_RM.uasset" 458
"D:/GitHub/Unreal_CPP/UnrealCPP/Content/AdvancedVillagePack/Materials/M_Inst_Pack_04.uasset" 459
"D:/GitHub/Unreal_CPP/UnrealCPP/Content/AdvancedVillagePack/Meshes/SM_House_Var01.uasset" 460
"D:/GitHub/Unreal_CPP/UnrealCPP/Content/AdvancedVillagePack/Textures/T_Pack_05_D.uasset" 461
"D:/GitHub/Unreal_CPP/UnrealCPP/Content/AdvancedVillagePack/Textures/T_Pack_05_E.uasset" 462
"D:/GitHub/Unreal_CPP/UnrealCPP/Content/AdvancedVillagePack/Textures/T_Pack_05_N.uasset" 463
"D:/GitHub/Unreal_CPP/UnrealCPP/Content/AdvancedVillagePack/Textures/T_Pack_05_RM.uasset" 464
"D:/GitHub/Unreal_CPP/UnrealCPP/Content/AdvancedVillagePack/Materials/M_Inst_Pack_05.uasset" 465
"D:/GitHub/Unreal_CPP/UnrealCPP/Content/AdvancedVillagePack/Meshes/SM_House_Var01_Extra01.uasset" 466
"D:/GitHub/Unreal_CPP/UnrealCPP/Content/AdvancedVillagePack/Meshes/SM_House_Var01_Extra02.uasset" 467
"D:/GitHub/Unreal_CPP/UnrealCPP/Content/AdvancedVillagePack/Meshes/SM_House_Var01_Extra03.uasset" 468
"D:/GitHub/Unreal_CPP/UnrealCPP/Content/AdvancedVillagePack/Meshes/SM_House_Var01_Extra04.uasset" 469
"D:/GitHub/Unreal_CPP/UnrealCPP/Content/AdvancedVillagePack/Meshes/SM_House_Var01_Extra05.uasset" 470
"D:/GitHub/Unreal_CPP/UnrealCPP/Content/AdvancedVillagePack/Meshes/SM_House_Var01_Extra06.uasset" 471
"D:/GitHub/Unreal_CPP/UnrealCPP/Content/AdvancedVillagePack/Meshes/SM_House_Var01_Extra07.uasset" 472
"D:/GitHub/Unreal_CPP/UnrealCPP/Content/AdvancedVillagePack/Meshes/SM_House_Var01_Extra08.uasset" 473
"D:/GitHub/Unreal_CPP/UnrealCPP/Content/AdvancedVillagePack/Meshes/SM_Torch_Var02.uasset" 474
"D:/GitHub/Unreal_CPP/UnrealCPP/Content/AdvancedVillagePack/Blueprints/BP_House_Var01_OnDayOnNight.uasset" 475
"D:/GitHub/Unreal_CPP/UnrealCPP/Content/AdvancedVillagePack/Textures/T_Pack_09_D.uasset" 476
"D:/GitHub/Unreal_CPP/UnrealCPP/Content/AdvancedVillagePack/Textures/T_Pack_09_E.uasset" 477
"D:/GitHub/Unreal_CPP/UnrealCPP/Content/AdvancedVillagePack/Textures/T_Pack_09_N.uasset" 478
"D:/GitHub/Unreal_CPP/UnrealCPP/Content/AdvancedVillagePack/Textures/T_Pack_09_RM.uasset" 479
"D:/GitHub/Unreal_CPP/UnrealCPP/Content/AdvancedVillagePack/Materials/M_Inst_Pack_09.uasset" 480
"D:/GitHub/Unreal_CPP/UnrealCPP/Content/AdvancedVillagePack/Meshes/SM_House_Var02.uasset" 481
"D:/GitHub/Unreal_CPP/UnrealCPP/Content/AdvancedVillagePack/Meshes/SM_House_Var02_Extra.uasset" 482
"D:/GitHub/Unreal_CPP/UnrealCPP/Content/AdvancedVillagePack/Blueprints/BP_House_Var02_OnDayOnNight.uasset" 483
"D:/GitHub/Unreal_CPP/UnrealCPP/Content/AdvancedVillagePack/Effects/Pfx_LightInsects.uasset" 484
"D:/GitHub/Unreal_CPP/UnrealCPP/Content/AdvancedVillagePack/Textures/T_Pack_03_D.uasset" 485
"D:/GitHub/Unreal_CPP/UnrealCPP/Content/AdvancedVillagePack/Textures/T_Pack_03_N.uasset" 486
"D:/GitHub/Unreal_CPP/UnrealCPP/Content/AdvancedVillagePack/Textures/T_Pack_03_RM.uasset" 487
"D:/GitHub/Unreal_CPP/UnrealCPP/Content/AdvancedVillagePack/Materials/M_Inst_Pack_03.uasset" 488
"D:/GitHub/Unreal_CPP/UnrealCPP/Content/AdvancedVillagePack/Meshes/SM_StreetLight.uasset" 489
"D:/GitHub/Unreal_CPP/UnrealCPP/Content/AdvancedVillagePack/Blueprints/BP_Street_Lamp_OnDayOnNight.uasset" 490
"D:/GitHub/Unreal_CPP/UnrealCPP/Content/AdvancedVillagePack/Materials/M_Pfx_Diffuse_TwoSidedFoliage.uasset" 491
"D:/GitHub/Unreal_CPP/UnrealCPP/Content/AdvancedVillagePack/Materials/M_Inst_Pfx_Leafs.uasset" 492
"D:/GitHub/Unreal_CPP/UnrealCPP/Content/AdvancedVillagePack/Effects/Pfx_FallingLeafs.uasset" 493
"D:/GitHub/Unreal_CPP/UnrealCPP/Content/AdvancedVillagePack/Textures/T_Pack_TreeLeafs_D.uasset" 494
"D:/GitHub/Unreal_CPP/UnrealCPP/Content/AdvancedVillagePack/Textures/T_Pack_TreeLeafs_Mask.uasset" 495
"D:/GitHub/Unreal_CPP/UnrealCPP/Content/AdvancedVillagePack/Textures/T_Pack_TreeLeafs_N.uasset" 496
"D:/GitHub/Unreal_CPP/UnrealCPP/Content/AdvancedVillagePack/Textures/T_Pack_TreeLeafs_O.uasset" 497
"D:/GitHub/Unreal_CPP/UnrealCPP/Content/AdvancedVillagePack/Textures/T_Pack_TreeLeafs_RM.uasset" 498
"D:/GitHub/Unreal_CPP/UnrealCPP/Content/AdvancedVillagePack/Materials/M_Uber_Cutout_Wind.uasset" 499
"D:/GitHub/Unreal_CPP/UnrealCPP/Content/AdvancedVillagePack/Materials/M_Inst_TreeLeafs.uasset" 500
"D:/GitHub/Unreal_CPP/UnrealCPP/Content/AdvancedVillagePack/Textures/T_Pack_TreeTrunks_D.uasset" 501
"D:/GitHub/Unreal_CPP/UnrealCPP/Content/AdvancedVillagePack/Textures/T_Pack_TreeTrunks_N.uasset" 502
"D:/GitHub/Unreal_CPP/UnrealCPP/Content/AdvancedVillagePack/Textures/T_Pack_TreeTrunks_RM.uasset" 503
"D:/GitHub/Unreal_CPP/UnrealCPP/Content/AdvancedVillagePack/Materials/M_Inst_TreeTrunks.uasset" 504
"D:/GitHub/Unreal_CPP/UnrealCPP/Content/AdvancedVillagePack/Meshes/SM_Tree_Var01.uasset" 505
"D:/GitHub/Unreal_CPP/UnrealCPP/Content/AdvancedVillagePack/Meshes/SM_Tree_Var02.uasset" 506
"D:/GitHub/Unreal_CPP/UnrealCPP/Content/AdvancedVillagePack/Meshes/SM_Tree_Var03.uasset" 507
"D:/GitHub/Unreal_CPP/UnrealCPP/Content/AdvancedVillagePack/Meshes/SM_Tree_Var04.uasset" 508
"D:/GitHub/Unreal_CPP/UnrealCPP/Content/AdvancedVillagePack/Meshes/SM_Tree_Var05.uasset" 509
"D:/GitHub/Unreal_CPP/UnrealCPP/Content/AdvancedVillagePack/Blueprints/BP_Tree.uasset" 510
"D:/GitHub/Unreal_CPP/UnrealCPP/Content/AdvancedVillagePack/Textures/T_Pack_06_O.uasset" 511
"D:/GitHub/Unreal_CPP/UnrealCPP/Content/AdvancedVillagePack/Materials/M_Uber_Cutout.uasset" 512
"D:/GitHub/Unreal_CPP/UnrealCPP/Content/AdvancedVillagePack/Materials/M_Inst_Pack_06_Cutout.uasset" 513
"D:/GitHub/Unreal_CPP/UnrealCPP/Content/AdvancedVillagePack/Meshes/SM_Flower_Var01.uasset" 514
"D:/GitHub/Unreal_CPP/UnrealCPP/Content/AdvancedVillagePack/Meshes/SM_Flower_Var02.uasset" 515
"D:/GitHub/Unreal_CPP/UnrealCPP/Content/AdvancedVillagePack/Meshes/SM_Flower_Var03.uasset" 516
"D:/GitHub/Unreal_CPP/UnrealCPP/Content/AdvancedVillagePack/Meshes/SM_Flower_Var04.uasset" 517
"D:/GitHub/Unreal_CPP/UnrealCPP/Content/AdvancedVillagePack/Meshes/SM_Flower_Var05.uasset" 518
"D:/GitHub/Unreal_CPP/UnrealCPP/Content/AdvancedVillagePack/Meshes/SM_Flower_Var06.uasset" 519
"D:/GitHub/Unreal_CPP/UnrealCPP/Content/AdvancedVillagePack/Textures/Landscape/T_Foliage_Var01_D.uasset" 520
"D:/GitHub/Unreal_CPP/UnrealCPP/Content/AdvancedVillagePack/Textures/Landscape/T_Foliage_Var01_O.uasset" 521
"D:/GitHub/Unreal_CPP/UnrealCPP/Content/AdvancedVillagePack/Materials/M_Inst_Landscape_Foliage_Var01.uasset" 522
"D:/GitHub/Unreal_CPP/UnrealCPP/Content/AdvancedVillagePack/Meshes/SM_GrassPatch_Var01.uasset" 523
"D:/GitHub/Unreal_CPP/UnrealCPP/Content/AdvancedVillagePack/Materials/M_Simple_Cutout_Wind.uasset" 524
"D:/GitHub/Unreal_CPP/UnrealCPP/Content/AdvancedVillagePack/Textures/Landscape/T_Foliage_Var02_D.uasset" 525
"D:/GitHub/Unreal_CPP/UnrealCPP/Content/AdvancedVillagePack/Textures/Landscape/T_Foliage_Var02_O.uasset" 526
"D:/GitHub/Unreal_CPP/UnrealCPP/Content/AdvancedVillagePack/Materials/M_Inst_Landscape_Foliage_Var02.uasset" 527
"D:/GitHub/Unreal_CPP/UnrealCPP/Content/AdvancedVillagePack/Meshes/SM_GrassPatch_Var02.uasset" 528
"D:/GitHub/Unreal_CPP/UnrealCPP/Content/AdvancedVillagePack/Meshes/SM_Well.uasset" 529
"D:/GitHub/Unreal_CPP/UnrealCPP/Content/AdvancedVillagePack/Meshes/SM_Well_Extra01.uasset" 530
"D:/GitHub/Unreal_CPP/UnrealCPP/Content/AdvancedVillagePack/Meshes/SM_Well_Extra02.uasset" 531
"D:/GitHub/Unreal_CPP/UnrealCPP/Content/AdvancedVillagePack/Meshes/SM_Well_Extra03.uasset" 532
"D:/GitHub/Unreal_CPP/UnrealCPP/Content/AdvancedVillagePack/Meshes/SM_Well_Extra04.uasset" 533
"D:/GitHub/Unreal_CPP/UnrealCPP/Content/AdvancedVillagePack/Blueprints/BP_Well.uasset" 534
"D:/GitHub/Unreal_CPP/UnrealCPP/Content/AdvancedVillagePack/Maps/AdvancedVillagePack_DemoScene_sharedassets/Layer01_LayerInfo.uasset" 535
"D:/GitHub/Unreal_CPP/UnrealCPP/Content/AdvancedVillagePack/Maps/AdvancedVillagePack_DemoScene_sharedassets/Layer02_LayerInfo.uasset" 536
"D:/GitHub/Unreal_CPP/UnrealCPP/Content/AdvancedVillagePack/Maps/AdvancedVillagePack_DemoScene_sharedassets/Layer03_LayerInfo.uasset" 537
"D:/GitHub/Unreal_CPP/UnrealCPP/Content/Materials/M_Transparent.uasset" 538
"D:/GitHub/Unreal_CPP/UnrealCPP/Content/AdvancedVillagePack/Textures/Landscape/T_Landscape_Grass_DH.uasset" 539
"D:/GitHub/Unreal_CPP/UnrealCPP/Content/AdvancedVillagePack/Textures/Landscape/T_Landscape_Grass_N.uasset" 540
"D:/GitHub/Unreal_CPP/UnrealCPP/Content/AdvancedVillagePack/Textures/Landscape/T_Landscape_Pebbles_DH.uasset" 541
"D:/GitHub/Unreal_CPP/UnrealCPP/Content/AdvancedVillagePack/Textures/Landscape/T_Landscape_Pebbles_N.uasset" 542
"D:/GitHub/Unreal_CPP/UnrealCPP/Content/AdvancedVillagePack/Textures/Landscape/T_Landscape_Soil_DH.uasset" 543
"D:/GitHub/Unreal_CPP/UnrealCPP/Content/AdvancedVillagePack/Textures/Landscape/T_Landscape_Soil_N.uasset" 544
"D:/GitHub/Unreal_CPP/UnrealCPP/Content/AdvancedVillagePack/Materials/M_Landscape.uasset" 545
"D:/GitHub/Unreal_CPP/UnrealCPP/Content/AdvancedVillagePack/Materials/M_Inst_Landscape.uasset" 546
"D:/GitHub/Unreal_CPP/UnrealCPP/Content/AdvancedVillagePack/Textures/Effects/T_Water_N.uasset" 547
"D:/GitHub/Unreal_CPP/UnrealCPP/Content/AdvancedVillagePack/Materials/M_Water.uasset" 548
"D:/GitHub/Unreal_CPP/UnrealCPP/Content/AdvancedVillagePack/Materials/M_Inst_Water.uasset" 549
"../../../Engine/Content/BasicShapes/Plane.uasset" 550
"D:/GitHub/Unreal_CPP/UnrealCPP/Content/AdvancedVillagePack/Materials/M_Pfx_DustParticles.uasset" 551
"D:/GitHub/Unreal_CPP/UnrealCPP/Content/AdvancedVillagePack/Effects/Pfx_DustParticles.uasset" 552
"D:/GitHub/Unreal_CPP/UnrealCPP/Content/AdvancedVillagePack/Effects/Pfx_Mist.uasset" 553
"D:/GitHub/Unreal_CPP/UnrealCPP/Content/AdvancedVillagePack/Meshes/SM_Apple.uasset" 554
"D:/GitHub/Unreal_CPP/UnrealCPP/Content/AdvancedVillagePack/Meshes/SM_Axe.uasset" 555
"D:/GitHub/Unreal_CPP/UnrealCPP/Content/AdvancedVillagePack/Materials/M_Inst_Pack_01.uasset" 556
"D:/GitHub/Unreal_CPP/UnrealCPP/Content/AdvancedVillagePack/Meshes/SM_Barrel.uasset" 557
"D:/GitHub/Unreal_CPP/UnrealCPP/Content/AdvancedVillagePack/Textures/T_Pack_07_D.uasset" 558
"D:/GitHub/Unreal_CPP/UnrealCPP/Content/AdvancedVillagePack/Textures/T_Pack_07_N.uasset" 559
"D:/GitHub/Unreal_CPP/UnrealCPP/Content/AdvancedVillagePack/Textures/T_Pack_07_RM.uasset" 560
"D:/GitHub/Unreal_CPP/UnrealCPP/Content/AdvancedVillagePack/Materials/M_Inst_Pack_07.uasset" 561
"D:/GitHub/Unreal_CPP/UnrealCPP/Content/AdvancedVillagePack/Meshes/SM_Boat.uasset" 562
"D:/GitHub/Unreal_CPP/UnrealCPP/Content/AdvancedVillagePack/Meshes/SM_Bridge_Var01.uasset" 563
"D:/GitHub/Unreal_CPP/UnrealCPP/Content/AdvancedVillagePack/Meshes/SM_Bridge_Var03.uasset" 564
"D:/GitHub/Unreal_CPP/UnrealCPP/Content/AdvancedVillagePack/Meshes/SM_Bridge_Var04.uasset" 565
"D:/GitHub/Unreal_CPP/UnrealCPP/Content/AdvancedVillagePack/Meshes/SM_Bucket.uasset" 566
"D:/GitHub/Unreal_CPP/UnrealCPP/Content/AdvancedVillagePack/Meshes/SM_Cart_Var01.uasset" 567
"D:/GitHub/Unreal_CPP/UnrealCPP/Content/AdvancedVillagePack/Meshes/SM_Cart_Var02.uasset" 568
"D:/GitHub/Unreal_CPP/UnrealCPP/Content/AdvancedVillagePack/Meshes/SM_Cauldron.uasset" 569
"D:/GitHub/Unreal_CPP/UnrealCPP/Content/AdvancedVillagePack/Meshes/SM_Crate_Closed.uasset" 570
"D:/GitHub/Unreal_CPP/UnrealCPP/Content/AdvancedVillagePack/Meshes/SM_Crate_Open.uasset" 571
"D:/GitHub/Unreal_CPP/UnrealCPP/Content/AdvancedVillagePack/Meshes/SM_Fence_Var01.uasset" 572
"D:/GitHub/Unreal_CPP/UnrealCPP/Content/AdvancedVillagePack/Meshes/SM_Fence_Var02.uasset" 573
"D:/GitHub/Unreal_CPP/UnrealCPP/Content/AdvancedVillagePack/Meshes/SM_Fence_Var03.uasset" 574
"D:/GitHub/Unreal_CPP/UnrealCPP/Content/AdvancedVillagePack/Meshes/SM_Fence_Var04.uasset" 575
"D:/GitHub/Unreal_CPP/UnrealCPP/Content/AdvancedVillagePack/Meshes/SM_Hay_Small_Var01.uasset" 576
"D:/GitHub/Unreal_CPP/UnrealCPP/Content/AdvancedVillagePack/Meshes/SM_Hay_Small_Var02.uasset" 577
"D:/GitHub/Unreal_CPP/UnrealCPP/Content/AdvancedVillagePack/Meshes/SM_Hay_Stack.uasset" 578
"D:/GitHub/Unreal_CPP/UnrealCPP/Content/AdvancedVillagePack/Meshes/SM_Ladder.uasset" 579
"D:/GitHub/Unreal_CPP/UnrealCPP/Content/AdvancedVillagePack/Meshes/SM_Log_Var04.uasset" 580
"D:/GitHub/Unreal_CPP/UnrealCPP/Content/AdvancedVillagePack/Meshes/SM_Logs_Var01.uasset" 581
"D:/GitHub/Unreal_CPP/UnrealCPP/Content/AdvancedVillagePack/Meshes/SM_Logs_Var02.uasset" 582
"D:/GitHub/Unreal_CPP/UnrealCPP/Content/AdvancedVillagePack/Meshes/SM_Mushroom_Var01.uasset" 583
"D:/GitHub/Unreal_CPP/UnrealCPP/Content/AdvancedVillagePack/Meshes/SM_Mushroom_Var02.uasset" 584
"D:/GitHub/Unreal_CPP/UnrealCPP/Content/AdvancedVillagePack/Meshes/SM_Mushroom_Var03.uasset" 585
"D:/GitHub/Unreal_CPP/UnrealCPP/Content/AdvancedVillagePack/Meshes/SM_Mushroom_Var04.uasset" 586
"D:/GitHub/Unreal_CPP/UnrealCPP/Content/AdvancedVillagePack/Meshes/SM_Mushroom_Var05.uasset" 587
"D:/GitHub/Unreal_CPP/UnrealCPP/Content/AdvancedVillagePack/Meshes/SM_Mushroom_Var06.uasset" 588
"D:/GitHub/Unreal_CPP/UnrealCPP/Content/AdvancedVillagePack/Meshes/SM_Pitchfork.uasset" 589
"D:/GitHub/Unreal_CPP/UnrealCPP/Content/AdvancedVillagePack/Meshes/SM_Plane_1x1.uasset" 590
"D:/GitHub/Unreal_CPP/UnrealCPP/Content/AdvancedVillagePack/Meshes/SM_Plant.uasset" 591
"D:/GitHub/Unreal_CPP/UnrealCPP/Content/AdvancedVillagePack/Meshes/SM_Pot_Var01.uasset" 592
"D:/GitHub/Unreal_CPP/UnrealCPP/Content/AdvancedVillagePack/Meshes/SM_Pot_Var02.uasset" 593
"D:/GitHub/Unreal_CPP/UnrealCPP/Content/AdvancedVillagePack/Meshes/SM_Pot_Var03.uasset" 594
"D:/GitHub/Unreal_CPP/UnrealCPP/Content/AdvancedVillagePack/Meshes/SM_Pot_Var04.uasset" 595
"D:/GitHub/Unreal_CPP/UnrealCPP/Content/AdvancedVillagePack/Meshes/SM_Pot_Var05.uasset" 596
"D:/GitHub/Unreal_CPP/UnrealCPP/Content/AdvancedVillagePack/Meshes/SM_Pot_Var06.uasset" 597
"D:/GitHub/Unreal_CPP/UnrealCPP/Content/AdvancedVillagePack/Meshes/SM_Potato.uasset" 598
"D:/GitHub/Unreal_CPP/UnrealCPP/Content/AdvancedVillagePack/Meshes/SM_Pumpkin_Var01.uasset" 599
"D:/GitHub/Unreal_CPP/UnrealCPP/Content/AdvancedVillagePack/Meshes/SM_Pumpkin_Var02.uasset" 600
"D:/GitHub/Unreal_CPP/UnrealCPP/Content/AdvancedVillagePack/Meshes/SM_Pumpkin_Var03.uasset" 601
"D:/GitHub/Unreal_CPP/UnrealCPP/Content/AdvancedVillagePack/Meshes/SM_Sack_Flour.uasset" 602
"D:/GitHub/Unreal_CPP/UnrealCPP/Content/AdvancedVillagePack/Meshes/SM_Sack_Var01.uasset" 603
"D:/GitHub/Unreal_CPP/UnrealCPP/Content/AdvancedVillagePack/Meshes/SM_Sack_Var02.uasset" 604
"D:/GitHub/Unreal_CPP/UnrealCPP/Content/AdvancedVillagePack/Meshes/SM_SackWithApples.uasset" 605
"D:/GitHub/Unreal_CPP/UnrealCPP/Content/AdvancedVillagePack/Meshes/SM_SackWithPotatoes.uasset" 606
"D:/GitHub/Unreal_CPP/UnrealCPP/Content/AdvancedVillagePack/Meshes/SM_SackWithTomatoes.uasset" 607
"D:/GitHub/Unreal_CPP/UnrealCPP/Content/AdvancedVillagePack/Meshes/SM_Stone_Big_Var01.uasset" 608
"D:/GitHub/Unreal_CPP/UnrealCPP/Content/AdvancedVillagePack/Meshes/SM_Stone_Big_Var02.uasset" 609
"D:/GitHub/Unreal_CPP/UnrealCPP/Content/AdvancedVillagePack/Meshes/SM_Stone_Big_Var03.uasset" 610
"D:/GitHub/Unreal_CPP/UnrealCPP/Content/AdvancedVillagePack/Meshes/SM_Stone_Big_Var04.uasset" 611
"D:/GitHub/Unreal_CPP/UnrealCPP/Content/AdvancedVillagePack/Meshes/SM_Stone_Big_Var05.uasset" 612
"D:/GitHub/Unreal_CPP/UnrealCPP/Content/AdvancedVillagePack/Meshes/SM_Stone_Medium_Var01.uasset" 613
"D:/GitHub/Unreal_CPP/UnrealCPP/Content/AdvancedVillagePack/Meshes/SM_Stone_Medium_Var02.uasset" 614
"D:/GitHub/Unreal_CPP/UnrealCPP/Content/AdvancedVillagePack/Meshes/SM_Stone_Medium_Var03.uasset" 615
"D:/GitHub/Unreal_CPP/UnrealCPP/Content/AdvancedVillagePack/Meshes/SM_Stone_Medium_Var04.uasset" 616
"D:/GitHub/Unreal_CPP/UnrealCPP/Content/AdvancedVillagePack/Meshes/SM_Stone_Medium_Var05.uasset" 617
"D:/GitHub/Unreal_CPP/UnrealCPP/Content/AdvancedVillagePack/Meshes/SM_StoneFlat_Var01.uasset" 618
"D:/GitHub/Unreal_CPP/UnrealCPP/Content/AdvancedVillagePack/Meshes/SM_StoneFlat_Var02.uasset" 619
"D:/GitHub/Unreal_CPP/UnrealCPP/Content/AdvancedVillagePack/Meshes/SM_StoneFlat_Var03.uasset" 620
"D:/GitHub/Unreal_CPP/UnrealCPP/Content/AdvancedVillagePack/Meshes/SM_StoneFlat_Var04.uasset" 621
"D:/GitHub/Unreal_CPP/UnrealCPP/Content/AdvancedVillagePack/Meshes/SM_StoneFlat_Var05.uasset" 622
"D:/GitHub/Unreal_CPP/UnrealCPP/Content/AdvancedVillagePack/Meshes/SM_Stonepath_Var01.uasset" 623
"D:/GitHub/Unreal_CPP/UnrealCPP/Content/AdvancedVillagePack/Meshes/SM_Stonepath_Var02.uasset" 624
"D:/GitHub/Unreal_CPP/UnrealCPP/Content/AdvancedVillagePack/Meshes/SM_Stonepath_Var03.uasset" 625
"D:/GitHub/Unreal_CPP/UnrealCPP/Content/AdvancedVillagePack/Meshes/SM_Tomato.uasset" 626
"D:/GitHub/Unreal_CPP/UnrealCPP/Content/AdvancedVillagePack/Meshes/SM_Treestump_Var01.uasset" 627
"D:/GitHub/Unreal_CPP/UnrealCPP/Content/AdvancedVillagePack/Meshes/SM_Treestump_Var02.uasset" 628
"D:/GitHub/Unreal_CPP/UnrealCPP/Content/AdvancedVillagePack/Meshes/SM_Watermellon.uasset" 629
"D:/GitHub/Unreal_CPP/UnrealCPP/Content/AdvancedVillagePack/Meshes/SM_Wheel.uasset" 630
"../../../Engine/Content/Functions/Engine_MaterialFunctions01/Gradient/LinearGradient.uasset" 631
"../../../Engine/Content/Functions/Engine_MaterialFunctions01/ImageAdjustment/CheapContrast.uasset" 632
"../../../Engine/Content/Functions/Engine_MaterialFunctions01/Texturing/WorldAlignedTexture.uasset" 633
"../../../Engine/Content/Functions/Engine_MaterialFunctions03/Blends/Blend_Overlay.uasset" 634
"../../../Engine/Content/Functions/MaterialLayerFunctions/MatLayerBlend_BakedNormal.uasset" 635
"../../../Engine/Content/Functions/MaterialLayerFunctions/MatLayerBlend_BreakBaseColor.uasset" 636
"../../../Engine/Content/Functions/MaterialLayerFunctions/MatLayerBlend_BreakNormal.uasset" 637
"../../../Engine/Content/Functions/MaterialLayerFunctions/MatLayerBlend_ReplaceNormals.uasset" 638
"../../../Engine/Content/Functions/MaterialLayerFunctions/MatLayerBlend_Tint.uasset" 639
"D:/GitHub/Unreal_CPP/UnrealCPP/Content/ParagonProps/Agora/Props/MaterialFunctions/MF_BrightnessAdjust.uasset" 640
"D:/GitHub/Unreal_CPP/UnrealCPP/Content/ParagonProps/Agora/Props/MaterialFunctions/MF_EnvironmentBrightnessModulation.uasset" 641
"D:/GitHub/Unreal_CPP/UnrealCPP/Content/ParagonProps/Agora/Props/MaterialFunctions/MF_LightmassReplace.uasset" 642
"D:/GitHub/Unreal_CPP/UnrealCPP/Content/ParagonProps/Agora/Props/Textures/T_Agora_P_TerrainHeightmap.uasset" 643
"D:/GitHub/Unreal_CPP/UnrealCPP/Content/ParagonProps/Agora/Props/MaterialFunctions/MF_Terrain_LowResHeightmap.uasset" 644
"D:/GitHub/Unreal_CPP/UnrealCPP/Content/ParagonProps/Agora/Props/MaterialLayers/ML_EdgeBlend.uasset" 645
"D:/GitHub/Unreal_CPP/UnrealCPP/Content/ParagonProps/Agora/Props/Materials/MatLayerBlend_CustomOptions.uasset" 646
"D:/GitHub/Unreal_CPP/UnrealCPP/Content/ParagonProps/Agora/Props/Textures/T_LandscapeMoss_D.uasset" 647
"D:/GitHub/Unreal_CPP/UnrealCPP/Content/ParagonProps/Agora/Props/Textures/T_LandscapeMoss_M.uasset" 648
"D:/GitHub/Unreal_CPP/UnrealCPP/Content/ParagonProps/Agora/Props/Textures/T_MossMask_N.uasset" 649
"D:/GitHub/Unreal_CPP/UnrealCPP/Content/ParagonProps/Agora/Props/Materials/ML_MossGround_02.uasset" 650
"D:/GitHub/Unreal_CPP/UnrealCPP/Content/ParagonProps/Agora/Props/Textures/T_GDC_StonePath_Tile_M.uasset" 651
"D:/GitHub/Unreal_CPP/UnrealCPP/Content/ParagonProps/Agora/Props/Textures/T_TilingMoss_Clovers-n-Flowers_01_D.uasset" 652
"D:/GitHub/Unreal_CPP/UnrealCPP/Content/ParagonProps/Agora/Props/MaterialLayers/ML_MossLayer_WorldAligned.uasset" 653
"D:/GitHub/Unreal_CPP/UnrealCPP/Content/ParagonProps/Agora/Props/Textures/T_TilingRock_A_D.uasset" 654
"D:/GitHub/Unreal_CPP/UnrealCPP/Content/ParagonProps/Agora/Props/Textures/T_TilingRock_A_N.uasset" 655
"D:/GitHub/Unreal_CPP/UnrealCPP/Content/ParagonProps/Agora/Props/MaterialLayers/ML_PhotoScanRocks.uasset" 656
"D:/GitHub/Unreal_CPP/UnrealCPP/Content/ParagonProps/Agora/Props/Textures/T_RockFlakes.uasset" 657
"D:/GitHub/Unreal_CPP/UnrealCPP/Content/ParagonProps/Agora/Props/MaterialLayers/ML_RockFlakes.uasset" 658
"D:/GitHub/Unreal_CPP/UnrealCPP/Content/ParagonProps/Agora/Props/Textures/T_RockHeightVariation.uasset" 659
"D:/GitHub/Unreal_CPP/UnrealCPP/Content/ParagonProps/Agora/Props/MaterialLayers/ML_SedimentStain.uasset" 660
"../../../Engine/Content/EngineMaterials/FlatNormal.uasset" 661
"D:/GitHub/Unreal_CPP/UnrealCPP/Content/ParagonProps/Agora/Props/Textures/Decal_Astro.uasset" 662
"D:/GitHub/Unreal_CPP/UnrealCPP/Content/ParagonProps/Agora/Props/Textures/Decal_Astro_N.uasset" 663
"D:/GitHub/Unreal_CPP/UnrealCPP/Content/ParagonProps/Agora/Props/Textures/Rockface_A_M.uasset" 664
"D:/GitHub/Unreal_CPP/UnrealCPP/Content/ParagonProps/Agora/Props/Textures/T_Agelsjon_Rock__Boulder1_N.uasset" 665
"D:/GitHub/Unreal_CPP/UnrealCPP/Content/ParagonProps/Agora/Props/Textures/T_Boulder_03_D_CC_R.uasset" 666
"D:/GitHub/Unreal_CPP/UnrealCPP/Content/ParagonProps/Agora/Props/Textures/T_CliffRockTile_03_D.uasset" 667
"D:/GitHub/Unreal_CPP/UnrealCPP/Content/ParagonProps/Agora/Props/Textures/T_GlansDetail.uasset" 668
"D:/GitHub/Unreal_CPP/UnrealCPP/Content/ParagonProps/Agora/Props/Textures/T_GlansDetail_N.uasset" 669
"D:/GitHub/Unreal_CPP/UnrealCPP/Content/ParagonProps/Agora/Props/Materials/M_Photoscan_Master.uasset" 670
"D:/GitHub/Unreal_CPP/UnrealCPP/Content/ParagonProps/Agora/Rocks/Textures/T_Agelsjon_Rock_1_N_Bump.uasset" 671
"D:/GitHub/Unreal_CPP/UnrealCPP/Content/ParagonProps/Agora/Rocks/Textures/T_Agelsjon_Rock_1_M.uasset" 672
"D:/GitHub/Unreal_CPP/UnrealCPP/Content/ParagonProps/Agora/Rocks/Textures/T_HadriansWall_D_Colored.uasset" 673
"D:/GitHub/Unreal_CPP/UnrealCPP/Content/ParagonProps/Agora/Rocks/Textures/T_HadriansWall_N_Bump.uasset" 674
"D:/GitHub/Unreal_CPP/UnrealCPP/Content/ParagonProps/Agora/Rocks/Materials/M_HaridansWall_Agora_Inst_Photo.uasset" 675
"D:/GitHub/Unreal_CPP/UnrealCPP/Content/ParagonProps/Agora/Rocks/Meshes/SM_HadriansWall.uasset" 676
"../../../Engine/Content/Functions/Engine_MaterialFunctions02/Texturing/ScreenAlignedPixelToPixelUVs.uasset" 677
"../../../Engine/Content/EngineMaterials/Good64x64TilingNoiseHighFreq.uasset" 678
"../../../Engine/Content/Functions/Engine_MaterialFunctions02/Utility/DitherTemporalAA.uasset" 679
"D:/GitHub/Unreal_CPP/UnrealCPP/Content/ParagonProps/Monolith/Ruins/Textures/T_MaskDummy.uasset" 680
"D:/GitHub/Unreal_CPP/UnrealCPP/Content/ParagonProps/Monolith/Ruins/MaterialFunctions/MF_JungleAO.uasset" 681
"D:/GitHub/Unreal_CPP/UnrealCPP/Content/ParagonProps/Monolith/Ruins/Textures/T_DirtLeakAO_M.uasset" 682
"D:/GitHub/Unreal_CPP/UnrealCPP/Content/ParagonProps/Monolith/Ruins/MaterialFunctions/MF_JungleColors.uasset" 683
"D:/GitHub/Unreal_CPP/UnrealCPP/Content/ParagonProps/Monolith/Ruins/Textures/T_GlansDetail_N.uasset" 684
"D:/GitHub/Unreal_CPP/UnrealCPP/Content/ParagonProps/Monolith/Ruins/MaterialFunctions/MF_JungleDetails.uasset" 685
"D:/GitHub/Unreal_CPP/UnrealCPP/Content/ParagonProps/Monolith/Ruins/MaterialFunctions/MF_JungleLeaks.uasset" 686
"D:/GitHub/Unreal_CPP/UnrealCPP/Content/ParagonProps/Monolith/Ruins/Textures/T_MonolithMossMask.uasset" 687
"D:/GitHub/Unreal_CPP/UnrealCPP/Content/ParagonProps/Monolith/Ruins/MaterialFunctions/MF_JungleMoss.uasset" 688
"D:/GitHub/Unreal_CPP/UnrealCPP/Content/ParagonProps/Monolith/Ruins/Textures/T_Blank_N.uasset" 689
"D:/GitHub/Unreal_CPP/UnrealCPP/Content/ParagonProps/Monolith/Ruins/Materials/M_JungleArchitecture.uasset" 690
"D:/GitHub/Unreal_CPP/UnrealCPP/Content/ParagonProps/Monolith/Ruins/Materials/M_JungleArchitecture_Ref.uasset" 691
"D:/GitHub/Unreal_CPP/UnrealCPP/Content/ParagonProps/Monolith/Ruins/Textures/JungleCamp_White_A_N.uasset" 692
"D:/GitHub/Unreal_CPP/UnrealCPP/Content/ParagonProps/Monolith/Ruins/Textures/JungleCamp_White_A_RM.uasset" 693
"D:/GitHub/Unreal_CPP/UnrealCPP/Content/ParagonProps/Monolith/Ruins/Materials/MI_JungleCamp_White_A.uasset" 694
"D:/GitHub/Unreal_CPP/UnrealCPP/Content/ParagonProps/Monolith/Ruins/Textures/JungleCamp_White_B_N.uasset" 695
"D:/GitHub/Unreal_CPP/UnrealCPP/Content/ParagonProps/Monolith/Ruins/Textures/JungleCamp_White_B_RM.uasset" 696
"D:/GitHub/Unreal_CPP/UnrealCPP/Content/ParagonProps/Monolith/Ruins/Materials/MI_JungleCamp_White_B.uasset" 697
"D:/GitHub/Unreal_CPP/UnrealCPP/Content/ParagonProps/Monolith/Ruins/Meshes/JungleCamp_White.uasset" 698
"D:/GitHub/Unreal_CPP/UnrealCPP/Content/ParagonProps/Monolith/Ruins/Textures/JungleCamp_White_C_N.uasset" 699
"D:/GitHub/Unreal_CPP/UnrealCPP/Content/ParagonProps/Monolith/Ruins/Textures/JungleCamp_White_C_RM.uasset" 700
"D:/GitHub/Unreal_CPP/UnrealCPP/Content/ParagonProps/Monolith/Ruins/Materials/MI_JungleCamp_White_C.uasset" 701
"D:/GitHub/Unreal_CPP/UnrealCPP/Content/ParagonProps/Monolith/Ruins/Textures/JungleCamp_White_D_N.uasset" 702
"D:/GitHub/Unreal_CPP/UnrealCPP/Content/ParagonProps/Monolith/Ruins/Textures/JungleCamp_White_D_RM.uasset" 703
"D:/GitHub/Unreal_CPP/UnrealCPP/Content/ParagonProps/Monolith/Ruins/Materials/MI_JungleCamp_White_D.uasset" 704
"D:/GitHub/Unreal_CPP/UnrealCPP/Content/ParagonProps/Monolith/Ruins/Meshes/JungleCamp_White_Back.uasset" 705
"D:/GitHub/Unreal_CPP/UnrealCPP/Content/ParagonProps/Monolith/Ruins/Textures/T_JungleStairs_Broken_M.uasset" 706
"D:/GitHub/Unreal_CPP/UnrealCPP/Content/ParagonProps/Monolith/Ruins/Textures/T_JungleStairs_Broken_N.uasset" 707
"D:/GitHub/Unreal_CPP/UnrealCPP/Content/ParagonProps/Monolith/Ruins/Materials/MI_JungleStairs_Broken.uasset" 708
"D:/GitHub/Unreal_CPP/UnrealCPP/Content/ParagonProps/Monolith/Ruins/Meshes/JungleStairs_Broken1.uasset" 709
"D:/GitHub/Unreal_CPP/UnrealCPP/Content/ParagonProps/Monolith/Ruins/Textures/T_Jungle_Wall02A_M.uasset" 710
"D:/GitHub/Unreal_CPP/UnrealCPP/Content/ParagonProps/Monolith/Ruins/Textures/T_Jungle_Wall02A_N.uasset" 711
"D:/GitHub/Unreal_CPP/UnrealCPP/Content/ParagonProps/Monolith/Ruins/Materials/MI_JungleWall02A.uasset" 712
"D:/GitHub/Unreal_CPP/UnrealCPP/Content/ParagonProps/Monolith/Ruins/Meshes/JungleWall_02A_Curved04.uasset" 713
"D:/GitHub/Unreal_CPP/UnrealCPP/Content/ParagonProps/Monolith/Ruins/Textures/MonoLithStatue01_AO.uasset" 714
"D:/GitHub/Unreal_CPP/UnrealCPP/Content/ParagonProps/Monolith/Ruins/Textures/MonoLithStatue01_normals.uasset" 715
"D:/GitHub/Unreal_CPP/UnrealCPP/Content/ParagonProps/Monolith/Ruins/Materials/MI_MonolithStatueDamaged.uasset" 716
"D:/GitHub/Unreal_CPP/UnrealCPP/Content/ParagonProps/Monolith/Ruins/Meshes/MonoStatueTorso_Damaged.uasset" 717
"D:/GitHub/Unreal_CPP/UnrealCPP/Content/ParagonProps/Monolith/Ruins/Textures/T_JungleWall_01A_M.uasset" 718
"D:/GitHub/Unreal_CPP/UnrealCPP/Content/ParagonProps/Monolith/Ruins/Textures/T_JungleWall_01A_N.uasset" 719
"D:/GitHub/Unreal_CPP/UnrealCPP/Content/ParagonProps/Monolith/Ruins/Materials/MI_JungleWall01A.uasset" 720
"D:/GitHub/Unreal_CPP/UnrealCPP/Content/ParagonProps/Monolith/Ruins/Textures/T_Ruins_Player_Pedestal_M.uasset" 721
"D:/GitHub/Unreal_CPP/UnrealCPP/Content/ParagonProps/Monolith/Ruins/Textures/T_Ruins_Player_Pedestal_N.uasset" 722
"D:/GitHub/Unreal_CPP/UnrealCPP/Content/ParagonProps/Monolith/Ruins/Materials/MI_Ruins_Player_Pedestal.uasset" 723
"D:/GitHub/Unreal_CPP/UnrealCPP/Content/ParagonProps/Monolith/Ruins/Textures/T_Jungle_Metal_A.uasset" 724
"D:/GitHub/Unreal_CPP/UnrealCPP/Content/ParagonProps/Monolith/Ruins/Textures/T_Jungle_Metal_M.uasset" 725
"D:/GitHub/Unreal_CPP/UnrealCPP/Content/ParagonProps/Monolith/Ruins/Textures/T_Kurohane_Metal_Tiling_N.uasset" 726
"D:/GitHub/Unreal_CPP/UnrealCPP/Content/ParagonProps/Monolith/Ruins/Textures/T_Ruins_BuffFloorB_M.uasset" 727
"D:/GitHub/Unreal_CPP/UnrealCPP/Content/ParagonProps/Monolith/Ruins/Textures/T_Ruins_BuffFloorB_N.uasset" 728
"D:/GitHub/Unreal_CPP/UnrealCPP/Content/ParagonProps/Monolith/Ruins/Textures/T_UnpleasentGrime_D.uasset" 729
"D:/GitHub/Unreal_CPP/UnrealCPP/Content/ParagonProps/Monolith/Ruins/Materials/M_Jungle_Metal.uasset" 730
"D:/GitHub/Unreal_CPP/UnrealCPP/Content/ParagonProps/Monolith/Ruins/Materials/M_Jungle_Metal_Pedestal.uasset" 731
"D:/GitHub/Unreal_CPP/UnrealCPP/Content/ParagonProps/Monolith/Ruins/Materials/MI_Ruins_Player_Pedestal_Metal.uasset" 732
"D:/GitHub/Unreal_CPP/UnrealCPP/Content/ParagonProps/Monolith/Ruins/Textures/T_Ruins_BuffFloorA_M.uasset" 733
"D:/GitHub/Unreal_CPP/UnrealCPP/Content/ParagonProps/Monolith/Ruins/Textures/T_Ruins_BuffFloorA_N.uasset" 734
"D:/GitHub/Unreal_CPP/UnrealCPP/Content/ParagonProps/Monolith/Ruins/Materials/M_Jungle_Metal_Floor.uasset" 735
"D:/GitHub/Unreal_CPP/UnrealCPP/Content/ParagonProps/Monolith/Ruins/Textures/Small_Deco_Roof_M.uasset" 736
"D:/GitHub/Unreal_CPP/UnrealCPP/Content/ParagonProps/Monolith/Ruins/Textures/Small_Deco_Roof_N.uasset" 737
"D:/GitHub/Unreal_CPP/UnrealCPP/Content/ParagonProps/Monolith/Ruins/Materials/MI_Small_Roof_Deco.uasset" 738
"D:/GitHub/Unreal_CPP/UnrealCPP/Content/ParagonProps/Monolith/Ruins/Meshes/Ruins_Player_Pedestal_02.uasset" 739
"D:/GitHub/Unreal_CPP/UnrealCPP/Content/MyMaps/WorldLevel.umap" 740
"D:/GitHub/Unreal_CPP/UnrealCPP/Content/AnimalVarietyPack/Crow/Meshes/SK_Crow_Skeleton.uasset" 741
"D:/GitHub/Unreal_CPP/UnrealCPP/Content/AnimalVarietyPack/Crow/Animations/ANIM_Crow_Fly.uasset" 742
"D:/GitHub/Unreal_CPP/UnrealCPP/Content/AnimalVarietyPack/Crow/Animations/ANIM_Crow_Glide.uasset" 743
"D:/GitHub/Unreal_CPP/UnrealCPP/Content/AnimalVarietyPack/Crow/Animations/ANIM_Crow_Landing.uasset" 744
"D:/GitHub/Unreal_CPP/UnrealCPP/Content/AnimalVarietyPack/Crow/Animations/ANIM_Crow_TakeOff.uasset" 745
"D:/GitHub/Unreal_CPP/UnrealCPP/Content/AnimalVarietyPack/Crow/Animations/ANIM_Crow_IdleLookAround.uasset" 746
"D:/GitHub/Unreal_CPP/UnrealCPP/Content/AnimalVarietyPack/Crow/Animations/ANIM_Crow_Walk.uasset" 747
"D:/GitHub/Unreal_CPP/UnrealCPP/Content/ThirdPersonCPP/Blueprints/CrowAnim/Crow_BlendSpace_IdleWalk.uasset" 748
"D:/GitHub/Unreal_CPP/UnrealCPP/Content/ThirdPersonCPP/Blueprints/CrowAnim/ABP_Crow.uasset" 749
"D:/GitHub/Unreal_CPP/UnrealCPP/Content/ThirdPersonCPP/FlyCurves/ThirdPersonBP/Blueprints/FlightGravity.uasset" 750
"D:/GitHub/Unreal_CPP/UnrealCPP/Content/ThirdPersonCPP/FlyCurves/ThirdPersonBP/Blueprints/FlightRate.uasset" 751
"D:/GitHub/Unreal_CPP/UnrealCPP/Content/ThirdPersonCPP/FlyCurves/ThirdPersonBP/Blueprints/FlightSpeed.uasset" 752
"D:/GitHub/Unreal_CPP/UnrealCPP/Content/AnimalVarietyPack/Crow/Textures/T_Crow_BaseColor.uasset" 753
"D:/GitHub/Unreal_CPP/UnrealCPP/Content/AnimalVarietyPack/Crow/Textures/T_Crow_Nml.uasset" 754
"D:/GitHub/Unreal_CPP/UnrealCPP/Content/AnimalVarietyPack/Crow/Textures/T_Crow_OcclusionRoughnessMetallic.uasset" 755
"D:/GitHub/Unreal_CPP/UnrealCPP/Content/AnimalVarietyPack/Crow/Textures/T_Crow_Specular.uasset" 756
"D:/GitHub/Unreal_CPP/UnrealCPP/Content/AnimalVarietyPack/Crow/Materials/M_Crow.uasset" 757
"D:/GitHub/Unreal_CPP/UnrealCPP/Content/Materials/PossessedMat_Instance.uasset" 758
"D:/GitHub/Unreal_CPP/UnrealCPP/Content/AnimalVarietyPack/Crow/Meshes/SK_Crow_PhysicsAsset.uasset" 759
"D:/GitHub/Unreal_CPP/UnrealCPP/Content/AnimalVarietyPack/Crow/Meshes/SK_Crow.uasset" 760
"D:/GitHub/Unreal_CPP/UnrealCPP/Content/ThirdPersonCPP/Blueprints/CrowCharacter_.uasset" 761
"D:/GitHub/Unreal_CPP/UnrealCPP/Content/AnimalVarietyPack/DeerStagAndDoe/Meshes/SK_DeerDoe_Skeleton.uasset" 762
"D:/GitHub/Unreal_CPP/UnrealCPP/Content/AnimalVarietyPack/DeerStagAndDoe/Animations/ANIM_DeerDoe_Run.uasset" 763
"D:/GitHub/Unreal_CPP/UnrealCPP/Content/AnimalVarietyPack/DeerStagAndDoe/Animations/ANIM_DeerDoe_IdleLookAround.uasset" 764
"D:/GitHub/Unreal_CPP/UnrealCPP/Content/AnimalVarietyPack/DeerStagAndDoe/Animations/ANIM_DeerDoe_Walk.uasset" 765
"D:/GitHub/Unreal_CPP/UnrealCPP/Content/ThirdPersonCPP/Blueprints/DeerAnim/A_DeerBlendSpace.uasset" 766
"D:/GitHub/Unreal_CPP/UnrealCPP/Content/ThirdPersonCPP/Blueprints/DeerAnim/ABP_Deer.uasset" 767
"D:/GitHub/Unreal_CPP/UnrealCPP/Content/AnimalVarietyPack/DeerStagAndDoe/Textures/T_DeeDoe_BaseColor.uasset" 768
"D:/GitHub/Unreal_CPP/UnrealCPP/Content/AnimalVarietyPack/DeerStagAndDoe/Textures/T_DeeDoe_Nml.uasset" 769
"D:/GitHub/Unreal_CPP/UnrealCPP/Content/AnimalVarietyPack/DeerStagAndDoe/Textures/T_DeerDoe_OcclusionRoughnessMetallic.uasset" 770
"D:/GitHub/Unreal_CPP/UnrealCPP/Content/AnimalVarietyPack/DeerStagAndDoe/Textures/T_Stag_Specular.uasset" 771
"D:/GitHub/Unreal_CPP/UnrealCPP/Content/AnimalVarietyPack/DeerStagAndDoe/Materials/M_DeerDoe.uasset" 772
"D:/GitHub/Unreal_CPP/UnrealCPP/Content/AnimalVarietyPack/DeerStagAndDoe/Materials/M_DeerDoeFur.uasset" 773
"D:/GitHub/Unreal_CPP/UnrealCPP/Content/AnimalVarietyPack/DeerStagAndDoe/Meshes/SK_DeerDoe_PhysicsAsset.uasset" 774
"D:/GitHub/Unreal_CPP/UnrealCPP/Content/AnimalVarietyPack/DeerStagAndDoe/Meshes/SK_DeerDoe.uasset" 775
"D:/GitHub/Unreal_CPP/UnrealCPP/Content/ThirdPersonCPP/Blueprints/DeerCharacter.uasset" 776
"D:/GitHub/Unreal_CPP/UnrealCPP/Content/DataTables/AIDialogue.uasset" 777
"D:/GitHub/Unreal_CPP/UnrealCPP/Content/DataTables/PlayerDialogue.uasset" 778
"D:/GitHub/Unreal_CPP/UnrealCPP/Content/ThirdPersonCPP/Blueprints/NPCDialogue.uasset" 779
"D:/GitHub/Unreal_CPP/UnrealCPP/Content/BlobMaterial/M_Raymarchingblob.uasset" 780
"D:/GitHub/Unreal_CPP/UnrealCPP/Content/BlobMaterial/M_Raymarchingblob_Inst.uasset" 781
"D:/GitHub/Unreal_CPP/UnrealCPP/Content/BlobMaterial/M_Raymarchingblob_Inst1.uasset" 782
"D:/GitHub/Unreal_CPP/UnrealCPP/Content/ThirdPersonCPP/Blueprints/SlimeMesh/SlimeBody.uasset" 783
"D:/GitHub/Unreal_CPP/UnrealCPP/Content/ThirdPersonCPP/Blueprints/Slime_Skeleton.uasset" 784
"D:/GitHub/Unreal_CPP/UnrealCPP/Content/ThirdPersonCPP/Blueprints/SlimeMesh/Slime_PhysicsAsset.uasset" 785
"D:/GitHub/Unreal_CPP/UnrealCPP/Content/ThirdPersonCPP/Blueprints/SlimeMesh/Slime.uasset" 786
"D:/GitHub/Unreal_CPP/UnrealCPP/Content/ThirdPersonCPP/Blueprints/SlimeCharacter.uasset" 787
"../../../Engine/Content/EngineSky/C_Sky_Cloud_Color.uasset" 788
"../../../Engine/Content/EngineSky/C_Sky_Horizon_Color.uasset" 789
"../../../Engine/Content/EngineSky/C_Sky_Zenith_Color.uasset" 790
"../../../Engine/Content/EngineSky/T_Sky_Blue.uasset" 791
"../../../Engine/Content/EngineSky/T_Sky_Clouds_M.uasset" 792
"../../../Engine/Content/EngineSky/T_Sky_Stars.uasset" 793
"../../../Engine/Content/EngineSky/M_Sky_Panning_Clouds2.uasset" 794
"../../../Engine/Content/EngineSky/SM_SkySphere.uasset" 795
"../../../Engine/Content/EngineSky/BP_Sky_Sphere.uasset" 796
"D:/GitHub/Unreal_CPP/UnrealCPP/Content/MenuAssets/1080normal.uasset" 797
"D:/GitHub/Unreal_CPP/UnrealCPP/Content/MenuAssets/640Normal.uasset" 798
"D:/GitHub/Unreal_CPP/UnrealCPP/Content/MenuAssets/720Normal.uasset" 799
"D:/GitHub/Unreal_CPP/UnrealCPP/Content/MenuAssets/MainMenuNormal.uasset" 800
"D:/GitHub/Unreal_CPP/UnrealCPP/Content/MenuAssets/OptionsNormal.uasset" 801
"D:/GitHub/Unreal_CPP/UnrealCPP/Content/MenuAssets/QuitGameNormal.uasset" 802
"D:/GitHub/Unreal_CPP/UnrealCPP/Content/MenuAssets/StartGameNormal.uasset" 803
"D:/GitHub/Unreal_CPP/UnrealCPP/Content/ThirdPersonCPP/Blueprints/UI/MainMenuViewport.uasset" 804
"D:/GitHub/Unreal_CPP/UnrealCPP/Content/ThirdPersonCPP/Blueprints/UI/MainMenuHUD.uasset" 805
"D:/GitHub/Unreal_CPP/UnrealCPP/Content/ThirdPersonCPP/Blueprints/UI/MainMenuGameMode.uasset" 806
"D:/GitHub/Unreal_CPP/UnrealCPP/Content/Geometry/Meshes/CubeMaterial.uasset" 807
"../../../Engine/Content/BasicShapes/Sphere.uasset" 808
"D:/GitHub/Unreal_CPP/UnrealCPP/Content/Geometry/Meshes/1M_Cube.uasset" 809
"D:/GitHub/Unreal_CPP/UnrealCPP/Content/Geometry/Meshes/1M_Cube_Chamfer.uasset" 810
"D:/GitHub/Unreal_CPP/UnrealCPP/Content/Geometry/Meshes/TemplateFloor.uasset" 811
"D:/GitHub/Unreal_CPP/UnrealCPP/Content/ThirdPerson/Meshes/RampMaterial.uasset" 812
"D:/GitHub/Unreal_CPP/UnrealCPP/Content/ThirdPerson/Meshes/Bump_StaticMesh.uasset" 813
"D:/GitHub/Unreal_CPP/UnrealCPP/Content/ThirdPerson/Meshes/LeftArm_StaticMesh.uasset" 814
"D:/GitHub/Unreal_CPP/UnrealCPP/Content/ThirdPerson/Meshes/Linear_Stair_StaticMesh.uasset" 815
"D:/GitHub/Unreal_CPP/UnrealCPP/Content/ThirdPerson/Meshes/Ramp_StaticMesh.uasset" 816
"D:/GitHub/Unreal_CPP/UnrealCPP/Content/ThirdPerson/Meshes/RightArm_StaticMesh.uasset" 817
"D:/GitHub/Unreal_CPP/UnrealCPP/Content/ThirdPersonCPP/Maps/ThirdPersonExampleMap.umap" 818
"D:/GitHub/Unreal_CPP/UnrealCPP/Content/MyMaps/GameStartLevel.umap" 819
